[2019-11-19 1:07:34.800538] [info] Connecting to database...
[2019-11-19 1:07:34.808074] [info] Getting Collection processes...
[2019-11-19 1:07:34.829312] [debug] Inserting new record...
[2019-11-19 1:07:34.840214] [info] New record inserted with ID: 5dd386a67926ef7b71025ba2
[2019-11-19 1:07:34.840442] [info] Loading certificate content...
[2019-11-19 1:07:34.850892] [debug] Certificate content loaded!
[2019-11-19 1:07:34.864069] [debug] Xero config loaded!
[2019-11-19 1:07:36.091389] [info] Xero data retrieved!
[2019-11-19 1:07:36.095259] [debug] Received data count: 45
[2019-11-19 1:07:36.095459] [info] Connecting to database...
[2019-11-19 1:07:36.095643] [info] Getting Collection processes...
[2019-11-19 1:07:36.095818] [debug] Updating record 5dd386a67926ef7b71025ba2
[2019-11-19 1:07:36.132301] [info] Updating result count: 1
[2019-11-19 1:07:36.132728] [info] Connecting to database...
[2019-11-19 1:07:36.132924] [info] Getting Collection vendors...
[2019-11-19 1:07:36.133089] [info] Inserting/Updating 45 records...
[2019-11-19 1:07:36.172441] [info] Connecting to database...
[2019-11-19 1:07:36.172703] [info] Getting Collection processes...
[2019-11-19 1:07:36.172879] [debug] Updating record 5dd386a67926ef7b71025ba2
[2019-11-19 1:07:36.173794] [info] Updating result count: 1
[2019-11-19 1:07:36.174093] [info] Loading certificate content...
[2019-11-19 1:07:36.174360] [debug] Certificate content loaded!
[2019-11-19 1:07:36.174525] [debug] Xero config loaded!
[2019-11-19 1:07:36.642417] [info] Xero data retrieved!
[2019-11-19 1:07:36.644103] [debug] Received data count: 58
[2019-11-19 1:07:36.644304] [info] Connecting to database...
[2019-11-19 1:07:36.644483] [info] Getting Collection processes...
[2019-11-19 1:07:36.644646] [debug] Updating record 5dd386a67926ef7b71025ba2
[2019-11-19 1:07:36.646598] [info] Updating result count: 1
[2019-11-19 1:07:36.647051] [info] Connecting to database...
[2019-11-19 1:07:36.647242] [info] Getting Collection accounts...
[2019-11-19 1:07:36.647404] [info] Inserting/Updating 58 records...
[2019-11-19 1:07:36.698935] [info] Connecting to database...
[2019-11-19 1:07:36.699168] [info] Getting Collection processes...
[2019-11-19 1:07:36.699345] [debug] Updating record 5dd386a67926ef7b71025ba2
[2019-11-19 1:07:36.700282] [info] Updating result count: 1
[2019-11-19 1:07:36.700535] [info] Connecting to database...
[2019-11-19 1:07:36.700701] [info] Getting Collection processes...
[2019-11-19 1:07:36.700860] [debug] Updating record 5dd386a67926ef7b71025ba2
[2019-11-19 1:07:36.701777] [info] Updating result count: 1
