[2019-11-20 9:12:59.273296] [info] Connecting to database...
[2019-11-20 9:12:59.273431] [info] Getting Collection processes...
[2019-11-20 9:12:59.273530] [debug] Finding...
[2019-11-20 9:12:59.289767] [info] Connecting to database...
[2019-11-20 9:12:59.289901] [info] Getting Collection processes...
[2019-11-20 9:12:59.289999] [debug] Finding...
[2019-11-20 9:13:12.956115] [info] Connecting to database...
[2019-11-20 9:13:12.956298] [info] Getting Collection processes...
[2019-11-20 9:13:12.956444] [debug] Inserting new record...
[2019-11-20 9:13:12.957106] [info] New record inserted with ID: 5dd549f87926ef651d2d7694
[2019-11-20 9:13:12.957217] [info] Loading certificate content...
[2019-11-20 9:13:12.957329] [debug] Certificate content loaded!
[2019-11-20 9:13:12.957495] [debug] Xero config loaded!
[2019-11-20 9:13:13.927602] [info] Xero data retrieved!
[2019-11-20 9:13:13.930849] [debug] Received data count: 45
[2019-11-20 9:13:13.931103] [info] Connecting to database...
[2019-11-20 9:13:13.931288] [info] Getting Collection processes...
[2019-11-20 9:13:13.931459] [debug] Updating record 5dd549f87926ef651d2d7694
[2019-11-20 9:13:13.934186] [info] Updating result count: 1
[2019-11-20 9:13:13.934662] [info] Connecting to database...
[2019-11-20 9:13:13.935072] [info] Getting Collection vendors...
[2019-11-20 9:13:13.935376] [info] Inserting/Updating 45 records...
[2019-11-20 9:13:13.984220] [info] Connecting to database...
[2019-11-20 9:13:13.984503] [info] Getting Collection processes...
[2019-11-20 9:13:13.984685] [debug] Updating record 5dd549f87926ef651d2d7694
[2019-11-20 9:13:13.986085] [info] Updating result count: 1
[2019-11-20 9:13:13.986686] [info] Loading certificate content...
[2019-11-20 9:13:13.987097] [debug] Certificate content loaded!
[2019-11-20 9:13:13.987374] [debug] Xero config loaded!
[2019-11-20 9:13:14.536134] [info] Xero data retrieved!
[2019-11-20 9:13:14.537796] [debug] Received data count: 58
[2019-11-20 9:13:14.538021] [info] Connecting to database...
[2019-11-20 9:13:14.538204] [info] Getting Collection processes...
[2019-11-20 9:13:14.538373] [debug] Updating record 5dd549f87926ef651d2d7694
[2019-11-20 9:13:14.540901] [info] Updating result count: 1
[2019-11-20 9:13:14.541310] [info] Connecting to database...
[2019-11-20 9:13:14.541496] [info] Getting Collection accounts...
[2019-11-20 9:13:14.541662] [info] Inserting/Updating 58 records...
[2019-11-20 9:13:14.611998] [info] Connecting to database...
[2019-11-20 9:13:14.612291] [info] Getting Collection processes...
[2019-11-20 9:13:14.612481] [debug] Updating record 5dd549f87926ef651d2d7694
[2019-11-20 9:13:14.613713] [info] Updating result count: 1
[2019-11-20 9:13:14.613993] [info] Connecting to database...
[2019-11-20 9:13:14.614176] [info] Getting Collection processes...
[2019-11-20 9:13:14.614351] [debug] Updating record 5dd549f87926ef651d2d7694
[2019-11-20 9:13:14.615624] [info] Updating result count: 1
[2019-11-20 9:13:22.557842] [info] Connecting to database...
[2019-11-20 9:13:22.557991] [info] Getting Collection accounts...
[2019-11-20 9:13:22.558094] [debug] Finding...
[2019-11-20 9:13:22.571197] [info] Connecting to database...
[2019-11-20 9:13:22.571320] [info] Getting Collection vendors...
[2019-11-20 9:13:22.571410] [debug] Finding...
[2019-11-20 9:13:29.177958] [info] Connecting to database...
[2019-11-20 9:13:29.178134] [info] Getting Collection processes...
[2019-11-20 9:13:29.178239] [debug] Finding...
[2019-11-20 9:13:29.192464] [info] Connecting to database...
[2019-11-20 9:13:29.192583] [info] Getting Collection processes...
[2019-11-20 9:13:29.192672] [debug] Finding...
[2019-11-20 9:14:44.306942] [info] Connecting to database...
[2019-11-20 9:14:44.307076] [info] Getting Collection processes...
[2019-11-20 9:14:44.307178] [debug] Finding...
[2019-11-20 9:14:44.322424] [info] Connecting to database...
[2019-11-20 9:14:44.322662] [info] Getting Collection processes...
[2019-11-20 9:14:44.322875] [debug] Finding...
[2019-11-20 9:14:48.717416] [info] Connecting to database...
[2019-11-20 9:14:48.717753] [info] Getting Collection processes...
[2019-11-20 9:14:48.718065] [debug] Inserting new record...
[2019-11-20 9:14:48.719371] [info] New record inserted with ID: 5dd54a587926ef651d2d7695
[2019-11-20 9:14:48.719613] [info] Loading certificate content...
[2019-11-20 9:14:48.719855] [debug] Certificate content loaded!
[2019-11-20 9:14:48.720253] [debug] Xero config loaded!
[2019-11-20 9:14:49.572700] [info] Xero data retrieved!
[2019-11-20 9:14:49.577570] [debug] Received data count: 45
[2019-11-20 9:14:49.577817] [info] Connecting to database...
[2019-11-20 9:14:49.578119] [info] Getting Collection processes...
[2019-11-20 9:14:49.578421] [debug] Updating record 5dd54a587926ef651d2d7695
[2019-11-20 9:14:49.581945] [info] Updating result count: 1
[2019-11-20 9:14:49.583123] [info] Connecting to database...
[2019-11-20 9:14:49.583431] [info] Getting Collection vendors...
[2019-11-20 9:14:49.583734] [info] Inserting/Updating 45 records...
[2019-11-20 9:14:49.628763] [info] Connecting to database...
[2019-11-20 9:14:49.629097] [info] Getting Collection processes...
[2019-11-20 9:14:49.629285] [debug] Updating record 5dd54a587926ef651d2d7695
[2019-11-20 9:14:49.630619] [info] Updating result count: 1
[2019-11-20 9:14:49.630975] [info] Loading certificate content...
[2019-11-20 9:14:49.631277] [debug] Certificate content loaded!
[2019-11-20 9:14:49.631489] [debug] Xero config loaded!
[2019-11-20 9:14:50.179884] [info] Xero data retrieved!
[2019-11-20 9:14:50.181487] [debug] Received data count: 58
[2019-11-20 9:14:50.181694] [info] Connecting to database...
[2019-11-20 9:14:50.181874] [info] Getting Collection processes...
[2019-11-20 9:14:50.182051] [debug] Updating record 5dd54a587926ef651d2d7695
[2019-11-20 9:14:50.184535] [info] Updating result count: 1
[2019-11-20 9:14:50.184941] [info] Connecting to database...
[2019-11-20 9:14:50.185127] [info] Getting Collection accounts...
[2019-11-20 9:14:50.185295] [info] Inserting/Updating 58 records...
[2019-11-20 9:14:50.251542] [info] Connecting to database...
[2019-11-20 9:14:50.251846] [info] Getting Collection processes...
[2019-11-20 9:14:50.252032] [debug] Updating record 5dd54a587926ef651d2d7695
[2019-11-20 9:14:50.253125] [info] Updating result count: 1
[2019-11-20 9:14:50.253381] [info] Connecting to database...
[2019-11-20 9:14:50.253551] [info] Getting Collection processes...
[2019-11-20 9:14:50.253716] [debug] Updating record 5dd54a587926ef651d2d7695
[2019-11-20 9:14:50.254767] [info] Updating result count: 1
[2019-11-20 9:14:50.271574] [info] Connecting to database...
[2019-11-20 9:14:50.271883] [info] Getting Collection processes...
[2019-11-20 9:14:50.272134] [debug] Finding...
[2019-11-20 9:14:55.658715] [info] Connecting to database...
[2019-11-20 9:14:55.659147] [info] Getting Collection processes...
[2019-11-20 9:14:55.659981] [debug] Finding...
[2019-11-20 9:15:00.717164] [info] Connecting to database...
[2019-11-20 9:15:00.717308] [info] Getting Collection processes...
[2019-11-20 9:15:00.717418] [debug] Finding...
[2019-11-20 9:15:05.509886] [info] Connecting to database...
[2019-11-20 9:15:05.510016] [info] Getting Collection accounts...
[2019-11-20 9:15:05.510117] [debug] Finding...
[2019-11-20 9:15:05.525321] [info] Connecting to database...
[2019-11-20 9:15:05.525440] [info] Getting Collection vendors...
[2019-11-20 9:15:05.525531] [debug] Finding...
[2019-11-20 9:15:06.269886] [info] Connecting to database...
[2019-11-20 9:15:06.270253] [info] Getting Collection processes...
[2019-11-20 9:15:06.270684] [debug] Finding...
[2019-11-20 9:15:11.227533] [info] Connecting to database...
[2019-11-20 9:15:11.227864] [info] Getting Collection processes...
[2019-11-20 9:15:11.228141] [debug] Finding...
[2019-11-20 9:15:16.285655] [info] Connecting to database...
[2019-11-20 9:15:16.285984] [info] Getting Collection processes...
[2019-11-20 9:15:16.286252] [debug] Finding...
[2019-11-20 9:15:21.353564] [info] Connecting to database...
[2019-11-20 9:15:21.354046] [info] Getting Collection processes...
[2019-11-20 9:15:21.355011] [debug] Finding...
[2019-11-20 9:15:26.417260] [info] Connecting to database...
[2019-11-20 9:15:26.417721] [info] Getting Collection processes...
[2019-11-20 9:15:26.418499] [debug] Finding...
[2019-11-20 9:15:31.470968] [info] Connecting to database...
[2019-11-20 9:15:31.471337] [info] Getting Collection processes...
[2019-11-20 9:15:31.471610] [debug] Finding...
[2019-11-20 9:15:36.519104] [info] Connecting to database...
[2019-11-20 9:15:36.519429] [info] Getting Collection processes...
[2019-11-20 9:15:36.519705] [debug] Finding...
[2019-11-20 9:15:41.571116] [info] Connecting to database...
[2019-11-20 9:15:41.571460] [info] Getting Collection processes...
[2019-11-20 9:15:41.571738] [debug] Finding...
[2019-11-20 9:15:46.620189] [info] Connecting to database...
[2019-11-20 9:15:46.620548] [info] Getting Collection processes...
[2019-11-20 9:15:46.620982] [debug] Finding...
[2019-11-20 9:15:51.669625] [info] Connecting to database...
[2019-11-20 9:15:51.669998] [info] Getting Collection processes...
[2019-11-20 9:15:51.670490] [debug] Finding...
[2019-11-20 9:15:56.718341] [info] Connecting to database...
[2019-11-20 9:15:56.718668] [info] Getting Collection processes...
[2019-11-20 9:15:56.718970] [debug] Finding...
[2019-11-20 9:16:01.768994] [info] Connecting to database...
[2019-11-20 9:16:01.769323] [info] Getting Collection processes...
[2019-11-20 9:16:01.769594] [debug] Finding...
[2019-11-20 9:16:06.870465] [info] Connecting to database...
[2019-11-20 9:16:06.870801] [info] Getting Collection processes...
[2019-11-20 9:16:06.871114] [debug] Finding...
[2019-11-20 9:16:11.951261] [info] Connecting to database...
[2019-11-20 9:16:11.951597] [info] Getting Collection processes...
[2019-11-20 9:16:11.951872] [debug] Finding...
[2019-11-20 9:16:17.021605] [info] Connecting to database...
[2019-11-20 9:16:17.021935] [info] Getting Collection processes...
[2019-11-20 9:16:17.022214] [debug] Finding...
[2019-11-20 9:16:22.089518] [info] Connecting to database...
[2019-11-20 9:16:22.089854] [info] Getting Collection processes...
[2019-11-20 9:16:22.090128] [debug] Finding...
[2019-11-20 9:16:27.128243] [info] Connecting to database...
[2019-11-20 9:16:27.128371] [info] Getting Collection processes...
[2019-11-20 9:16:27.128468] [debug] Finding...
[2019-11-20 9:16:32.181668] [info] Connecting to database...
[2019-11-20 9:16:32.182209] [info] Getting Collection processes...
[2019-11-20 9:16:32.182651] [debug] Finding...
[2019-11-20 9:16:37.253725] [info] Connecting to database...
[2019-11-20 9:16:37.254050] [info] Getting Collection processes...
[2019-11-20 9:16:37.254324] [debug] Finding...
[2019-11-20 9:16:42.305058] [info] Connecting to database...
[2019-11-20 9:16:42.305389] [info] Getting Collection processes...
[2019-11-20 9:16:42.305665] [debug] Finding...
[2019-11-20 9:16:47.345789] [info] Connecting to database...
[2019-11-20 9:16:47.346025] [info] Getting Collection processes...
[2019-11-20 9:16:47.346223] [debug] Finding...
[2019-11-20 9:16:52.518381] [info] Connecting to database...
[2019-11-20 9:16:52.518513] [info] Getting Collection processes...
[2019-11-20 9:16:52.518615] [debug] Finding...
[2019-11-20 9:16:52.528150] [info] Connecting to database...
[2019-11-20 9:16:52.528270] [info] Getting Collection processes...
[2019-11-20 9:16:52.528362] [debug] Finding...
[2019-11-20 9:16:56.214420] [info] Connecting to database...
[2019-11-20 9:16:56.214766] [info] Getting Collection processes...
[2019-11-20 9:16:56.215234] [debug] Inserting new record...
[2019-11-20 9:16:56.217176] [info] New record inserted with ID: 5dd54ad87926ef651d2d7696
[2019-11-20 9:16:56.217489] [info] Loading certificate content...
[2019-11-20 9:16:56.217727] [debug] Certificate content loaded!
[2019-11-20 9:16:56.218172] [debug] Xero config loaded!
[2019-11-20 9:16:57.524060] [info] Xero data retrieved!
[2019-11-20 9:16:57.527803] [debug] Received data count: 45
[2019-11-20 9:16:57.528058] [info] Connecting to database...
[2019-11-20 9:16:57.528245] [info] Getting Collection processes...
[2019-11-20 9:16:57.528419] [debug] Updating record 5dd54ad87926ef651d2d7696
[2019-11-20 9:16:57.531655] [info] Updating result count: 1
[2019-11-20 9:16:57.532083] [info] Connecting to database...
[2019-11-20 9:16:57.532279] [info] Getting Collection vendors...
[2019-11-20 9:16:57.532449] [info] Inserting/Updating 45 records...
[2019-11-20 9:16:57.585524] [info] Connecting to database...
[2019-11-20 9:16:57.585814] [info] Getting Collection processes...
[2019-11-20 9:16:57.585995] [debug] Updating record 5dd54ad87926ef651d2d7696
[2019-11-20 9:16:57.587382] [info] Updating result count: 1
[2019-11-20 9:16:57.587692] [info] Loading certificate content...
[2019-11-20 9:16:57.588028] [debug] Certificate content loaded!
[2019-11-20 9:16:57.588198] [debug] Xero config loaded!
[2019-11-20 9:16:58.184364] [info] Xero data retrieved!
[2019-11-20 9:16:58.185990] [debug] Received data count: 58
[2019-11-20 9:16:58.186208] [info] Connecting to database...
[2019-11-20 9:16:58.186395] [info] Getting Collection processes...
[2019-11-20 9:16:58.186568] [debug] Updating record 5dd54ad87926ef651d2d7696
[2019-11-20 9:16:58.189143] [info] Updating result count: 1
[2019-11-20 9:16:58.189582] [info] Connecting to database...
[2019-11-20 9:16:58.189770] [info] Getting Collection accounts...
[2019-11-20 9:16:58.189940] [info] Inserting/Updating 58 records...
[2019-11-20 9:16:58.258668] [info] Connecting to database...
[2019-11-20 9:16:58.259021] [info] Getting Collection processes...
[2019-11-20 9:16:58.259222] [debug] Updating record 5dd54ad87926ef651d2d7696
[2019-11-20 9:16:58.260473] [info] Updating result count: 1
[2019-11-20 9:16:58.260744] [info] Connecting to database...
[2019-11-20 9:16:58.260922] [info] Getting Collection processes...
[2019-11-20 9:16:58.261090] [debug] Updating record 5dd54ad87926ef651d2d7696
[2019-11-20 9:16:58.262475] [info] Updating result count: 1
[2019-11-20 9:16:58.276685] [info] Connecting to database...
[2019-11-20 9:16:58.276997] [info] Getting Collection processes...
[2019-11-20 9:16:58.277249] [debug] Finding...
[2019-11-20 9:17:03.477180] [info] Connecting to database...
[2019-11-20 9:17:03.477672] [info] Getting Collection processes...
[2019-11-20 9:17:03.478612] [debug] Finding...
[2019-11-20 9:17:08.552398] [info] Connecting to database...
[2019-11-20 9:17:08.552782] [info] Getting Collection processes...
[2019-11-20 9:17:08.553575] [debug] Finding...
[2019-11-20 9:17:13.636507] [info] Connecting to database...
[2019-11-20 9:17:13.636836] [info] Getting Collection processes...
[2019-11-20 9:17:13.637105] [debug] Finding...
[2019-11-20 9:17:18.703274] [info] Connecting to database...
[2019-11-20 9:17:18.703603] [info] Getting Collection processes...
[2019-11-20 9:17:18.703876] [debug] Finding...
[2019-11-20 9:17:23.782391] [info] Connecting to database...
[2019-11-20 9:17:23.782728] [info] Getting Collection processes...
[2019-11-20 9:17:23.783063] [debug] Finding...
[2019-11-20 9:17:24.412086] [info] Connecting to database...
[2019-11-20 9:17:24.412213] [info] Getting Collection accounts...
[2019-11-20 9:17:24.412307] [debug] Finding...
[2019-11-20 9:17:24.425043] [info] Connecting to database...
[2019-11-20 9:17:24.425163] [info] Getting Collection vendors...
[2019-11-20 9:17:24.425256] [debug] Finding...
[2019-11-20 9:17:25.557281] [info] Connecting to database...
[2019-11-20 9:17:25.557499] [info] Getting Collection processes...
[2019-11-20 9:17:25.557670] [debug] Finding...
[2019-11-20 9:17:30.520935] [info] Connecting to database...
[2019-11-20 9:17:30.521271] [info] Getting Collection processes...
[2019-11-20 9:17:30.521545] [debug] Finding...
[2019-11-20 9:17:34.615732] [info] Connecting to database...
[2019-11-20 9:17:34.616462] [info] Getting Collection processes...
[2019-11-20 9:17:34.616818] [debug] Finding...
[2019-11-20 9:17:39.598478] [info] Connecting to database...
[2019-11-20 9:17:39.598812] [info] Getting Collection processes...
[2019-11-20 9:17:39.599153] [debug] Finding...
[2019-11-20 9:17:44.662168] [info] Connecting to database...
[2019-11-20 9:17:44.662564] [info] Getting Collection processes...
[2019-11-20 9:17:44.662863] [debug] Finding...
[2019-11-20 9:17:49.719940] [info] Connecting to database...
[2019-11-20 9:17:49.720292] [info] Getting Collection processes...
[2019-11-20 9:17:49.720563] [debug] Finding...
[2019-11-20 9:17:54.784712] [info] Connecting to database...
[2019-11-20 9:17:54.785037] [info] Getting Collection processes...
[2019-11-20 9:17:54.785311] [debug] Finding...
[2019-11-20 9:17:59.838396] [info] Connecting to database...
[2019-11-20 9:17:59.838721] [info] Getting Collection processes...
[2019-11-20 9:17:59.839016] [debug] Finding...
[2019-11-20 9:18:04.883892] [info] Connecting to database...
[2019-11-20 9:18:04.884222] [info] Getting Collection processes...
[2019-11-20 9:18:04.884493] [debug] Finding...
[2019-11-20 9:18:09.931382] [info] Connecting to database...
[2019-11-20 9:18:09.931710] [info] Getting Collection processes...
[2019-11-20 9:18:09.931977] [debug] Finding...
[2019-11-20 9:18:14.984677] [info] Connecting to database...
[2019-11-20 9:18:14.985014] [info] Getting Collection processes...
[2019-11-20 9:18:14.986236] [debug] Finding...
[2019-11-20 9:18:20.072093] [info] Connecting to database...
[2019-11-20 9:18:20.072432] [info] Getting Collection processes...
[2019-11-20 9:18:20.072731] [debug] Finding...
[2019-11-20 9:18:25.153749] [info] Connecting to database...
[2019-11-20 9:18:25.154083] [info] Getting Collection processes...
[2019-11-20 9:18:25.154356] [debug] Finding...
[2019-11-20 9:18:30.198159] [info] Connecting to database...
[2019-11-20 9:18:30.198288] [info] Getting Collection processes...
[2019-11-20 9:18:30.198386] [debug] Finding...
[2019-11-20 9:18:35.246987] [info] Connecting to database...
[2019-11-20 9:18:35.247323] [info] Getting Collection processes...
[2019-11-20 9:18:35.247591] [debug] Finding...
[2019-11-20 9:18:40.281048] [info] Connecting to database...
[2019-11-20 9:18:40.281177] [info] Getting Collection processes...
[2019-11-20 9:18:40.281282] [debug] Finding...
[2019-11-20 9:18:45.328675] [info] Connecting to database...
[2019-11-20 9:18:45.329008] [info] Getting Collection processes...
[2019-11-20 9:18:45.329281] [debug] Finding...
[2019-11-20 9:18:50.360937] [info] Connecting to database...
[2019-11-20 9:18:50.361134] [info] Getting Collection processes...
[2019-11-20 9:18:50.361299] [debug] Finding...
[2019-11-20 9:18:55.381560] [info] Connecting to database...
[2019-11-20 9:18:55.381696] [info] Getting Collection processes...
[2019-11-20 9:18:55.381799] [debug] Finding...
[2019-11-20 9:19:00.420773] [info] Connecting to database...
[2019-11-20 9:19:00.421106] [info] Getting Collection processes...
[2019-11-20 9:19:00.421377] [debug] Finding...
[2019-11-20 9:19:05.451469] [info] Connecting to database...
[2019-11-20 9:19:05.451598] [info] Getting Collection processes...
[2019-11-20 9:19:05.451699] [debug] Finding...
[2019-11-20 9:19:10.492398] [info] Connecting to database...
[2019-11-20 9:19:10.492726] [info] Getting Collection processes...
[2019-11-20 9:19:10.493001] [debug] Finding...
[2019-11-20 9:19:15.546214] [info] Connecting to database...
[2019-11-20 9:19:15.546546] [info] Getting Collection processes...
[2019-11-20 9:19:15.546823] [debug] Finding...
[2019-11-20 9:19:20.615115] [info] Connecting to database...
[2019-11-20 9:19:20.615456] [info] Getting Collection processes...
[2019-11-20 9:19:20.615734] [debug] Finding...
[2019-11-20 9:19:25.682182] [info] Connecting to database...
[2019-11-20 9:19:25.682509] [info] Getting Collection processes...
[2019-11-20 9:19:25.682781] [debug] Finding...
[2019-11-20 9:19:30.765173] [info] Connecting to database...
[2019-11-20 9:19:30.765506] [info] Getting Collection processes...
[2019-11-20 9:19:30.765779] [debug] Finding...
[2019-11-20 9:19:35.839955] [info] Connecting to database...
[2019-11-20 9:19:35.840347] [info] Getting Collection processes...
[2019-11-20 9:19:35.840677] [debug] Finding...
[2019-11-20 9:19:40.900839] [info] Connecting to database...
[2019-11-20 9:19:40.901161] [info] Getting Collection processes...
[2019-11-20 9:19:40.901434] [debug] Finding...
[2019-11-20 9:19:45.966034] [info] Connecting to database...
[2019-11-20 9:19:45.966376] [info] Getting Collection processes...
[2019-11-20 9:19:45.966681] [debug] Finding...
[2019-11-20 9:19:51.022419] [info] Connecting to database...
[2019-11-20 9:19:51.022739] [info] Getting Collection processes...
[2019-11-20 9:19:51.023078] [debug] Finding...
[2019-11-20 9:19:56.083115] [info] Connecting to database...
[2019-11-20 9:19:56.083479] [info] Getting Collection processes...
[2019-11-20 9:19:56.083758] [debug] Finding...
[2019-11-20 9:20:01.149336] [info] Connecting to database...
[2019-11-20 9:20:01.149698] [info] Getting Collection processes...
[2019-11-20 9:20:01.150125] [debug] Finding...
[2019-11-20 9:20:06.181333] [info] Connecting to database...
[2019-11-20 9:20:06.181472] [info] Getting Collection processes...
[2019-11-20 9:20:06.181621] [debug] Finding...
[2019-11-20 9:20:11.222420] [info] Connecting to database...
[2019-11-20 9:20:11.222750] [info] Getting Collection processes...
[2019-11-20 9:20:11.223047] [debug] Finding...
[2019-11-20 9:20:16.272835] [info] Connecting to database...
[2019-11-20 9:20:16.273173] [info] Getting Collection processes...
[2019-11-20 9:20:16.273447] [debug] Finding...
[2019-11-20 9:20:17.969445] [info] Connecting to database...
[2019-11-20 9:20:17.969571] [info] Getting Collection processes...
[2019-11-20 9:20:17.969664] [debug] Finding...
[2019-11-20 9:20:17.995697] [info] Connecting to database...
[2019-11-20 9:20:17.995831] [info] Getting Collection processes...
[2019-11-20 9:20:17.995923] [debug] Finding...
[2019-11-20 9:20:22.989018] [info] Connecting to database...
[2019-11-20 9:20:22.989346] [info] Getting Collection processes...
[2019-11-20 9:20:22.989619] [debug] Finding...
[2019-11-20 9:20:28.201076] [info] Connecting to database...
[2019-11-20 9:20:28.201406] [info] Getting Collection processes...
[2019-11-20 9:20:28.201684] [debug] Finding...
[2019-11-20 9:20:33.289900] [info] Connecting to database...
[2019-11-20 9:20:33.290380] [info] Getting Collection processes...
[2019-11-20 9:20:33.290819] [debug] Finding...
[2019-11-20 9:20:38.336219] [info] Connecting to database...
[2019-11-20 9:20:38.336347] [info] Getting Collection processes...
[2019-11-20 9:20:38.336443] [debug] Finding...
[2019-11-20 9:20:43.362747] [info] Connecting to database...
[2019-11-20 9:20:43.362936] [info] Getting Collection processes...
[2019-11-20 9:20:43.363724] [debug] Finding...
[2019-11-20 9:20:48.420267] [info] Connecting to database...
[2019-11-20 9:20:48.420607] [info] Getting Collection processes...
[2019-11-20 9:20:48.420880] [debug] Finding...
[2019-11-20 9:20:53.523106] [info] Connecting to database...
[2019-11-20 9:20:53.523443] [info] Getting Collection processes...
[2019-11-20 9:20:53.523729] [debug] Finding...
[2019-11-20 9:20:58.598098] [info] Connecting to database...
[2019-11-20 9:20:58.598721] [info] Getting Collection processes...
[2019-11-20 9:20:58.599427] [debug] Finding...
[2019-11-20 9:21:03.654515] [info] Connecting to database...
[2019-11-20 9:21:03.654851] [info] Getting Collection processes...
[2019-11-20 9:21:03.655153] [debug] Finding...
[2019-11-20 9:21:08.701673] [info] Connecting to database...
[2019-11-20 9:21:08.701996] [info] Getting Collection processes...
[2019-11-20 9:21:08.702270] [debug] Finding...
[2019-11-20 9:21:13.755909] [info] Connecting to database...
[2019-11-20 9:21:13.756422] [info] Getting Collection processes...
[2019-11-20 9:21:13.756881] [debug] Finding...
[2019-11-20 9:21:18.814543] [info] Connecting to database...
[2019-11-20 9:21:18.814884] [info] Getting Collection processes...
[2019-11-20 9:21:18.815200] [debug] Finding...
[2019-11-20 9:21:23.873723] [info] Connecting to database...
[2019-11-20 9:21:23.874058] [info] Getting Collection processes...
[2019-11-20 9:21:23.874336] [debug] Finding...
[2019-11-20 9:21:28.931442] [info] Connecting to database...
[2019-11-20 9:21:28.931813] [info] Getting Collection processes...
[2019-11-20 9:21:28.932368] [debug] Finding...
[2019-11-20 9:21:33.997998] [info] Connecting to database...
[2019-11-20 9:21:33.998392] [info] Getting Collection processes...
[2019-11-20 9:21:33.999314] [debug] Finding...
[2019-11-20 9:21:39.076427] [info] Connecting to database...
[2019-11-20 9:21:39.076778] [info] Getting Collection processes...
[2019-11-20 9:21:39.152374] [debug] Finding...
[2019-11-20 9:21:44.213082] [info] Connecting to database...
[2019-11-20 9:21:44.213414] [info] Getting Collection processes...
[2019-11-20 9:21:44.214714] [debug] Finding...
[2019-11-20 9:21:49.260040] [info] Connecting to database...
[2019-11-20 9:21:49.260164] [info] Getting Collection processes...
[2019-11-20 9:21:49.260260] [debug] Finding...
[2019-11-20 9:21:54.310609] [info] Connecting to database...
[2019-11-20 9:21:54.310976] [info] Getting Collection processes...
[2019-11-20 9:21:54.311280] [debug] Finding...
[2019-11-20 9:21:59.366261] [info] Connecting to database...
[2019-11-20 9:21:59.366586] [info] Getting Collection processes...
[2019-11-20 9:21:59.366856] [debug] Finding...
[2019-11-20 9:22:04.410805] [info] Connecting to database...
[2019-11-20 9:22:04.410981] [info] Getting Collection processes...
[2019-11-20 9:22:04.411082] [debug] Finding...
[2019-11-20 9:22:09.429608] [info] Connecting to database...
[2019-11-20 9:22:09.429739] [info] Getting Collection processes...
[2019-11-20 9:22:09.429838] [debug] Finding...
[2019-11-20 9:22:14.449892] [info] Connecting to database...
[2019-11-20 9:22:14.450021] [info] Getting Collection processes...
[2019-11-20 9:22:14.450118] [debug] Finding...
[2019-11-20 9:22:19.497210] [info] Connecting to database...
[2019-11-20 9:22:19.497697] [info] Getting Collection processes...
[2019-11-20 9:22:19.498155] [debug] Finding...
[2019-11-20 9:22:24.531510] [info] Connecting to database...
[2019-11-20 9:22:24.531637] [info] Getting Collection processes...
[2019-11-20 9:22:24.531733] [debug] Finding...
[2019-11-20 9:22:28.856914] [info] Connecting to database...
[2019-11-20 9:22:28.857064] [info] Getting Collection processes...
[2019-11-20 9:22:28.857213] [debug] Finding...
[2019-11-20 9:22:28.876241] [info] Connecting to database...
[2019-11-20 9:22:28.876472] [info] Getting Collection processes...
[2019-11-20 9:22:28.876679] [debug] Finding...
[2019-11-20 9:22:33.875015] [info] Connecting to database...
[2019-11-20 9:22:33.875351] [info] Getting Collection processes...
[2019-11-20 9:22:33.875626] [debug] Finding...
[2019-11-20 9:22:35.756925] [info] Connecting to database...
[2019-11-20 9:22:35.757047] [info] Getting Collection processes...
[2019-11-20 9:22:35.757138] [debug] Finding...
[2019-11-20 9:22:40.791722] [info] Connecting to database...
[2019-11-20 9:22:40.792196] [info] Getting Collection processes...
[2019-11-20 9:22:40.792706] [debug] Finding...
[2019-11-20 9:22:46.155477] [info] Connecting to database...
[2019-11-20 9:22:46.155816] [info] Getting Collection processes...
[2019-11-20 9:22:46.156090] [debug] Finding...
[2019-11-20 9:22:51.624773] [info] Connecting to database...
[2019-11-20 9:22:51.624893] [info] Getting Collection processes...
[2019-11-20 9:22:51.624989] [debug] Finding...
[2019-11-20 9:22:56.643219] [info] Connecting to database...
[2019-11-20 9:22:56.643563] [info] Getting Collection processes...
[2019-11-20 9:22:56.645271] [debug] Finding...
[2019-11-20 9:23:01.867804] [info] Connecting to database...
[2019-11-20 9:23:01.868129] [info] Getting Collection processes...
[2019-11-20 9:23:01.868400] [debug] Finding...
[2019-11-20 9:23:06.939930] [info] Connecting to database...
[2019-11-20 9:23:06.940264] [info] Getting Collection processes...
[2019-11-20 9:23:06.941214] [debug] Finding...
[2019-11-20 9:23:12.002003] [info] Connecting to database...
[2019-11-20 9:23:12.002343] [info] Getting Collection processes...
[2019-11-20 9:23:12.003074] [debug] Finding...
[2019-11-20 9:23:17.067635] [info] Connecting to database...
[2019-11-20 9:23:17.068021] [info] Getting Collection processes...
[2019-11-20 9:23:17.120603] [debug] Finding...
[2019-11-20 9:23:22.184824] [info] Connecting to database...
[2019-11-20 9:23:22.185161] [info] Getting Collection processes...
[2019-11-20 9:23:22.189614] [debug] Finding...
[2019-11-20 9:23:27.244350] [info] Connecting to database...
[2019-11-20 9:23:27.244688] [info] Getting Collection processes...
[2019-11-20 9:23:27.245609] [debug] Finding...
[2019-11-20 9:23:32.313550] [info] Connecting to database...
[2019-11-20 9:23:32.313927] [info] Getting Collection processes...
[2019-11-20 9:23:32.314384] [debug] Finding...
[2019-11-20 9:23:37.378326] [info] Connecting to database...
[2019-11-20 9:23:37.378654] [info] Getting Collection processes...
[2019-11-20 9:23:37.378947] [debug] Finding...
[2019-11-20 9:23:42.455307] [info] Connecting to database...
[2019-11-20 9:23:42.455682] [info] Getting Collection processes...
[2019-11-20 9:23:42.456135] [debug] Finding...
[2019-11-20 9:23:47.527623] [info] Connecting to database...
[2019-11-20 9:23:47.527947] [info] Getting Collection processes...
[2019-11-20 9:23:47.528218] [debug] Finding...
[2019-11-20 9:23:52.587124] [info] Connecting to database...
[2019-11-20 9:23:52.587483] [info] Getting Collection processes...
[2019-11-20 9:23:52.587922] [debug] Finding...
[2019-11-20 9:23:57.328124] [info] Connecting to database...
[2019-11-20 9:23:57.328286] [info] Getting Collection processes...
[2019-11-20 9:23:57.328413] [debug] Inserting new record...
[2019-11-20 9:23:57.329169] [info] New record inserted with ID: 5dd54c7d7926ef651d2d7697
[2019-11-20 9:23:57.329272] [info] Loading certificate content...
[2019-11-20 9:23:57.329370] [debug] Certificate content loaded!
[2019-11-20 9:23:57.329534] [debug] Xero config loaded!
[2019-11-20 9:23:58.345844] [info] Xero data retrieved!
[2019-11-20 9:23:58.350686] [debug] Received data count: 45
[2019-11-20 9:23:58.351097] [info] Connecting to database...
[2019-11-20 9:23:58.351398] [info] Getting Collection processes...
[2019-11-20 9:23:58.351684] [debug] Updating record 5dd54c7d7926ef651d2d7697
[2019-11-20 9:23:58.354847] [info] Updating result count: 1
[2019-11-20 9:23:58.355606] [info] Connecting to database...
[2019-11-20 9:23:58.356015] [info] Getting Collection vendors...
[2019-11-20 9:23:58.356374] [info] Inserting/Updating 45 records...
[2019-11-20 9:23:58.397754] [info] Connecting to database...
[2019-11-20 9:23:58.398034] [info] Getting Collection processes...
[2019-11-20 9:23:58.398297] [debug] Updating record 5dd54c7d7926ef651d2d7697
[2019-11-20 9:23:58.399507] [info] Updating result count: 1
[2019-11-20 9:23:58.399905] [info] Loading certificate content...
[2019-11-20 9:23:58.400176] [debug] Certificate content loaded!
[2019-11-20 9:23:58.400340] [debug] Xero config loaded!
[2019-11-20 9:23:58.847664] [info] Xero data retrieved!
[2019-11-20 9:23:58.849179] [debug] Received data count: 58
[2019-11-20 9:23:58.849383] [info] Connecting to database...
[2019-11-20 9:23:58.849564] [info] Getting Collection processes...
[2019-11-20 9:23:58.849734] [debug] Updating record 5dd54c7d7926ef651d2d7697
[2019-11-20 9:23:58.851999] [info] Updating result count: 1
[2019-11-20 9:23:58.852401] [info] Connecting to database...
[2019-11-20 9:23:58.852588] [info] Getting Collection accounts...
[2019-11-20 9:23:58.852754] [info] Inserting/Updating 58 records...
[2019-11-20 9:23:58.902563] [info] Connecting to database...
[2019-11-20 9:23:58.903060] [info] Getting Collection processes...
[2019-11-20 9:23:58.903358] [debug] Updating record 5dd54c7d7926ef651d2d7697
[2019-11-20 9:23:58.904441] [info] Updating result count: 1
[2019-11-20 9:23:58.904700] [info] Connecting to database...
[2019-11-20 9:23:58.904874] [info] Getting Collection processes...
[2019-11-20 9:23:58.905035] [debug] Updating record 5dd54c7d7926ef651d2d7697
[2019-11-20 9:23:58.906022] [info] Updating result count: 1
[2019-11-20 9:23:58.920797] [info] Connecting to database...
[2019-11-20 9:23:58.921118] [info] Getting Collection processes...
[2019-11-20 9:23:58.921369] [debug] Finding...
[2019-11-20 9:24:04.104762] [info] Connecting to database...
[2019-11-20 9:24:04.105083] [info] Getting Collection processes...
[2019-11-20 9:24:04.105432] [debug] Finding...
[2019-11-20 9:24:09.162502] [info] Connecting to database...
[2019-11-20 9:24:09.162955] [info] Getting Collection processes...
[2019-11-20 9:24:09.163412] [debug] Finding...
[2019-11-20 9:24:14.244549] [info] Connecting to database...
[2019-11-20 9:24:14.244941] [info] Getting Collection processes...
[2019-11-20 9:24:14.245402] [debug] Finding...
[2019-11-20 9:24:19.300894] [info] Connecting to database...
[2019-11-20 9:24:19.301244] [info] Getting Collection processes...
[2019-11-20 9:24:19.301541] [debug] Finding...
[2019-11-20 9:24:24.348512] [info] Connecting to database...
[2019-11-20 9:24:24.348889] [info] Getting Collection processes...
[2019-11-20 9:24:24.349345] [debug] Finding...
[2019-11-20 9:24:29.399101] [info] Connecting to database...
[2019-11-20 9:24:29.399465] [info] Getting Collection processes...
[2019-11-20 9:24:29.400808] [debug] Finding...
[2019-11-20 9:24:34.447313] [info] Connecting to database...
[2019-11-20 9:24:34.447648] [info] Getting Collection processes...
[2019-11-20 9:24:34.448416] [debug] Finding...
[2019-11-20 9:24:39.495568] [info] Connecting to database...
[2019-11-20 9:24:39.495904] [info] Getting Collection processes...
[2019-11-20 9:24:39.497208] [debug] Finding...
[2019-11-20 9:24:44.583106] [info] Connecting to database...
[2019-11-20 9:24:44.585967] [info] Getting Collection processes...
[2019-11-20 9:24:44.586510] [debug] Finding...
[2019-11-20 9:24:49.700118] [info] Connecting to database...
[2019-11-20 9:24:49.700448] [info] Getting Collection processes...
[2019-11-20 9:24:49.700722] [debug] Finding...
[2019-11-20 9:24:54.764441] [info] Connecting to database...
[2019-11-20 9:24:54.764779] [info] Getting Collection processes...
[2019-11-20 9:24:54.765058] [debug] Finding...
[2019-11-20 9:24:59.837157] [info] Connecting to database...
[2019-11-20 9:24:59.837493] [info] Getting Collection processes...
[2019-11-20 9:24:59.837785] [debug] Finding...
[2019-11-20 9:25:04.902833] [info] Connecting to database...
[2019-11-20 9:25:04.903207] [info] Getting Collection processes...
[2019-11-20 9:25:04.903480] [debug] Finding...
[2019-11-20 9:25:09.964240] [info] Connecting to database...
[2019-11-20 9:25:09.964565] [info] Getting Collection processes...
[2019-11-20 9:25:09.964835] [debug] Finding...
[2019-11-20 9:25:15.033472] [info] Connecting to database...
[2019-11-20 9:25:15.033808] [info] Getting Collection processes...
[2019-11-20 9:25:15.034086] [debug] Finding...
[2019-11-20 9:25:20.091840] [info] Connecting to database...
[2019-11-20 9:25:20.092328] [info] Getting Collection processes...
[2019-11-20 9:25:20.093919] [debug] Finding...
[2019-11-20 9:25:25.143848] [info] Connecting to database...
[2019-11-20 9:25:25.144340] [info] Getting Collection processes...
[2019-11-20 9:25:25.144618] [debug] Finding...
[2019-11-20 9:25:30.195112] [info] Connecting to database...
[2019-11-20 9:25:30.195437] [info] Getting Collection processes...
[2019-11-20 9:25:30.195713] [debug] Finding...
[2019-11-20 9:25:35.252274] [info] Connecting to database...
[2019-11-20 9:25:35.252610] [info] Getting Collection processes...
[2019-11-20 9:25:35.252890] [debug] Finding...
[2019-11-20 9:25:40.303464] [info] Connecting to database...
[2019-11-20 9:25:40.303793] [info] Getting Collection processes...
[2019-11-20 9:25:40.304069] [debug] Finding...
[2019-11-20 9:25:45.334636] [info] Connecting to database...
[2019-11-20 9:25:45.334803] [info] Getting Collection processes...
[2019-11-20 9:25:45.335021] [debug] Finding...
[2019-11-20 9:25:50.373522] [info] Connecting to database...
[2019-11-20 9:25:50.373851] [info] Getting Collection processes...
[2019-11-20 9:25:50.374125] [debug] Finding...
[2019-11-20 9:25:55.420084] [info] Connecting to database...
[2019-11-20 9:25:55.420465] [info] Getting Collection processes...
[2019-11-20 9:25:55.420933] [debug] Finding...
[2019-11-20 9:26:00.465565] [info] Connecting to database...
[2019-11-20 9:26:00.465941] [info] Getting Collection processes...
[2019-11-20 9:26:00.466403] [debug] Finding...
[2019-11-20 9:26:05.513030] [info] Connecting to database...
[2019-11-20 9:26:05.513406] [info] Getting Collection processes...
[2019-11-20 9:26:05.513863] [debug] Finding...
[2019-11-20 9:26:10.559870] [info] Connecting to database...
[2019-11-20 9:26:10.560224] [info] Getting Collection processes...
[2019-11-20 9:26:10.560678] [debug] Finding...
[2019-11-20 9:26:15.604450] [info] Connecting to database...
[2019-11-20 9:26:15.604804] [info] Getting Collection processes...
[2019-11-20 9:26:15.605231] [debug] Finding...
[2019-11-20 9:26:20.649422] [info] Connecting to database...
[2019-11-20 9:26:20.649801] [info] Getting Collection processes...
[2019-11-20 9:26:20.650638] [debug] Finding...
[2019-11-20 9:26:25.697169] [info] Connecting to database...
[2019-11-20 9:26:25.697561] [info] Getting Collection processes...
[2019-11-20 9:26:25.698350] [debug] Finding...
[2019-11-20 9:26:30.742860] [info] Connecting to database...
[2019-11-20 9:26:30.743259] [info] Getting Collection processes...
[2019-11-20 9:26:30.744173] [debug] Finding...
[2019-11-20 9:26:35.787880] [info] Connecting to database...
[2019-11-20 9:26:35.788216] [info] Getting Collection processes...
[2019-11-20 9:26:35.788958] [debug] Finding...
[2019-11-20 9:26:40.832547] [info] Connecting to database...
[2019-11-20 9:26:40.832886] [info] Getting Collection processes...
[2019-11-20 9:26:40.833719] [debug] Finding...
[2019-11-20 9:26:45.880459] [info] Connecting to database...
[2019-11-20 9:26:45.880842] [info] Getting Collection processes...
[2019-11-20 9:26:45.881198] [debug] Finding...
[2019-11-20 9:26:50.929975] [info] Connecting to database...
[2019-11-20 9:26:50.930314] [info] Getting Collection processes...
[2019-11-20 9:26:50.930663] [debug] Finding...
[2019-11-20 9:26:55.981183] [info] Connecting to database...
[2019-11-20 9:26:55.981518] [info] Getting Collection processes...
[2019-11-20 9:26:55.981792] [debug] Finding...
[2019-11-20 9:27:01.008801] [info] Connecting to database...
[2019-11-20 9:27:01.008925] [info] Getting Collection processes...
[2019-11-20 9:27:01.009027] [debug] Finding...
[2019-11-20 9:27:06.091187] [info] Connecting to database...
[2019-11-20 9:27:06.091542] [info] Getting Collection processes...
[2019-11-20 9:27:06.091830] [debug] Finding...
[2019-11-20 9:27:11.144007] [info] Connecting to database...
[2019-11-20 9:27:11.144335] [info] Getting Collection processes...
[2019-11-20 9:27:11.144608] [debug] Finding...
[2019-11-20 9:27:16.192209] [info] Connecting to database...
[2019-11-20 9:27:16.192534] [info] Getting Collection processes...
[2019-11-20 9:27:16.192807] [debug] Finding...
[2019-11-20 9:27:21.237910] [info] Connecting to database...
[2019-11-20 9:27:21.238301] [info] Getting Collection processes...
[2019-11-20 9:27:21.238641] [debug] Finding...
[2019-11-20 9:27:26.287237] [info] Connecting to database...
[2019-11-20 9:27:26.287568] [info] Getting Collection processes...
[2019-11-20 9:27:26.287843] [debug] Finding...
[2019-11-20 9:27:31.319402] [info] Connecting to database...
[2019-11-20 9:27:31.319540] [info] Getting Collection processes...
[2019-11-20 9:27:31.319639] [debug] Finding...
[2019-11-20 9:31:22.888389] [info] Connecting to database...
[2019-11-20 9:31:22.888637] [info] Getting Collection processes...
[2019-11-20 9:31:22.888866] [debug] Finding...
[2019-11-20 9:31:33.815758] [info] Connecting to database...
[2019-11-20 9:31:33.815903] [info] Getting Collection processes...
[2019-11-20 9:31:33.816061] [debug] Finding...
[2019-11-20 9:31:38.836249] [info] Connecting to database...
[2019-11-20 9:31:38.836631] [info] Getting Collection processes...
[2019-11-20 9:31:38.837099] [debug] Finding...
[2019-11-20 9:31:44.086282] [info] Connecting to database...
[2019-11-20 9:31:44.086616] [info] Getting Collection processes...
[2019-11-20 9:31:44.086916] [debug] Finding...
[2019-11-20 9:31:49.158518] [info] Connecting to database...
[2019-11-20 9:31:49.158849] [info] Getting Collection processes...
[2019-11-20 9:31:49.159152] [debug] Finding...
[2019-11-20 9:31:54.219312] [info] Connecting to database...
[2019-11-20 9:31:54.219645] [info] Getting Collection processes...
[2019-11-20 9:31:54.219923] [debug] Finding...
[2019-11-20 9:31:59.286335] [info] Connecting to database...
[2019-11-20 9:31:59.286698] [info] Getting Collection processes...
[2019-11-20 9:31:59.287162] [debug] Finding...
[2019-11-20 9:32:04.363853] [info] Connecting to database...
[2019-11-20 9:32:04.364231] [info] Getting Collection processes...
[2019-11-20 9:32:04.365206] [debug] Finding...
[2019-11-20 9:32:09.443413] [info] Connecting to database...
[2019-11-20 9:32:09.443821] [info] Getting Collection processes...
[2019-11-20 9:32:09.445158] [debug] Finding...
[2019-11-20 9:32:14.513776] [info] Connecting to database...
[2019-11-20 9:32:14.514147] [info] Getting Collection processes...
[2019-11-20 9:32:14.514476] [debug] Finding...
[2019-11-20 9:32:19.581588] [info] Connecting to database...
[2019-11-20 9:32:19.581953] [info] Getting Collection processes...
[2019-11-20 9:32:19.582393] [debug] Finding...
[2019-11-20 9:32:24.626605] [info] Connecting to database...
[2019-11-20 9:32:24.626852] [info] Getting Collection processes...
[2019-11-20 9:32:24.627094] [debug] Finding...
[2019-11-20 9:32:29.679224] [info] Connecting to database...
[2019-11-20 9:32:29.679549] [info] Getting Collection processes...
[2019-11-20 9:32:29.679822] [debug] Finding...
[2019-11-20 9:32:35.409881] [info] Connecting to database...
[2019-11-20 9:32:35.410223] [info] Getting Collection processes...
[2019-11-20 9:32:35.410492] [debug] Finding...
[2019-11-20 9:32:40.463118] [info] Connecting to database...
[2019-11-20 9:32:40.463455] [info] Getting Collection processes...
[2019-11-20 9:32:40.464452] [debug] Finding...
[2019-11-20 9:32:45.510854] [info] Connecting to database...
[2019-11-20 9:32:45.511225] [info] Getting Collection processes...
[2019-11-20 9:32:45.511504] [debug] Finding...
[2019-11-20 9:32:50.560164] [info] Connecting to database...
[2019-11-20 9:32:50.560497] [info] Getting Collection processes...
[2019-11-20 9:32:50.561409] [debug] Finding...
[2019-11-20 9:32:55.609174] [info] Connecting to database...
[2019-11-20 9:32:55.609505] [info] Getting Collection processes...
[2019-11-20 9:32:55.609776] [debug] Finding...
[2019-11-20 9:33:00.667134] [info] Connecting to database...
[2019-11-20 9:33:00.667479] [info] Getting Collection processes...
[2019-11-20 9:33:00.667757] [debug] Finding...
[2019-11-20 9:33:05.759191] [info] Connecting to database...
[2019-11-20 9:33:05.759824] [info] Getting Collection processes...
[2019-11-20 9:33:05.760581] [debug] Finding...
[2019-11-20 9:33:10.827492] [info] Connecting to database...
[2019-11-20 9:33:10.827852] [info] Getting Collection processes...
[2019-11-20 9:33:10.828285] [debug] Finding...
[2019-11-20 9:33:15.894366] [info] Connecting to database...
[2019-11-20 9:33:15.894776] [info] Getting Collection processes...
[2019-11-20 9:33:15.895262] [debug] Finding...
[2019-11-20 9:33:20.959705] [info] Connecting to database...
[2019-11-20 9:33:20.960135] [info] Getting Collection processes...
[2019-11-20 9:33:20.960469] [debug] Finding...
[2019-11-20 9:33:26.019167] [info] Connecting to database...
[2019-11-20 9:33:26.019515] [info] Getting Collection processes...
[2019-11-20 9:33:26.019805] [debug] Finding...
[2019-11-20 9:33:31.070202] [info] Connecting to database...
[2019-11-20 9:33:31.070380] [info] Getting Collection processes...
[2019-11-20 9:33:31.073574] [debug] Finding...
[2019-11-20 9:33:36.111717] [info] Connecting to database...
[2019-11-20 9:33:36.112046] [info] Getting Collection processes...
[2019-11-20 9:33:36.112315] [debug] Finding...
[2019-11-20 9:33:41.162235] [info] Connecting to database...
[2019-11-20 9:33:41.162564] [info] Getting Collection processes...
[2019-11-20 9:33:41.162841] [debug] Finding...
[2019-11-20 9:33:46.210562] [info] Connecting to database...
[2019-11-20 9:33:46.210915] [info] Getting Collection processes...
[2019-11-20 9:33:46.211241] [debug] Finding...
[2019-11-20 9:33:49.010858] [info] Connecting to database...
[2019-11-20 9:33:49.011025] [info] Getting Collection processes...
[2019-11-20 9:33:49.011122] [debug] Finding...
[2019-11-20 9:33:54.029897] [info] Connecting to database...
[2019-11-20 9:33:54.030241] [info] Getting Collection processes...
[2019-11-20 9:33:54.030519] [debug] Finding...
[2019-11-20 9:33:59.225830] [info] Connecting to database...
[2019-11-20 9:33:59.226185] [info] Getting Collection processes...
[2019-11-20 9:33:59.226455] [debug] Finding...
[2019-11-20 9:34:04.314122] [info] Connecting to database...
[2019-11-20 9:34:04.314636] [info] Getting Collection processes...
[2019-11-20 9:34:04.315195] [debug] Finding...
[2019-11-20 9:34:09.389374] [info] Connecting to database...
[2019-11-20 9:34:09.389703] [info] Getting Collection processes...
[2019-11-20 9:34:09.389976] [debug] Finding...
[2019-11-20 9:34:14.454596] [info] Connecting to database...
[2019-11-20 9:34:14.454955] [info] Getting Collection processes...
[2019-11-20 9:34:14.455281] [debug] Finding...
[2019-11-20 9:34:17.159060] [info] Connecting to database...
[2019-11-20 9:34:17.159342] [info] Getting Collection processes...
[2019-11-20 9:34:17.159688] [debug] Finding...
[2019-11-20 9:34:22.171559] [info] Connecting to database...
[2019-11-20 9:34:22.171894] [info] Getting Collection processes...
[2019-11-20 9:34:22.172172] [debug] Finding...
[2019-11-20 9:34:27.713100] [info] Connecting to database...
[2019-11-20 9:34:27.713227] [info] Getting Collection processes...
[2019-11-20 9:34:27.713325] [debug] Finding...
[2019-11-20 9:34:32.897368] [info] Connecting to database...
[2019-11-20 9:34:32.897831] [info] Getting Collection processes...
[2019-11-20 9:34:32.898169] [debug] Finding...
[2019-11-20 9:34:37.993756] [info] Connecting to database...
[2019-11-20 9:34:37.994102] [info] Getting Collection processes...
[2019-11-20 9:34:37.994385] [debug] Finding...
[2019-11-20 9:34:43.092864] [info] Connecting to database...
[2019-11-20 9:34:43.093229] [info] Getting Collection processes...
[2019-11-20 9:34:43.093666] [debug] Finding...
[2019-11-20 9:34:48.179965] [info] Connecting to database...
[2019-11-20 9:34:48.180454] [info] Getting Collection processes...
[2019-11-20 9:34:48.180915] [debug] Finding...
[2019-11-20 9:34:53.254277] [info] Connecting to database...
[2019-11-20 9:34:53.254612] [info] Getting Collection processes...
[2019-11-20 9:34:53.254889] [debug] Finding...
[2019-11-20 9:34:58.387003] [info] Connecting to database...
[2019-11-20 9:34:58.387336] [info] Getting Collection processes...
[2019-11-20 9:34:58.387614] [debug] Finding...
[2019-11-20 9:35:03.473007] [info] Connecting to database...
[2019-11-20 9:35:03.473336] [info] Getting Collection processes...
[2019-11-20 9:35:03.473612] [debug] Finding...
[2019-11-20 9:35:08.561757] [info] Connecting to database...
[2019-11-20 9:35:08.562087] [info] Getting Collection processes...
[2019-11-20 9:35:08.562361] [debug] Finding...
[2019-11-20 9:35:13.631746] [info] Connecting to database...
[2019-11-20 9:35:13.632082] [info] Getting Collection processes...
[2019-11-20 9:35:13.632834] [debug] Finding...
[2019-11-20 9:35:18.698824] [info] Connecting to database...
[2019-11-20 9:35:18.699208] [info] Getting Collection processes...
[2019-11-20 9:35:18.699486] [debug] Finding...
[2019-11-20 9:35:23.838855] [info] Connecting to database...
[2019-11-20 9:35:23.839354] [info] Getting Collection processes...
[2019-11-20 9:35:23.839822] [debug] Finding...
[2019-11-20 9:35:28.913711] [info] Connecting to database...
[2019-11-20 9:35:28.914047] [info] Getting Collection processes...
[2019-11-20 9:35:28.914340] [debug] Finding...
[2019-11-20 9:35:33.993833] [info] Connecting to database...
[2019-11-20 9:35:33.994160] [info] Getting Collection processes...
[2019-11-20 9:35:33.994437] [debug] Finding...
[2019-11-20 9:35:39.129918] [info] Connecting to database...
[2019-11-20 9:35:39.130253] [info] Getting Collection processes...
[2019-11-20 9:35:39.130527] [debug] Finding...
[2019-11-20 9:35:44.189028] [info] Connecting to database...
[2019-11-20 9:35:44.189388] [info] Getting Collection processes...
[2019-11-20 9:35:44.190186] [debug] Finding...
[2019-11-20 9:35:49.287106] [info] Connecting to database...
[2019-11-20 9:35:49.287499] [info] Getting Collection processes...
[2019-11-20 9:35:49.288861] [debug] Finding...
[2019-11-20 9:35:54.355328] [info] Connecting to database...
[2019-11-20 9:35:54.355822] [info] Getting Collection processes...
[2019-11-20 9:35:54.356514] [debug] Finding...
[2019-11-20 9:35:59.457498] [info] Connecting to database...
[2019-11-20 9:35:59.457880] [info] Getting Collection processes...
[2019-11-20 9:35:59.459314] [debug] Finding...
[2019-11-20 9:36:04.513253] [info] Connecting to database...
[2019-11-20 9:36:04.513648] [info] Getting Collection processes...
[2019-11-20 9:36:04.514494] [debug] Finding...
[2019-11-20 9:36:09.582695] [info] Connecting to database...
[2019-11-20 9:36:09.583139] [info] Getting Collection processes...
[2019-11-20 9:36:09.583425] [debug] Finding...
[2019-11-20 9:36:14.693105] [info] Connecting to database...
[2019-11-20 9:36:14.693435] [info] Getting Collection processes...
[2019-11-20 9:36:14.693707] [debug] Finding...
[2019-11-20 9:36:19.756342] [info] Connecting to database...
[2019-11-20 9:36:19.756704] [info] Getting Collection processes...
[2019-11-20 9:36:19.757137] [debug] Finding...
[2019-11-20 9:36:24.820385] [info] Connecting to database...
[2019-11-20 9:36:24.820740] [info] Getting Collection processes...
[2019-11-20 9:36:24.821177] [debug] Finding...
[2019-11-20 9:36:29.883928] [info] Connecting to database...
[2019-11-20 9:36:29.884294] [info] Getting Collection processes...
[2019-11-20 9:36:29.884736] [debug] Finding...
[2019-11-20 9:36:34.962285] [info] Connecting to database...
[2019-11-20 9:36:34.962619] [info] Getting Collection processes...
[2019-11-20 9:36:34.962889] [debug] Finding...
[2019-11-20 9:36:40.032244] [info] Connecting to database...
[2019-11-20 9:36:40.032577] [info] Getting Collection processes...
[2019-11-20 9:36:40.032854] [debug] Finding...
[2019-11-20 9:36:45.158250] [info] Connecting to database...
[2019-11-20 9:36:45.158576] [info] Getting Collection processes...
[2019-11-20 9:36:45.158852] [debug] Finding...
[2019-11-20 9:36:50.211913] [info] Connecting to database...
[2019-11-20 9:36:50.212277] [info] Getting Collection processes...
[2019-11-20 9:36:50.212549] [debug] Finding...
[2019-11-20 9:36:55.269740] [info] Connecting to database...
[2019-11-20 9:36:55.270077] [info] Getting Collection processes...
[2019-11-20 9:36:55.270353] [debug] Finding...
[2019-11-20 9:37:00.322426] [info] Connecting to database...
[2019-11-20 9:37:00.322777] [info] Getting Collection processes...
[2019-11-20 9:37:00.323123] [debug] Finding...
[2019-11-20 9:37:05.370657] [info] Connecting to database...
[2019-11-20 9:37:05.371009] [info] Getting Collection processes...
[2019-11-20 9:37:05.371293] [debug] Finding...
[2019-11-20 9:37:10.419118] [info] Connecting to database...
[2019-11-20 9:37:10.419451] [info] Getting Collection processes...
[2019-11-20 9:37:10.419727] [debug] Finding...
[2019-11-20 9:37:15.473081] [info] Connecting to database...
[2019-11-20 9:37:15.473412] [info] Getting Collection processes...
[2019-11-20 9:37:15.473689] [debug] Finding...
[2019-11-20 9:37:20.531080] [info] Connecting to database...
[2019-11-20 9:37:20.531409] [info] Getting Collection processes...
[2019-11-20 9:37:20.531683] [debug] Finding...
[2019-11-20 9:37:25.585381] [info] Connecting to database...
[2019-11-20 9:37:25.585717] [info] Getting Collection processes...
[2019-11-20 9:37:25.586966] [debug] Finding...
[2019-11-20 9:37:30.635817] [info] Connecting to database...
[2019-11-20 9:37:30.636161] [info] Getting Collection processes...
[2019-11-20 9:37:30.637142] [debug] Finding...
[2019-11-20 9:37:35.685481] [info] Connecting to database...
[2019-11-20 9:37:35.685857] [info] Getting Collection processes...
[2019-11-20 9:37:35.686528] [debug] Finding...
[2019-11-20 9:37:40.733760] [info] Connecting to database...
[2019-11-20 9:37:40.734090] [info] Getting Collection processes...
[2019-11-20 9:37:40.734364] [debug] Finding...
[2019-11-20 9:37:45.788532] [info] Connecting to database...
[2019-11-20 9:37:45.789201] [info] Getting Collection processes...
[2019-11-20 9:37:45.789849] [debug] Finding...
[2019-11-20 9:37:50.855988] [info] Connecting to database...
[2019-11-20 9:37:50.856374] [info] Getting Collection processes...
[2019-11-20 9:37:50.856816] [debug] Finding...
[2019-11-20 9:37:55.910401] [info] Connecting to database...
[2019-11-20 9:37:55.910768] [info] Getting Collection processes...
[2019-11-20 9:37:55.911134] [debug] Finding...
[2019-11-20 9:38:00.956970] [info] Connecting to database...
[2019-11-20 9:38:00.957297] [info] Getting Collection processes...
[2019-11-20 9:38:00.957562] [debug] Finding...
[2019-11-20 9:38:06.005705] [info] Connecting to database...
[2019-11-20 9:38:06.006064] [info] Getting Collection processes...
[2019-11-20 9:38:06.006506] [debug] Finding...
[2019-11-20 9:38:11.059600] [info] Connecting to database...
[2019-11-20 9:38:11.059950] [info] Getting Collection processes...
[2019-11-20 9:38:11.060264] [debug] Finding...
[2019-11-20 9:38:16.111901] [info] Connecting to database...
[2019-11-20 9:38:16.112221] [info] Getting Collection processes...
[2019-11-20 9:38:16.112497] [debug] Finding...
[2019-11-20 9:38:21.168243] [info] Connecting to database...
[2019-11-20 9:38:21.168606] [info] Getting Collection processes...
[2019-11-20 9:38:21.169043] [debug] Finding...
[2019-11-20 9:38:26.227422] [info] Connecting to database...
[2019-11-20 9:38:26.227818] [info] Getting Collection processes...
[2019-11-20 9:38:26.228291] [debug] Finding...
[2019-11-20 9:38:31.279237] [info] Connecting to database...
[2019-11-20 9:38:31.279596] [info] Getting Collection processes...
[2019-11-20 9:38:31.280020] [debug] Finding...
[2019-11-20 9:38:36.329266] [info] Connecting to database...
[2019-11-20 9:38:36.329916] [info] Getting Collection processes...
[2019-11-20 9:38:36.330526] [debug] Finding...
[2019-11-20 9:38:41.380304] [info] Connecting to database...
[2019-11-20 9:38:41.380636] [info] Getting Collection processes...
[2019-11-20 9:38:41.382188] [debug] Finding...
[2019-11-20 9:38:46.431881] [info] Connecting to database...
[2019-11-20 9:38:46.432214] [info] Getting Collection processes...
[2019-11-20 9:38:46.433197] [debug] Finding...
[2019-11-20 9:38:51.489017] [info] Connecting to database...
[2019-11-20 9:38:51.489396] [info] Getting Collection processes...
[2019-11-20 9:38:51.489669] [debug] Finding...
[2019-11-20 9:38:56.609798] [info] Connecting to database...
[2019-11-20 9:38:56.609936] [info] Getting Collection processes...
[2019-11-20 9:38:56.610042] [debug] Finding...
[2019-11-20 9:39:02.018788] [info] Connecting to database...
[2019-11-20 9:39:02.018953] [info] Getting Collection processes...
[2019-11-20 9:39:02.019054] [debug] Finding...
[2019-11-20 9:39:07.072427] [info] Connecting to database...
[2019-11-20 9:39:07.072750] [info] Getting Collection processes...
[2019-11-20 9:39:07.073024] [debug] Finding...
[2019-11-20 9:39:12.128000] [info] Connecting to database...
[2019-11-20 9:39:12.128670] [info] Getting Collection processes...
[2019-11-20 9:39:12.129296] [debug] Finding...
[2019-11-20 9:39:17.193576] [info] Connecting to database...
[2019-11-20 9:39:17.193912] [info] Getting Collection processes...
[2019-11-20 9:39:17.194190] [debug] Finding...
[2019-11-20 9:39:22.246468] [info] Connecting to database...
[2019-11-20 9:39:22.246803] [info] Getting Collection processes...
[2019-11-20 9:39:22.247133] [debug] Finding...
[2019-11-20 9:39:27.303615] [info] Connecting to database...
[2019-11-20 9:39:27.304125] [info] Getting Collection processes...
[2019-11-20 9:39:27.304583] [debug] Finding...
[2019-11-20 9:39:32.360519] [info] Connecting to database...
[2019-11-20 9:39:32.360862] [info] Getting Collection processes...
[2019-11-20 9:39:32.361149] [debug] Finding...
[2019-11-20 9:39:37.413919] [info] Connecting to database...
[2019-11-20 9:39:37.414304] [info] Getting Collection processes...
[2019-11-20 9:39:37.414767] [debug] Finding...
[2019-11-20 9:39:42.466120] [info] Connecting to database...
[2019-11-20 9:39:42.466500] [info] Getting Collection processes...
[2019-11-20 9:39:42.467356] [debug] Finding...
[2019-11-20 9:39:47.517735] [info] Connecting to database...
[2019-11-20 9:39:47.518074] [info] Getting Collection processes...
[2019-11-20 9:39:47.519509] [debug] Finding...
[2019-11-20 9:39:52.570239] [info] Connecting to database...
[2019-11-20 9:39:52.570580] [info] Getting Collection processes...
[2019-11-20 9:39:52.571372] [debug] Finding...
[2019-11-20 9:39:57.626388] [info] Connecting to database...
[2019-11-20 9:39:57.626724] [info] Getting Collection processes...
[2019-11-20 9:39:57.627186] [debug] Finding...
[2019-11-20 9:40:02.697496] [info] Connecting to database...
[2019-11-20 9:40:02.697839] [info] Getting Collection processes...
[2019-11-20 9:40:02.698117] [debug] Finding...
[2019-11-20 9:40:07.748559] [info] Connecting to database...
[2019-11-20 9:40:07.748891] [info] Getting Collection processes...
[2019-11-20 9:40:07.749164] [debug] Finding...
[2019-11-20 9:40:12.800753] [info] Connecting to database...
[2019-11-20 9:40:12.801081] [info] Getting Collection processes...
[2019-11-20 9:40:12.801354] [debug] Finding...
[2019-11-20 9:40:17.851665] [info] Connecting to database...
[2019-11-20 9:40:17.852051] [info] Getting Collection processes...
[2019-11-20 9:40:17.853415] [debug] Finding...
[2019-11-20 9:40:22.912817] [info] Connecting to database...
[2019-11-20 9:40:22.913170] [info] Getting Collection processes...
[2019-11-20 9:40:22.913458] [debug] Finding...
[2019-11-20 9:40:27.972121] [info] Connecting to database...
[2019-11-20 9:40:27.972608] [info] Getting Collection processes...
[2019-11-20 9:40:27.974282] [debug] Finding...
[2019-11-20 9:40:33.030225] [info] Connecting to database...
[2019-11-20 9:40:33.030582] [info] Getting Collection processes...
[2019-11-20 9:40:33.031395] [debug] Finding...
[2019-11-20 9:40:38.113452] [info] Connecting to database...
[2019-11-20 9:40:38.113883] [info] Getting Collection processes...
[2019-11-20 9:40:38.114233] [debug] Finding...
[2019-11-20 9:40:43.176646] [info] Connecting to database...
[2019-11-20 9:40:43.176983] [info] Getting Collection processes...
[2019-11-20 9:40:43.177261] [debug] Finding...
[2019-11-20 9:40:48.263887] [info] Connecting to database...
[2019-11-20 9:40:48.264215] [info] Getting Collection processes...
[2019-11-20 9:40:48.264487] [debug] Finding...
[2019-11-20 9:40:53.345938] [info] Connecting to database...
[2019-11-20 9:40:53.346375] [info] Getting Collection processes...
[2019-11-20 9:40:53.346775] [debug] Finding...
[2019-11-20 9:40:58.394537] [info] Connecting to database...
[2019-11-20 9:40:58.394726] [info] Getting Collection processes...
[2019-11-20 9:40:58.394836] [debug] Finding...
[2019-11-20 9:41:03.458303] [info] Connecting to database...
[2019-11-20 9:41:03.458662] [info] Getting Collection processes...
[2019-11-20 9:41:03.458975] [debug] Finding...
[2019-11-20 9:41:08.510262] [info] Connecting to database...
[2019-11-20 9:41:08.510638] [info] Getting Collection processes...
[2019-11-20 9:41:08.511132] [debug] Finding...
[2019-11-20 9:41:13.558732] [info] Connecting to database...
[2019-11-20 9:41:13.559118] [info] Getting Collection processes...
[2019-11-20 9:41:13.559392] [debug] Finding...
[2019-11-20 9:41:18.633618] [info] Connecting to database...
[2019-11-20 9:41:18.634007] [info] Getting Collection processes...
[2019-11-20 9:41:18.634287] [debug] Finding...
[2019-11-20 9:41:23.729562] [info] Connecting to database...
[2019-11-20 9:41:23.729964] [info] Getting Collection processes...
[2019-11-20 9:41:23.730242] [debug] Finding...
[2019-11-20 9:41:28.795825] [info] Connecting to database...
[2019-11-20 9:41:28.796144] [info] Getting Collection processes...
[2019-11-20 9:41:28.796416] [debug] Finding...
[2019-11-20 9:41:33.859030] [info] Connecting to database...
[2019-11-20 9:41:33.859359] [info] Getting Collection processes...
[2019-11-20 9:41:33.859644] [debug] Finding...
[2019-11-20 9:41:38.920486] [info] Connecting to database...
[2019-11-20 9:41:38.920814] [info] Getting Collection processes...
[2019-11-20 9:41:38.921087] [debug] Finding...
[2019-11-20 9:41:43.978200] [info] Connecting to database...
[2019-11-20 9:41:43.978576] [info] Getting Collection processes...
[2019-11-20 9:41:43.979068] [debug] Finding...
[2019-11-20 9:41:49.051585] [info] Connecting to database...
[2019-11-20 9:41:49.052000] [info] Getting Collection processes...
[2019-11-20 9:41:49.052328] [debug] Finding...
[2019-11-20 9:41:54.108758] [info] Connecting to database...
[2019-11-20 9:41:54.109080] [info] Getting Collection processes...
[2019-11-20 9:41:54.109354] [debug] Finding...
[2019-11-20 9:41:59.173393] [info] Connecting to database...
[2019-11-20 9:41:59.173719] [info] Getting Collection processes...
[2019-11-20 9:41:59.174009] [debug] Finding...
[2019-11-20 9:42:04.233280] [info] Connecting to database...
[2019-11-20 9:42:04.233661] [info] Getting Collection processes...
[2019-11-20 9:42:04.233969] [debug] Finding...
[2019-11-20 9:42:09.345598] [info] Connecting to database...
[2019-11-20 9:42:09.345726] [info] Getting Collection processes...
[2019-11-20 9:42:09.345824] [debug] Finding...
[2019-11-20 9:42:14.401767] [info] Connecting to database...
[2019-11-20 9:42:14.402098] [info] Getting Collection processes...
[2019-11-20 9:42:14.402371] [debug] Finding...
[2019-11-20 9:42:19.455598] [info] Connecting to database...
[2019-11-20 9:42:19.455955] [info] Getting Collection processes...
[2019-11-20 9:42:19.456254] [debug] Finding...
[2019-11-20 9:42:24.505677] [info] Connecting to database...
[2019-11-20 9:42:24.506004] [info] Getting Collection processes...
[2019-11-20 9:42:24.506270] [debug] Finding...
[2019-11-20 9:42:29.554260] [info] Connecting to database...
[2019-11-20 9:42:29.554582] [info] Getting Collection processes...
[2019-11-20 9:42:29.554860] [debug] Finding...
[2019-11-20 9:42:34.616475] [info] Connecting to database...
[2019-11-20 9:42:34.616807] [info] Getting Collection processes...
[2019-11-20 9:42:34.617085] [debug] Finding...
[2019-11-20 9:42:39.669178] [info] Connecting to database...
[2019-11-20 9:42:39.669509] [info] Getting Collection processes...
[2019-11-20 9:42:39.669783] [debug] Finding...
[2019-11-20 9:42:44.703888] [info] Connecting to database...
[2019-11-20 9:42:44.704040] [info] Getting Collection processes...
[2019-11-20 9:42:44.704154] [debug] Finding...
[2019-11-20 9:42:49.743946] [info] Connecting to database...
[2019-11-20 9:42:49.744272] [info] Getting Collection processes...
[2019-11-20 9:42:49.744546] [debug] Finding...
[2019-11-20 9:42:54.801868] [info] Connecting to database...
[2019-11-20 9:42:54.802354] [info] Getting Collection processes...
[2019-11-20 9:42:54.802808] [debug] Finding...
[2019-11-20 9:42:59.859038] [info] Connecting to database...
[2019-11-20 9:42:59.859376] [info] Getting Collection processes...
[2019-11-20 9:42:59.859653] [debug] Finding...
[2019-11-20 9:43:04.912864] [info] Connecting to database...
[2019-11-20 9:43:04.913238] [info] Getting Collection processes...
[2019-11-20 9:43:04.913693] [debug] Finding...
[2019-11-20 9:43:09.965018] [info] Connecting to database...
[2019-11-20 9:43:09.965404] [info] Getting Collection processes...
[2019-11-20 9:43:09.965687] [debug] Finding...
[2019-11-20 9:43:15.017642] [info] Connecting to database...
[2019-11-20 9:43:15.017970] [info] Getting Collection processes...
[2019-11-20 9:43:15.018244] [debug] Finding...
[2019-11-20 9:43:20.067302] [info] Connecting to database...
[2019-11-20 9:43:20.067636] [info] Getting Collection processes...
[2019-11-20 9:43:20.067909] [debug] Finding...
[2019-11-20 9:43:25.119903] [info] Connecting to database...
[2019-11-20 9:43:25.120227] [info] Getting Collection processes...
[2019-11-20 9:43:25.120498] [debug] Finding...
[2019-11-20 9:43:30.167310] [info] Connecting to database...
[2019-11-20 9:43:30.167639] [info] Getting Collection processes...
[2019-11-20 9:43:30.168106] [debug] Finding...
[2019-11-20 9:43:35.219033] [info] Connecting to database...
[2019-11-20 9:43:35.219384] [info] Getting Collection processes...
[2019-11-20 9:43:35.219674] [debug] Finding...
[2019-11-20 9:43:40.272519] [info] Connecting to database...
[2019-11-20 9:43:40.272846] [info] Getting Collection processes...
[2019-11-20 9:43:40.273117] [debug] Finding...
[2019-11-20 9:43:45.832616] [info] Connecting to database...
[2019-11-20 9:43:45.832740] [info] Getting Collection processes...
[2019-11-20 9:43:45.832835] [debug] Finding...
[2019-11-20 9:43:50.853657] [info] Connecting to database...
[2019-11-20 9:43:50.854052] [info] Getting Collection processes...
[2019-11-20 9:43:50.854326] [debug] Finding...
[2019-11-20 9:43:56.148828] [info] Connecting to database...
[2019-11-20 9:43:56.149162] [info] Getting Collection processes...
[2019-11-20 9:43:56.149435] [debug] Finding...
[2019-11-20 9:44:01.236453] [info] Connecting to database...
[2019-11-20 9:44:01.236774] [info] Getting Collection processes...
[2019-11-20 9:44:01.237051] [debug] Finding...
[2019-11-20 9:44:06.304594] [info] Connecting to database...
[2019-11-20 9:44:06.304933] [info] Getting Collection processes...
[2019-11-20 9:44:06.305213] [debug] Finding...
[2019-11-20 9:44:11.369087] [info] Connecting to database...
[2019-11-20 9:44:11.369416] [info] Getting Collection processes...
[2019-11-20 9:44:11.369690] [debug] Finding...
[2019-11-20 9:44:16.432471] [info] Connecting to database...
[2019-11-20 9:44:16.432811] [info] Getting Collection processes...
[2019-11-20 9:44:16.433087] [debug] Finding...
[2019-11-20 9:44:21.499767] [info] Connecting to database...
[2019-11-20 9:44:21.500432] [info] Getting Collection processes...
[2019-11-20 9:44:21.500732] [debug] Finding...
[2019-11-20 9:44:26.568059] [info] Connecting to database...
[2019-11-20 9:44:26.568387] [info] Getting Collection processes...
[2019-11-20 9:44:26.568660] [debug] Finding...
[2019-11-20 9:44:31.622227] [info] Connecting to database...
[2019-11-20 9:44:31.622551] [info] Getting Collection processes...
[2019-11-20 9:44:31.622824] [debug] Finding...
[2019-11-20 9:44:36.672605] [info] Connecting to database...
[2019-11-20 9:44:36.672935] [info] Getting Collection processes...
[2019-11-20 9:44:36.673212] [debug] Finding...
[2019-11-20 9:44:41.729679] [info] Connecting to database...
[2019-11-20 9:44:41.730004] [info] Getting Collection processes...
[2019-11-20 9:44:41.730279] [debug] Finding...
[2019-11-20 9:44:46.806783] [info] Connecting to database...
[2019-11-20 9:44:46.807159] [info] Getting Collection processes...
[2019-11-20 9:44:46.807431] [debug] Finding...
[2019-11-20 9:44:51.877197] [info] Connecting to database...
[2019-11-20 9:44:51.902204] [info] Getting Collection processes...
[2019-11-20 9:44:51.902558] [debug] Finding...
[2019-11-20 9:44:56.962627] [info] Connecting to database...
[2019-11-20 9:44:56.962980] [info] Getting Collection processes...
[2019-11-20 9:44:56.963257] [debug] Finding...
[2019-11-20 9:45:02.028728] [info] Connecting to database...
[2019-11-20 9:45:02.029061] [info] Getting Collection processes...
[2019-11-20 9:45:02.029334] [debug] Finding...
[2019-11-20 9:45:07.098829] [info] Connecting to database...
[2019-11-20 9:45:07.112469] [info] Getting Collection processes...
[2019-11-20 9:45:07.112886] [debug] Finding...
[2019-11-20 9:45:12.179795] [info] Connecting to database...
[2019-11-20 9:45:12.180130] [info] Getting Collection processes...
[2019-11-20 9:45:12.180406] [debug] Finding...
[2019-11-20 9:45:17.228826] [info] Connecting to database...
[2019-11-20 9:45:17.229154] [info] Getting Collection processes...
[2019-11-20 9:45:17.229429] [debug] Finding...
[2019-11-20 9:45:22.276356] [info] Connecting to database...
[2019-11-20 9:45:22.276680] [info] Getting Collection processes...
[2019-11-20 9:45:22.276952] [debug] Finding...
[2019-11-20 9:45:27.326745] [info] Connecting to database...
[2019-11-20 9:45:27.327121] [info] Getting Collection processes...
[2019-11-20 9:45:27.327405] [debug] Finding...
[2019-11-20 9:45:32.378006] [info] Connecting to database...
[2019-11-20 9:45:32.378333] [info] Getting Collection processes...
[2019-11-20 9:45:32.378606] [debug] Finding...
[2019-11-20 9:45:37.426597] [info] Connecting to database...
[2019-11-20 9:45:37.426960] [info] Getting Collection processes...
[2019-11-20 9:45:37.427305] [debug] Finding...
[2019-11-20 9:45:42.479309] [info] Connecting to database...
[2019-11-20 9:45:42.479630] [info] Getting Collection processes...
[2019-11-20 9:45:42.479927] [debug] Finding...
[2019-11-20 9:45:47.548671] [info] Connecting to database...
[2019-11-20 9:45:47.548999] [info] Getting Collection processes...
[2019-11-20 9:45:47.549319] [debug] Finding...
[2019-11-20 9:45:52.608225] [info] Connecting to database...
[2019-11-20 9:45:52.608584] [info] Getting Collection processes...
[2019-11-20 9:45:52.609023] [debug] Finding...
[2019-11-20 9:45:57.677331] [info] Connecting to database...
[2019-11-20 9:45:57.677669] [info] Getting Collection processes...
[2019-11-20 9:45:57.677943] [debug] Finding...
[2019-11-20 9:46:02.739473] [info] Connecting to database...
[2019-11-20 9:46:02.739801] [info] Getting Collection processes...
[2019-11-20 9:46:02.740076] [debug] Finding...
[2019-11-20 9:46:07.796802] [info] Connecting to database...
[2019-11-20 9:46:07.797122] [info] Getting Collection processes...
[2019-11-20 9:46:07.797399] [debug] Finding...
[2019-11-20 9:46:12.866292] [info] Connecting to database...
[2019-11-20 9:46:12.866626] [info] Getting Collection processes...
[2019-11-20 9:46:12.866929] [debug] Finding...
[2019-11-20 9:46:17.917707] [info] Connecting to database...
[2019-11-20 9:46:17.918040] [info] Getting Collection processes...
[2019-11-20 9:46:17.918313] [debug] Finding...
[2019-11-20 9:46:22.968638] [info] Connecting to database...
[2019-11-20 9:46:22.969000] [info] Getting Collection processes...
[2019-11-20 9:46:22.969429] [debug] Finding...
[2019-11-20 9:46:28.019130] [info] Connecting to database...
[2019-11-20 9:46:28.019460] [info] Getting Collection processes...
[2019-11-20 9:46:28.019737] [debug] Finding...
[2019-11-20 9:46:33.073570] [info] Connecting to database...
[2019-11-20 9:46:33.073899] [info] Getting Collection processes...
[2019-11-20 9:46:33.074174] [debug] Finding...
[2019-11-20 9:46:38.123660] [info] Connecting to database...
[2019-11-20 9:46:38.124038] [info] Getting Collection processes...
[2019-11-20 9:46:38.124500] [debug] Finding...
[2019-11-20 9:46:43.171775] [info] Connecting to database...
[2019-11-20 9:46:43.172096] [info] Getting Collection processes...
[2019-11-20 9:46:43.172369] [debug] Finding...
[2019-11-20 9:46:48.230699] [info] Connecting to database...
[2019-11-20 9:46:48.231076] [info] Getting Collection processes...
[2019-11-20 9:46:48.231359] [debug] Finding...
[2019-11-20 9:46:53.309783] [info] Connecting to database...
[2019-11-20 9:46:53.310117] [info] Getting Collection processes...
[2019-11-20 9:46:53.310395] [debug] Finding...
[2019-11-20 9:46:58.385668] [info] Connecting to database...
[2019-11-20 9:46:58.386097] [info] Getting Collection processes...
[2019-11-20 9:46:58.386493] [debug] Finding...
[2019-11-20 9:47:03.450180] [info] Connecting to database...
[2019-11-20 9:47:03.450505] [info] Getting Collection processes...
[2019-11-20 9:47:03.450773] [debug] Finding...
[2019-11-20 9:47:08.516082] [info] Connecting to database...
[2019-11-20 9:47:08.516588] [info] Getting Collection processes...
[2019-11-20 9:47:08.517067] [debug] Finding...
[2019-11-20 9:47:13.577003] [info] Connecting to database...
[2019-11-20 9:47:13.577336] [info] Getting Collection processes...
[2019-11-20 9:47:13.577608] [debug] Finding...
[2019-11-20 9:47:18.648358] [info] Connecting to database...
[2019-11-20 9:47:18.648691] [info] Getting Collection processes...
[2019-11-20 9:47:18.648983] [debug] Finding...
[2019-11-20 9:47:23.699805] [info] Connecting to database...
[2019-11-20 9:47:23.700185] [info] Getting Collection processes...
[2019-11-20 9:47:23.700505] [debug] Finding...
[2019-11-20 9:47:28.745946] [info] Connecting to database...
[2019-11-20 9:47:28.746309] [info] Getting Collection processes...
[2019-11-20 9:47:28.746612] [debug] Finding...
[2019-11-20 9:47:33.826535] [info] Connecting to database...
[2019-11-20 9:47:33.826862] [info] Getting Collection processes...
[2019-11-20 9:47:33.827209] [debug] Finding...
[2019-11-20 9:47:38.877912] [info] Connecting to database...
[2019-11-20 9:47:38.878245] [info] Getting Collection processes...
[2019-11-20 9:47:38.878535] [debug] Finding...
[2019-11-20 9:47:43.926493] [info] Connecting to database...
[2019-11-20 9:47:43.926817] [info] Getting Collection processes...
[2019-11-20 9:47:43.927220] [debug] Finding...
[2019-11-20 9:47:48.979871] [info] Connecting to database...
[2019-11-20 9:47:48.980204] [info] Getting Collection processes...
[2019-11-20 9:47:48.980474] [debug] Finding...
[2019-11-20 9:47:54.050685] [info] Connecting to database...
[2019-11-20 9:47:54.051383] [info] Getting Collection processes...
[2019-11-20 9:47:54.051881] [debug] Finding...
[2019-11-20 9:47:59.113095] [info] Connecting to database...
[2019-11-20 9:47:59.150862] [info] Getting Collection processes...
[2019-11-20 9:47:59.151335] [debug] Finding...
[2019-11-20 9:48:04.211740] [info] Connecting to database...
[2019-11-20 9:48:04.212073] [info] Getting Collection processes...
[2019-11-20 9:48:04.212404] [debug] Finding...
[2019-11-20 9:48:09.273663] [info] Connecting to database...
[2019-11-20 9:48:09.273993] [info] Getting Collection processes...
[2019-11-20 9:48:09.274269] [debug] Finding...
[2019-11-20 9:48:14.331856] [info] Connecting to database...
[2019-11-20 9:48:14.332190] [info] Getting Collection processes...
[2019-11-20 9:48:14.332468] [debug] Finding...
[2019-11-20 9:48:19.383894] [info] Connecting to database...
[2019-11-20 9:48:19.384069] [info] Getting Collection processes...
[2019-11-20 9:48:19.384207] [debug] Finding...
[2019-11-20 9:48:24.427620] [info] Connecting to database...
[2019-11-20 9:48:24.427958] [info] Getting Collection processes...
[2019-11-20 9:48:24.428235] [debug] Finding...
[2019-11-20 9:48:29.481780] [info] Connecting to database...
[2019-11-20 9:48:29.482145] [info] Getting Collection processes...
[2019-11-20 9:48:29.482423] [debug] Finding...
[2019-11-20 9:48:34.536082] [info] Connecting to database...
[2019-11-20 9:48:34.536461] [info] Getting Collection processes...
[2019-11-20 9:48:34.536807] [debug] Finding...
[2019-11-20 9:48:39.590001] [info] Connecting to database...
[2019-11-20 9:48:39.590338] [info] Getting Collection processes...
[2019-11-20 9:48:39.590612] [debug] Finding...
[2019-11-20 9:48:44.640434] [info] Connecting to database...
[2019-11-20 9:48:44.640865] [info] Getting Collection processes...
[2019-11-20 9:48:44.641181] [debug] Finding...
[2019-11-20 9:48:49.670861] [info] Connecting to database...
[2019-11-20 9:48:49.671077] [info] Getting Collection processes...
[2019-11-20 9:48:49.671252] [debug] Finding...
[2019-11-20 9:48:54.695386] [info] Connecting to database...
[2019-11-20 9:48:54.695579] [info] Getting Collection processes...
[2019-11-20 9:48:54.695728] [debug] Finding...
[2019-11-20 9:48:59.740494] [info] Connecting to database...
[2019-11-20 9:48:59.740962] [info] Getting Collection processes...
[2019-11-20 9:48:59.741390] [debug] Finding...
[2019-11-20 9:49:04.790604] [info] Connecting to database...
[2019-11-20 9:49:04.790967] [info] Getting Collection processes...
[2019-11-20 9:49:04.791246] [debug] Finding...
[2019-11-20 9:49:09.820555] [info] Connecting to database...
[2019-11-20 9:49:09.820683] [info] Getting Collection processes...
[2019-11-20 9:49:09.820779] [debug] Finding...
[2019-11-20 9:49:14.871819] [info] Connecting to database...
[2019-11-20 9:49:14.872313] [info] Getting Collection processes...
[2019-11-20 9:49:14.872757] [debug] Finding...
[2019-11-20 9:49:19.910548] [info] Connecting to database...
[2019-11-20 9:49:19.910674] [info] Getting Collection processes...
[2019-11-20 9:49:19.910769] [debug] Finding...
[2019-11-20 9:49:24.950704] [info] Connecting to database...
[2019-11-20 9:49:24.951128] [info] Getting Collection processes...
[2019-11-20 9:49:24.951420] [debug] Finding...
[2019-11-20 9:49:30.193344] [info] Connecting to database...
[2019-11-20 9:49:30.193466] [info] Getting Collection processes...
[2019-11-20 9:49:30.193559] [debug] Finding...
[2019-11-20 9:49:33.384335] [info] Connecting to database...
[2019-11-20 9:49:33.384474] [info] Getting Collection processes...
[2019-11-20 9:49:33.384582] [debug] Finding...
[2019-11-20 9:49:35.209260] [info] Connecting to database...
[2019-11-20 9:49:35.209577] [info] Getting Collection processes...
[2019-11-20 9:49:35.209830] [debug] Finding...
[2019-11-20 9:49:37.088892] [info] Connecting to database...
[2019-11-20 9:49:37.089220] [info] Getting Collection processes...
[2019-11-20 9:49:37.089544] [debug] Finding...
[2019-11-20 9:49:38.478449] [info] Connecting to database...
[2019-11-20 9:49:38.478566] [info] Getting Collection processes...
[2019-11-20 9:49:38.478655] [debug] Finding...
[2019-11-20 9:49:40.383723] [info] Connecting to database...
[2019-11-20 9:49:40.384049] [info] Getting Collection processes...
[2019-11-20 9:49:40.384335] [debug] Finding...
[2019-11-20 9:49:45.449908] [info] Connecting to database...
[2019-11-20 9:49:45.450233] [info] Getting Collection processes...
[2019-11-20 9:49:45.450506] [debug] Finding...
[2019-11-20 9:49:50.514802] [info] Connecting to database...
[2019-11-20 9:49:50.515568] [info] Getting Collection processes...
[2019-11-20 9:49:50.516087] [debug] Finding...
[2019-11-20 9:49:55.664182] [info] Connecting to database...
[2019-11-20 9:49:55.664866] [info] Getting Collection processes...
[2019-11-20 9:49:55.665323] [debug] Finding...
[2019-11-20 9:49:56.199362] [info] Connecting to database...
[2019-11-20 9:49:56.199485] [info] Getting Collection processes...
[2019-11-20 9:49:56.199575] [debug] Finding...
[2019-11-20 9:49:59.494087] [info] Connecting to database...
[2019-11-20 9:49:59.494417] [info] Getting Collection processes...
[2019-11-20 9:49:59.494690] [debug] Finding...
[2019-11-20 9:50:01.217963] [info] Connecting to database...
[2019-11-20 9:50:01.218508] [info] Getting Collection processes...
[2019-11-20 9:50:01.219006] [debug] Finding...
[2019-11-20 9:50:03.493185] [info] Connecting to database...
[2019-11-20 9:50:03.493518] [info] Getting Collection processes...
[2019-11-20 9:50:03.493793] [debug] Finding...
[2019-11-20 9:50:06.167754] [info] Connecting to database...
[2019-11-20 9:50:06.167877] [info] Getting Collection processes...
[2019-11-20 9:50:06.167998] [debug] Finding...
[2019-11-20 9:50:06.382386] [info] Connecting to database...
[2019-11-20 9:50:06.382699] [info] Getting Collection processes...
[2019-11-20 9:50:06.382997] [debug] Finding...
[2019-11-20 9:50:11.455612] [info] Connecting to database...
[2019-11-20 9:50:11.455982] [info] Getting Collection processes...
[2019-11-20 9:50:11.456419] [debug] Finding...
[2019-11-20 9:50:16.534961] [info] Connecting to database...
[2019-11-20 9:50:16.535299] [info] Getting Collection processes...
[2019-11-20 9:50:16.535604] [debug] Finding...
[2019-11-20 9:50:21.613671] [info] Connecting to database...
[2019-11-20 9:50:21.614022] [info] Getting Collection processes...
[2019-11-20 9:50:21.614495] [debug] Finding...
[2019-11-20 9:50:26.667036] [info] Connecting to database...
[2019-11-20 9:50:26.667228] [info] Getting Collection processes...
[2019-11-20 9:50:26.667396] [debug] Finding...
[2019-11-20 9:50:31.714121] [info] Connecting to database...
[2019-11-20 9:50:31.714497] [info] Getting Collection processes...
[2019-11-20 9:50:31.714987] [debug] Finding...
[2019-11-20 9:50:36.777380] [info] Connecting to database...
[2019-11-20 9:50:36.777760] [info] Getting Collection processes...
[2019-11-20 9:50:36.778227] [debug] Finding...
[2019-11-20 9:50:39.989075] [info] Connecting to database...
[2019-11-20 9:50:39.989280] [info] Getting Collection processes...
[2019-11-20 9:50:39.989455] [debug] Finding...
[2019-11-20 9:50:45.016565] [info] Connecting to database...
[2019-11-20 9:50:45.016901] [info] Getting Collection processes...
[2019-11-20 9:50:45.017190] [debug] Finding...
[2019-11-20 9:50:50.208244] [info] Connecting to database...
[2019-11-20 9:50:50.208369] [info] Getting Collection processes...
[2019-11-20 9:50:50.208466] [debug] Finding...
[2019-11-20 9:50:55.261653] [info] Connecting to database...
[2019-11-20 9:50:55.261986] [info] Getting Collection processes...
[2019-11-20 9:50:55.262262] [debug] Finding...
[2019-11-20 9:51:00.341552] [info] Connecting to database...
[2019-11-20 9:51:00.342132] [info] Getting Collection processes...
[2019-11-20 9:51:00.342609] [debug] Finding...
[2019-11-20 9:51:05.403414] [info] Connecting to database...
[2019-11-20 9:51:05.403733] [info] Getting Collection processes...
[2019-11-20 9:51:05.404005] [debug] Finding...
[2019-11-20 9:51:10.463809] [info] Connecting to database...
[2019-11-20 9:51:10.464164] [info] Getting Collection processes...
[2019-11-20 9:51:10.464591] [debug] Finding...
[2019-11-20 9:51:15.539567] [info] Connecting to database...
[2019-11-20 9:51:15.540074] [info] Getting Collection processes...
[2019-11-20 9:51:15.540522] [debug] Finding...
[2019-11-20 9:51:20.605525] [info] Connecting to database...
[2019-11-20 9:51:20.605874] [info] Getting Collection processes...
[2019-11-20 9:51:20.606163] [debug] Finding...
[2019-11-20 9:51:25.684880] [info] Connecting to database...
[2019-11-20 9:51:25.685370] [info] Getting Collection processes...
[2019-11-20 9:51:25.685821] [debug] Finding...
[2019-11-20 9:51:30.741125] [info] Connecting to database...
[2019-11-20 9:51:30.741463] [info] Getting Collection processes...
[2019-11-20 9:51:30.741739] [debug] Finding...
[2019-11-20 9:51:34.534109] [info] Connecting to database...
[2019-11-20 9:51:34.534241] [info] Getting Collection processes...
[2019-11-20 9:51:34.534341] [debug] Finding...
[2019-11-20 9:51:37.237291] [info] Connecting to database...
[2019-11-20 9:51:37.237644] [info] Getting Collection processes...
[2019-11-20 9:51:37.237996] [debug] Inserting new record...
[2019-11-20 9:51:37.239677] [info] New record inserted with ID: 5dd552f97926ef651d2d7698
[2019-11-20 9:51:37.240012] [info] Loading certificate content...
[2019-11-20 9:51:37.240345] [debug] Certificate content loaded!
[2019-11-20 9:51:37.240750] [debug] Xero config loaded!
[2019-11-20 9:51:38.049635] [info] Xero data retrieved!
[2019-11-20 9:51:38.055484] [debug] Received data count: 45
[2019-11-20 9:51:38.055845] [info] Connecting to database...
[2019-11-20 9:51:38.056148] [info] Getting Collection processes...
[2019-11-20 9:51:38.056427] [debug] Updating record 5dd552f97926ef651d2d7698
[2019-11-20 9:51:38.059979] [info] Updating result count: 1
[2019-11-20 9:51:38.060523] [info] Connecting to database...
[2019-11-20 9:51:38.060733] [info] Getting Collection vendors...
[2019-11-20 9:51:38.060955] [info] Inserting/Updating 45 records...
[2019-11-20 9:51:38.109769] [info] Connecting to database...
[2019-11-20 9:51:38.110148] [info] Getting Collection processes...
[2019-11-20 9:51:38.110342] [debug] Updating record 5dd552f97926ef651d2d7698
[2019-11-20 9:51:38.111651] [info] Updating result count: 1
[2019-11-20 9:51:38.112031] [info] Loading certificate content...
[2019-11-20 9:51:38.112350] [debug] Certificate content loaded!
[2019-11-20 9:51:38.112677] [debug] Xero config loaded!
[2019-11-20 9:51:38.655540] [info] Xero data retrieved!
[2019-11-20 9:51:38.657145] [debug] Received data count: 58
[2019-11-20 9:51:38.657366] [info] Connecting to database...
[2019-11-20 9:51:38.657562] [info] Getting Collection processes...
[2019-11-20 9:51:38.657816] [debug] Updating record 5dd552f97926ef651d2d7698
[2019-11-20 9:51:38.660378] [info] Updating result count: 1
[2019-11-20 9:51:38.660900] [info] Connecting to database...
[2019-11-20 9:51:38.661124] [info] Getting Collection accounts...
[2019-11-20 9:51:38.661297] [info] Inserting/Updating 58 records...
[2019-11-20 9:51:38.733422] [info] Connecting to database...
[2019-11-20 9:51:38.733714] [info] Getting Collection processes...
[2019-11-20 9:51:38.733899] [debug] Updating record 5dd552f97926ef651d2d7698
[2019-11-20 9:51:38.735323] [info] Updating result count: 1
[2019-11-20 9:51:38.735724] [info] Connecting to database...
[2019-11-20 9:51:38.736007] [info] Getting Collection processes...
[2019-11-20 9:51:38.736258] [debug] Updating record 5dd552f97926ef651d2d7698
[2019-11-20 9:51:38.737713] [info] Updating result count: 1
[2019-11-20 9:51:44.509758] [info] Connecting to database...
[2019-11-20 9:51:44.510009] [info] Getting Collection accounts...
[2019-11-20 9:51:44.510248] [debug] Finding...
[2019-11-20 9:51:44.523896] [info] Connecting to database...
[2019-11-20 9:51:44.524133] [info] Getting Collection vendors...
[2019-11-20 9:51:44.524343] [debug] Finding...
[2019-11-20 9:52:21.960510] [info] Connecting to database...
[2019-11-20 9:52:21.960639] [info] Getting Collection processes...
[2019-11-20 9:52:21.960750] [debug] Finding...
[2019-11-20 9:52:23.734824] [info] Connecting to database...
[2019-11-20 9:52:23.735057] [info] Getting Collection processes...
[2019-11-20 9:52:23.735229] [debug] Finding...
[2019-11-20 9:52:25.627782] [info] Connecting to database...
[2019-11-20 9:52:25.628149] [info] Getting Collection processes...
[2019-11-20 9:52:25.628474] [debug] Finding...
[2019-11-20 9:52:26.976455] [info] Connecting to database...
[2019-11-20 9:52:26.976754] [info] Getting Collection processes...
[2019-11-20 9:52:26.977005] [debug] Finding...
[2019-11-20 9:52:29.174737] [info] Connecting to database...
[2019-11-20 9:52:29.175121] [info] Getting Collection processes...
[2019-11-20 9:52:29.175401] [debug] Finding...
[2019-11-20 9:52:32.157417] [info] Connecting to database...
[2019-11-20 9:52:32.157744] [info] Getting Collection processes...
[2019-11-20 9:52:32.158013] [debug] Finding...
[2019-11-20 9:52:33.612576] [info] Connecting to database...
[2019-11-20 9:52:33.612693] [info] Getting Collection processes...
[2019-11-20 9:52:33.612782] [debug] Finding...
[2019-11-20 9:52:37.221096] [info] Connecting to database...
[2019-11-20 9:52:37.221420] [info] Getting Collection processes...
[2019-11-20 9:52:37.221689] [debug] Finding...
[2019-11-20 9:52:42.291385] [info] Connecting to database...
[2019-11-20 9:52:42.291707] [info] Getting Collection processes...
[2019-11-20 9:52:42.291981] [debug] Finding...
[2019-11-20 9:52:47.363168] [info] Connecting to database...
[2019-11-20 9:52:47.363490] [info] Getting Collection processes...
[2019-11-20 9:52:47.363763] [debug] Finding...
[2019-11-20 9:52:52.430438] [info] Connecting to database...
[2019-11-20 9:52:52.430762] [info] Getting Collection processes...
[2019-11-20 9:52:52.431066] [debug] Finding...
[2019-11-20 9:52:57.489749] [info] Connecting to database...
[2019-11-20 9:52:57.490134] [info] Getting Collection processes...
[2019-11-20 9:52:57.490609] [debug] Finding...
[2019-11-20 9:53:02.548975] [info] Connecting to database...
[2019-11-20 9:53:02.549309] [info] Getting Collection processes...
[2019-11-20 9:53:02.549585] [debug] Finding...
[2019-11-20 9:53:07.611932] [info] Connecting to database...
[2019-11-20 9:53:07.612318] [info] Getting Collection processes...
[2019-11-20 9:53:07.612797] [debug] Finding...
[2019-11-20 9:53:12.670761] [info] Connecting to database...
[2019-11-20 9:53:12.671130] [info] Getting Collection processes...
[2019-11-20 9:53:12.671411] [debug] Finding...
[2019-11-20 9:53:14.098808] [info] Connecting to database...
[2019-11-20 9:53:14.099210] [info] Getting Collection processes...
[2019-11-20 9:53:14.099611] [debug] Finding...
[2019-11-20 9:53:17.737186] [info] Connecting to database...
[2019-11-20 9:53:17.737517] [info] Getting Collection processes...
[2019-11-20 9:53:17.738800] [debug] Finding...
[2019-11-20 9:53:22.991827] [info] Connecting to database...
[2019-11-20 9:53:22.991955] [info] Getting Collection processes...
[2019-11-20 9:53:22.992053] [debug] Finding...
[2019-11-20 9:53:28.145447] [info] Connecting to database...
[2019-11-20 9:53:28.145920] [info] Getting Collection processes...
[2019-11-20 9:53:28.146579] [debug] Finding...
[2019-11-20 9:53:28.463608] [info] Connecting to database...
[2019-11-20 9:53:28.463752] [info] Getting Collection accounts...
[2019-11-20 9:53:28.463857] [debug] Finding...
[2019-11-20 9:53:28.473849] [info] Connecting to database...
[2019-11-20 9:53:28.473974] [info] Getting Collection vendors...
[2019-11-20 9:53:28.474069] [debug] Finding...
[2019-11-20 9:53:30.110543] [info] Connecting to database...
[2019-11-20 9:53:30.110971] [info] Getting Collection processes...
[2019-11-20 9:53:30.111301] [debug] Inserting new record...
[2019-11-20 9:53:30.112834] [info] New record inserted with ID: 5dd5536a7926ef651d2d7699
[2019-11-20 9:53:30.113109] [info] Loading certificate content...
[2019-11-20 9:53:30.113353] [debug] Certificate content loaded!
[2019-11-20 9:53:30.113686] [debug] Xero config loaded!
[2019-11-20 9:53:30.998632] [info] Xero data retrieved!
[2019-11-20 9:53:31.004106] [debug] Received data count: 45
[2019-11-20 9:53:31.004358] [info] Connecting to database...
[2019-11-20 9:53:31.004548] [info] Getting Collection processes...
[2019-11-20 9:53:31.004730] [debug] Updating record 5dd5536a7926ef651d2d7699
[2019-11-20 9:53:31.007410] [info] Updating result count: 1
[2019-11-20 9:53:31.007846] [info] Connecting to database...
[2019-11-20 9:53:31.008111] [info] Getting Collection vendors...
[2019-11-20 9:53:31.008299] [info] Inserting/Updating 45 records...
[2019-11-20 9:53:31.055879] [info] Connecting to database...
[2019-11-20 9:53:31.056283] [info] Getting Collection processes...
[2019-11-20 9:53:31.056544] [debug] Updating record 5dd5536a7926ef651d2d7699
[2019-11-20 9:53:31.058072] [info] Updating result count: 1
[2019-11-20 9:53:31.058451] [info] Loading certificate content...
[2019-11-20 9:53:31.058818] [debug] Certificate content loaded!
[2019-11-20 9:53:31.059179] [debug] Xero config loaded!
[2019-11-20 9:53:31.912532] [info] Xero data retrieved!
[2019-11-20 9:53:31.914103] [debug] Received data count: 58
[2019-11-20 9:53:31.914329] [info] Connecting to database...
[2019-11-20 9:53:31.914513] [info] Getting Collection processes...
[2019-11-20 9:53:31.914680] [debug] Updating record 5dd5536a7926ef651d2d7699
[2019-11-20 9:53:31.917165] [info] Updating result count: 1
[2019-11-20 9:53:31.917581] [info] Connecting to database...
[2019-11-20 9:53:31.917768] [info] Getting Collection accounts...
[2019-11-20 9:53:31.917936] [info] Inserting/Updating 58 records...
[2019-11-20 9:53:31.985200] [info] Connecting to database...
[2019-11-20 9:53:31.985502] [info] Getting Collection processes...
[2019-11-20 9:53:31.985789] [debug] Updating record 5dd5536a7926ef651d2d7699
[2019-11-20 9:53:31.986797] [info] Updating result count: 1
[2019-11-20 9:53:31.987097] [info] Connecting to database...
[2019-11-20 9:53:31.987340] [info] Getting Collection processes...
[2019-11-20 9:53:31.987584] [debug] Updating record 5dd5536a7926ef651d2d7699
[2019-11-20 9:53:31.988934] [info] Updating result count: 1
[2019-11-20 9:53:47.011388] [info] Connecting to database...
[2019-11-20 9:53:47.011759] [info] Getting Collection processes...
[2019-11-20 9:53:47.012094] [debug] Finding...
[2019-11-20 9:53:51.910460] [info] Connecting to database...
[2019-11-20 9:53:51.910789] [info] Getting Collection processes...
[2019-11-20 9:53:51.911113] [debug] Finding...
[2019-11-20 9:53:57.064008] [info] Connecting to database...
[2019-11-20 9:53:57.064439] [info] Getting Collection processes...
[2019-11-20 9:53:57.064729] [debug] Finding...
[2019-11-20 9:54:02.145342] [info] Connecting to database...
[2019-11-20 9:54:02.145730] [info] Getting Collection processes...
[2019-11-20 9:54:02.146188] [debug] Finding...
[2019-11-20 9:54:07.382615] [info] Connecting to database...
[2019-11-20 9:54:07.382805] [info] Getting Collection processes...
[2019-11-20 9:54:07.382978] [debug] Finding...
[2019-11-20 9:54:12.446521] [info] Connecting to database...
[2019-11-20 9:54:12.446933] [info] Getting Collection processes...
[2019-11-20 9:54:12.448291] [debug] Finding...
[2019-11-20 9:54:17.571621] [info] Connecting to database...
[2019-11-20 9:54:17.572021] [info] Getting Collection processes...
[2019-11-20 9:54:17.573265] [debug] Finding...
[2019-11-20 9:54:22.680298] [info] Connecting to database...
[2019-11-20 9:54:22.680696] [info] Getting Collection processes...
[2019-11-20 9:54:22.681498] [debug] Finding...
[2019-11-20 9:54:27.739625] [info] Connecting to database...
[2019-11-20 9:54:27.739998] [info] Getting Collection processes...
[2019-11-20 9:54:27.740447] [debug] Finding...
[2019-11-20 9:54:32.802640] [info] Connecting to database...
[2019-11-20 9:54:32.803011] [info] Getting Collection processes...
[2019-11-20 9:54:32.803277] [debug] Finding...
[2019-11-20 9:54:37.873114] [info] Connecting to database...
[2019-11-20 9:54:37.873440] [info] Getting Collection processes...
[2019-11-20 9:54:37.873713] [debug] Finding...
[2019-11-20 9:54:42.954225] [info] Connecting to database...
[2019-11-20 9:54:42.954565] [info] Getting Collection processes...
[2019-11-20 9:54:42.954868] [debug] Finding...
[2019-11-20 9:54:48.020685] [info] Connecting to database...
[2019-11-20 9:54:48.021022] [info] Getting Collection processes...
[2019-11-20 9:54:48.021465] [debug] Finding...
[2019-11-20 9:54:53.084979] [info] Connecting to database...
[2019-11-20 9:54:53.085306] [info] Getting Collection processes...
[2019-11-20 9:54:53.085827] [debug] Finding...
[2019-11-20 9:54:58.142204] [info] Connecting to database...
[2019-11-20 9:54:58.142671] [info] Getting Collection processes...
[2019-11-20 9:54:58.142981] [debug] Finding...
[2019-11-20 9:55:03.202028] [info] Connecting to database...
[2019-11-20 9:55:03.202414] [info] Getting Collection processes...
[2019-11-20 9:55:03.202924] [debug] Finding...
[2019-11-20 9:55:08.259161] [info] Connecting to database...
[2019-11-20 9:55:08.259495] [info] Getting Collection processes...
[2019-11-20 9:55:08.259776] [debug] Finding...
[2019-11-20 9:55:13.316004] [info] Connecting to database...
[2019-11-20 9:55:13.316350] [info] Getting Collection processes...
[2019-11-20 9:55:13.317138] [debug] Finding...
[2019-11-20 9:55:18.369848] [info] Connecting to database...
[2019-11-20 9:55:18.370184] [info] Getting Collection processes...
[2019-11-20 9:55:18.370989] [debug] Finding...
[2019-11-20 9:55:23.426765] [info] Connecting to database...
[2019-11-20 9:55:23.427165] [info] Getting Collection processes...
[2019-11-20 9:55:23.427449] [debug] Finding...
[2019-11-20 9:55:28.486818] [info] Connecting to database...
[2019-11-20 9:55:28.487246] [info] Getting Collection processes...
[2019-11-20 9:55:28.487520] [debug] Finding...
[2019-11-20 9:55:33.538173] [info] Connecting to database...
[2019-11-20 9:55:33.538507] [info] Getting Collection processes...
[2019-11-20 9:55:33.538784] [debug] Finding...
[2019-11-20 9:55:38.589883] [info] Connecting to database...
[2019-11-20 9:55:38.590215] [info] Getting Collection processes...
[2019-11-20 9:55:38.590496] [debug] Finding...
[2019-11-20 9:55:43.655472] [info] Connecting to database...
[2019-11-20 9:55:43.655807] [info] Getting Collection processes...
[2019-11-20 9:55:43.656089] [debug] Finding...
[2019-11-20 9:55:48.714021] [info] Connecting to database...
[2019-11-20 9:55:48.714493] [info] Getting Collection processes...
[2019-11-20 9:55:48.714809] [debug] Finding...
[2019-11-20 9:55:53.771644] [info] Connecting to database...
[2019-11-20 9:55:53.772346] [info] Getting Collection processes...
[2019-11-20 9:55:53.773088] [debug] Finding...
[2019-11-20 9:55:58.830631] [info] Connecting to database...
[2019-11-20 9:55:58.830997] [info] Getting Collection processes...
[2019-11-20 9:55:58.831989] [debug] Finding...
[2019-11-20 9:56:03.888101] [info] Connecting to database...
[2019-11-20 9:56:03.888499] [info] Getting Collection processes...
[2019-11-20 9:56:03.889236] [debug] Finding...
[2019-11-20 9:56:08.947053] [info] Connecting to database...
[2019-11-20 9:56:08.947458] [info] Getting Collection processes...
[2019-11-20 9:56:08.947844] [debug] Finding...
[2019-11-20 9:56:14.002119] [info] Connecting to database...
[2019-11-20 9:56:14.002451] [info] Getting Collection processes...
[2019-11-20 9:56:14.002731] [debug] Finding...
[2019-11-20 9:56:19.055881] [info] Connecting to database...
[2019-11-20 9:56:19.056232] [info] Getting Collection processes...
[2019-11-20 9:56:19.056512] [debug] Finding...
[2019-11-20 9:56:24.118350] [info] Connecting to database...
[2019-11-20 9:56:24.118721] [info] Getting Collection processes...
[2019-11-20 9:56:24.119060] [debug] Finding...
[2019-11-20 9:56:29.174660] [info] Connecting to database...
[2019-11-20 9:56:29.175038] [info] Getting Collection processes...
[2019-11-20 9:56:29.239259] [debug] Finding...
[2019-11-20 9:56:34.393826] [info] Connecting to database...
[2019-11-20 9:56:34.394160] [info] Getting Collection processes...
[2019-11-20 9:56:34.394884] [debug] Finding...
[2019-11-20 9:56:39.446845] [info] Connecting to database...
[2019-11-20 9:56:39.447305] [info] Getting Collection processes...
[2019-11-20 9:56:39.448657] [debug] Finding...
[2019-11-20 9:56:44.542985] [info] Connecting to database...
[2019-11-20 9:56:44.543329] [info] Getting Collection processes...
[2019-11-20 9:56:44.544696] [debug] Finding...
[2019-11-20 9:56:49.596926] [info] Connecting to database...
[2019-11-20 9:56:49.597263] [info] Getting Collection processes...
[2019-11-20 9:56:49.598639] [debug] Finding...
[2019-11-20 9:56:54.654733] [info] Connecting to database...
[2019-11-20 9:56:54.655092] [info] Getting Collection processes...
[2019-11-20 9:56:54.655366] [debug] Finding...
[2019-11-20 9:56:59.741822] [info] Connecting to database...
[2019-11-20 9:56:59.742199] [info] Getting Collection processes...
[2019-11-20 9:56:59.742475] [debug] Finding...
[2019-11-20 9:57:04.830338] [info] Connecting to database...
[2019-11-20 9:57:04.830533] [info] Getting Collection processes...
[2019-11-20 9:57:04.830693] [debug] Finding...
[2019-11-20 9:57:05.582684] [info] Connecting to database...
[2019-11-20 9:57:05.582818] [info] Getting Collection processes...
[2019-11-20 9:57:05.582998] [debug] Finding...
[2019-11-20 9:57:20.617269] [info] Connecting to database...
[2019-11-20 9:57:20.617594] [info] Getting Collection processes...
[2019-11-20 9:57:20.617863] [debug] Finding...
[2019-11-20 9:57:35.847260] [info] Connecting to database...
[2019-11-20 9:57:35.847595] [info] Getting Collection processes...
[2019-11-20 9:57:35.847965] [debug] Finding...
