[2019-11-17 11:37:30.326375] [info] Loading certificate content...
[2019-11-17 11:37:30.326746] [debug] Certificate content loaded!
[2019-11-17 11:37:30.329744] [debug] Xero config loaded!
[2019-11-17 11:37:31.675096] [info] Xero data retrieved!
[2019-11-17 11:37:31.678822] [debug] Received data count: 45
[2019-11-17 11:37:31.679037] [debug] Original entry field count: 13
[2019-11-17 11:37:31.679188] [debug] Cleaned entry field count: 2
[2019-11-17 11:37:31.679347] [debug] Original entry field count: 9
[2019-11-17 11:37:31.679481] [debug] Cleaned entry field count: 2
[2019-11-17 11:37:31.679625] [debug] Original entry field count: 9
[2019-11-17 11:37:31.679833] [debug] Cleaned entry field count: 2
[2019-11-17 11:37:31.679977] [debug] Original entry field count: 9
[2019-11-17 11:37:31.680119] [debug] Cleaned entry field count: 2
[2019-11-17 11:37:31.680258] [debug] Original entry field count: 10
[2019-11-17 11:37:31.680386] [debug] Cleaned entry field count: 2
[2019-11-17 11:37:31.680516] [debug] Original entry field count: 9
[2019-11-17 11:37:31.680639] [debug] Cleaned entry field count: 2
[2019-11-17 11:37:31.680767] [debug] Original entry field count: 9
[2019-11-17 11:37:31.680891] [debug] Cleaned entry field count: 2
[2019-11-17 11:37:31.681020] [debug] Original entry field count: 9
[2019-11-17 11:37:31.681149] [debug] Cleaned entry field count: 2
[2019-11-17 11:37:31.681277] [debug] Original entry field count: 10
[2019-11-17 11:37:31.681402] [debug] Cleaned entry field count: 2
[2019-11-17 11:37:31.681536] [debug] Original entry field count: 9
[2019-11-17 11:37:31.681670] [debug] Cleaned entry field count: 2
[2019-11-17 11:37:31.681821] [debug] Original entry field count: 9
[2019-11-17 11:37:31.682044] [debug] Cleaned entry field count: 2
[2019-11-17 11:37:31.682262] [debug] Original entry field count: 9
[2019-11-17 11:37:31.682472] [debug] Cleaned entry field count: 2
[2019-11-17 11:37:31.682687] [debug] Original entry field count: 10
[2019-11-17 11:37:31.682899] [debug] Cleaned entry field count: 2
[2019-11-17 11:37:31.683100] [debug] Original entry field count: 9
[2019-11-17 11:37:31.683303] [debug] Cleaned entry field count: 2
[2019-11-17 11:37:31.683520] [debug] Original entry field count: 9
[2019-11-17 11:37:31.683773] [debug] Cleaned entry field count: 2
[2019-11-17 11:37:31.684010] [debug] Original entry field count: 9
[2019-11-17 11:37:31.684231] [debug] Cleaned entry field count: 2
[2019-11-17 11:37:31.684457] [debug] Original entry field count: 10
[2019-11-17 11:37:31.684673] [debug] Cleaned entry field count: 2
[2019-11-17 11:37:31.684812] [debug] Original entry field count: 11
[2019-11-17 11:37:31.684938] [debug] Cleaned entry field count: 2
[2019-11-17 11:37:31.685070] [debug] Original entry field count: 10
[2019-11-17 11:37:31.685195] [debug] Cleaned entry field count: 2
[2019-11-17 11:37:31.685327] [debug] Original entry field count: 10
[2019-11-17 11:37:31.685452] [debug] Cleaned entry field count: 2
[2019-11-17 11:37:31.685585] [debug] Original entry field count: 10
[2019-11-17 11:37:31.685710] [debug] Cleaned entry field count: 2
[2019-11-17 11:37:31.685839] [debug] Original entry field count: 9
[2019-11-17 11:37:31.685966] [debug] Cleaned entry field count: 2
[2019-11-17 11:37:31.686100] [debug] Original entry field count: 10
[2019-11-17 11:37:31.686228] [debug] Cleaned entry field count: 2
[2019-11-17 11:37:31.686356] [debug] Original entry field count: 9
[2019-11-17 11:37:31.686482] [debug] Cleaned entry field count: 2
[2019-11-17 11:37:31.686614] [debug] Original entry field count: 9
[2019-11-17 11:37:31.686742] [debug] Cleaned entry field count: 2
[2019-11-17 11:37:31.686873] [debug] Original entry field count: 11
[2019-11-17 11:37:31.687000] [debug] Cleaned entry field count: 2
[2019-11-17 11:37:31.687129] [debug] Original entry field count: 13
[2019-11-17 11:37:31.687257] [debug] Cleaned entry field count: 2
[2019-11-17 11:37:31.687382] [debug] Original entry field count: 12
[2019-11-17 11:37:31.687505] [debug] Cleaned entry field count: 2
[2019-11-17 11:37:31.687633] [debug] Original entry field count: 9
[2019-11-17 11:37:31.687841] [debug] Cleaned entry field count: 2
[2019-11-17 11:37:31.687978] [debug] Original entry field count: 11
[2019-11-17 11:37:31.688100] [debug] Cleaned entry field count: 2
[2019-11-17 11:37:31.688227] [debug] Original entry field count: 9
[2019-11-17 11:37:31.688352] [debug] Cleaned entry field count: 2
[2019-11-17 11:37:31.688481] [debug] Original entry field count: 10
[2019-11-17 11:37:31.688602] [debug] Cleaned entry field count: 2
[2019-11-17 11:37:31.688730] [debug] Original entry field count: 11
[2019-11-17 11:37:31.688855] [debug] Cleaned entry field count: 2
[2019-11-17 11:37:31.688982] [debug] Original entry field count: 9
[2019-11-17 11:37:31.689111] [debug] Cleaned entry field count: 2
[2019-11-17 11:37:31.689243] [debug] Original entry field count: 19
[2019-11-17 11:37:31.689367] [debug] Cleaned entry field count: 2
[2019-11-17 11:37:31.689493] [debug] Original entry field count: 11
[2019-11-17 11:37:31.689639] [debug] Cleaned entry field count: 2
[2019-11-17 11:37:31.689817] [debug] Original entry field count: 9
[2019-11-17 11:37:31.689944] [debug] Cleaned entry field count: 2
[2019-11-17 11:37:31.690073] [debug] Original entry field count: 10
[2019-11-17 11:37:31.690200] [debug] Cleaned entry field count: 2
[2019-11-17 11:37:31.690536] [debug] Original entry field count: 11
[2019-11-17 11:37:31.690680] [debug] Cleaned entry field count: 2
[2019-11-17 11:37:31.690814] [debug] Original entry field count: 9
[2019-11-17 11:37:31.690942] [debug] Cleaned entry field count: 2
[2019-11-17 11:37:31.691071] [debug] Original entry field count: 9
[2019-11-17 11:37:31.691200] [debug] Cleaned entry field count: 2
[2019-11-17 11:37:31.691365] [debug] Original entry field count: 10
[2019-11-17 11:37:31.691490] [debug] Cleaned entry field count: 2
[2019-11-17 11:37:31.691621] [debug] Original entry field count: 10
[2019-11-17 11:37:31.691804] [debug] Cleaned entry field count: 2
[2019-11-17 11:37:31.691936] [debug] Original entry field count: 9
[2019-11-17 11:37:31.692059] [debug] Cleaned entry field count: 2
[2019-11-17 11:37:31.692188] [debug] Original entry field count: 12
[2019-11-17 11:37:31.692313] [debug] Cleaned entry field count: 2
[2019-11-17 11:37:31.692468] [info] Nothing to save: 
[2019-11-17 11:37:49.377703] [info] Loading certificate content...
[2019-11-17 11:37:49.378104] [debug] Certificate content loaded!
[2019-11-17 11:37:49.381735] [debug] Xero config loaded!
[2019-11-17 11:37:49.936712] [info] Xero data retrieved!
[2019-11-17 11:37:49.940593] [debug] Received data count: 45
[2019-11-17 11:37:49.940813] [debug] Original entry field count: 13
[2019-11-17 11:37:49.940960] [debug] Cleaned entry field count: 2
[2019-11-17 11:37:49.941143] [debug] Original entry field count: 9
[2019-11-17 11:37:49.941385] [debug] Cleaned entry field count: 2
[2019-11-17 11:37:49.941595] [debug] Original entry field count: 9
[2019-11-17 11:37:49.941728] [debug] Cleaned entry field count: 2
[2019-11-17 11:37:49.941864] [debug] Original entry field count: 9
[2019-11-17 11:37:49.942079] [debug] Cleaned entry field count: 2
[2019-11-17 11:37:49.942228] [debug] Original entry field count: 10
[2019-11-17 11:37:49.942356] [debug] Cleaned entry field count: 2
[2019-11-17 11:37:49.942490] [debug] Original entry field count: 9
[2019-11-17 11:37:49.942612] [debug] Cleaned entry field count: 2
[2019-11-17 11:37:49.942816] [debug] Original entry field count: 9
[2019-11-17 11:37:49.942950] [debug] Cleaned entry field count: 2
[2019-11-17 11:37:49.943083] [debug] Original entry field count: 9
[2019-11-17 11:37:49.943209] [debug] Cleaned entry field count: 2
[2019-11-17 11:37:49.943341] [debug] Original entry field count: 10
[2019-11-17 11:37:49.943516] [debug] Cleaned entry field count: 2
[2019-11-17 11:37:49.943697] [debug] Original entry field count: 9
[2019-11-17 11:37:49.943883] [debug] Cleaned entry field count: 2
[2019-11-17 11:37:49.944026] [debug] Original entry field count: 9
[2019-11-17 11:37:49.944148] [debug] Cleaned entry field count: 2
[2019-11-17 11:37:49.944282] [debug] Original entry field count: 9
[2019-11-17 11:37:49.944503] [debug] Cleaned entry field count: 2
[2019-11-17 11:37:49.944648] [debug] Original entry field count: 10
[2019-11-17 11:37:49.944780] [debug] Cleaned entry field count: 2
[2019-11-17 11:37:49.944911] [debug] Original entry field count: 9
[2019-11-17 11:37:49.945038] [debug] Cleaned entry field count: 2
[2019-11-17 11:37:49.945185] [debug] Original entry field count: 9
[2019-11-17 11:37:49.945364] [debug] Cleaned entry field count: 2
[2019-11-17 11:37:49.945498] [debug] Original entry field count: 9
[2019-11-17 11:37:49.945622] [debug] Cleaned entry field count: 2
[2019-11-17 11:37:49.945755] [debug] Original entry field count: 10
[2019-11-17 11:37:49.945899] [debug] Cleaned entry field count: 2
[2019-11-17 11:37:49.946083] [debug] Original entry field count: 11
[2019-11-17 11:37:49.946211] [debug] Cleaned entry field count: 2
[2019-11-17 11:37:49.946346] [debug] Original entry field count: 10
[2019-11-17 11:37:49.946472] [debug] Cleaned entry field count: 2
[2019-11-17 11:37:49.946631] [debug] Original entry field count: 10
[2019-11-17 11:37:49.946798] [debug] Cleaned entry field count: 2
[2019-11-17 11:37:49.946933] [debug] Original entry field count: 10
[2019-11-17 11:37:49.947055] [debug] Cleaned entry field count: 2
[2019-11-17 11:37:49.947184] [debug] Original entry field count: 9
[2019-11-17 11:37:49.947320] [debug] Cleaned entry field count: 2
[2019-11-17 11:37:49.947510] [debug] Original entry field count: 10
[2019-11-17 11:37:49.947640] [debug] Cleaned entry field count: 2
[2019-11-17 11:37:49.947824] [debug] Original entry field count: 9
[2019-11-17 11:37:49.947947] [debug] Cleaned entry field count: 2
[2019-11-17 11:37:49.948081] [debug] Original entry field count: 9
[2019-11-17 11:37:49.948282] [debug] Cleaned entry field count: 2
[2019-11-17 11:37:49.948420] [debug] Original entry field count: 11
[2019-11-17 11:37:49.948543] [debug] Cleaned entry field count: 2
[2019-11-17 11:37:49.948683] [debug] Original entry field count: 13
[2019-11-17 11:37:49.948815] [debug] Cleaned entry field count: 2
[2019-11-17 11:37:49.948961] [debug] Original entry field count: 12
[2019-11-17 11:37:49.949088] [debug] Cleaned entry field count: 2
[2019-11-17 11:37:49.949223] [debug] Original entry field count: 9
[2019-11-17 11:37:49.949346] [debug] Cleaned entry field count: 2
[2019-11-17 11:37:49.949549] [debug] Original entry field count: 11
[2019-11-17 11:37:49.949686] [debug] Cleaned entry field count: 2
[2019-11-17 11:37:49.949887] [debug] Original entry field count: 9
[2019-11-17 11:37:49.950018] [debug] Cleaned entry field count: 2
[2019-11-17 11:37:49.950193] [debug] Original entry field count: 10
[2019-11-17 11:37:49.950345] [debug] Cleaned entry field count: 2
[2019-11-17 11:37:49.950495] [debug] Original entry field count: 11
[2019-11-17 11:37:49.950623] [debug] Cleaned entry field count: 2
[2019-11-17 11:37:49.950757] [debug] Original entry field count: 9
[2019-11-17 11:37:49.950942] [debug] Cleaned entry field count: 2
[2019-11-17 11:37:49.951157] [debug] Original entry field count: 19
[2019-11-17 11:37:49.951298] [debug] Cleaned entry field count: 2
[2019-11-17 11:37:49.951446] [debug] Original entry field count: 11
[2019-11-17 11:37:49.951575] [debug] Cleaned entry field count: 2
[2019-11-17 11:37:49.951848] [debug] Original entry field count: 9
[2019-11-17 11:37:49.952069] [debug] Cleaned entry field count: 2
[2019-11-17 11:37:49.952231] [debug] Original entry field count: 10
[2019-11-17 11:37:49.952364] [debug] Cleaned entry field count: 2
[2019-11-17 11:37:49.952510] [debug] Original entry field count: 11
[2019-11-17 11:37:49.952722] [debug] Cleaned entry field count: 2
[2019-11-17 11:37:49.952883] [debug] Original entry field count: 9
[2019-11-17 11:37:49.953018] [debug] Cleaned entry field count: 2
[2019-11-17 11:37:49.953155] [debug] Original entry field count: 9
[2019-11-17 11:37:49.953284] [debug] Cleaned entry field count: 2
[2019-11-17 11:37:49.953459] [debug] Original entry field count: 10
[2019-11-17 11:37:49.953624] [debug] Cleaned entry field count: 2
[2019-11-17 11:37:49.953762] [debug] Original entry field count: 10
[2019-11-17 11:37:49.953907] [debug] Cleaned entry field count: 2
[2019-11-17 11:37:49.954049] [debug] Original entry field count: 9
[2019-11-17 11:37:49.954176] [debug] Cleaned entry field count: 2
[2019-11-17 11:37:49.954310] [debug] Original entry field count: 12
[2019-11-17 11:37:49.954442] [debug] Cleaned entry field count: 2
[2019-11-17 11:37:49.954602] [info] Nothing to save: 
[2019-11-17 11:38:13.189280] [info] Loading certificate content...
[2019-11-17 11:38:13.189651] [debug] Certificate content loaded!
[2019-11-17 11:38:13.192547] [debug] Xero config loaded!
[2019-11-17 11:38:13.853506] [info] Xero data retrieved!
[2019-11-17 11:38:13.855521] [debug] Received data count: 58
[2019-11-17 11:38:13.855839] [debug] Original entry field count: 16
[2019-11-17 11:38:13.855998] [debug] Cleaned entry field count: 7
[2019-11-17 11:38:13.856132] [debug] Original entry field count: 16
[2019-11-17 11:38:13.856262] [debug] Cleaned entry field count: 7
[2019-11-17 11:38:13.856390] [debug] Original entry field count: 15
[2019-11-17 11:38:13.856517] [debug] Cleaned entry field count: 7
[2019-11-17 11:38:13.856638] [debug] Original entry field count: 14
[2019-11-17 11:38:13.856764] [debug] Cleaned entry field count: 7
[2019-11-17 11:38:13.856884] [debug] Original entry field count: 14
[2019-11-17 11:38:13.857012] [debug] Cleaned entry field count: 7
[2019-11-17 11:38:13.857136] [debug] Original entry field count: 14
[2019-11-17 11:38:13.857265] [debug] Cleaned entry field count: 7
[2019-11-17 11:38:13.857388] [debug] Original entry field count: 14
[2019-11-17 11:38:13.857511] [debug] Cleaned entry field count: 7
[2019-11-17 11:38:13.857637] [debug] Original entry field count: 14
[2019-11-17 11:38:13.857763] [debug] Cleaned entry field count: 7
[2019-11-17 11:38:13.857886] [debug] Original entry field count: 14
[2019-11-17 11:38:13.858011] [debug] Cleaned entry field count: 7
[2019-11-17 11:38:13.858133] [debug] Original entry field count: 14
[2019-11-17 11:38:13.858258] [debug] Cleaned entry field count: 7
[2019-11-17 11:38:13.858376] [debug] Original entry field count: 14
[2019-11-17 11:38:13.858500] [debug] Cleaned entry field count: 7
[2019-11-17 11:38:13.858622] [debug] Original entry field count: 14
[2019-11-17 11:38:13.858747] [debug] Cleaned entry field count: 7
[2019-11-17 11:38:13.858867] [debug] Original entry field count: 14
[2019-11-17 11:38:13.858992] [debug] Cleaned entry field count: 7
[2019-11-17 11:38:13.859116] [debug] Original entry field count: 14
[2019-11-17 11:38:13.859241] [debug] Cleaned entry field count: 7
[2019-11-17 11:38:13.859364] [debug] Original entry field count: 14
[2019-11-17 11:38:13.859488] [debug] Cleaned entry field count: 7
[2019-11-17 11:38:13.859611] [debug] Original entry field count: 14
[2019-11-17 11:38:13.859770] [debug] Cleaned entry field count: 7
[2019-11-17 11:38:13.859894] [debug] Original entry field count: 14
[2019-11-17 11:38:13.860019] [debug] Cleaned entry field count: 7
[2019-11-17 11:38:13.860142] [debug] Original entry field count: 14
[2019-11-17 11:38:13.860269] [debug] Cleaned entry field count: 7
[2019-11-17 11:38:13.860388] [debug] Original entry field count: 14
[2019-11-17 11:38:13.860513] [debug] Cleaned entry field count: 7
[2019-11-17 11:38:13.860634] [debug] Original entry field count: 14
[2019-11-17 11:38:13.860755] [debug] Cleaned entry field count: 7
[2019-11-17 11:38:13.860874] [debug] Original entry field count: 14
[2019-11-17 11:38:13.860999] [debug] Cleaned entry field count: 7
[2019-11-17 11:38:13.861121] [debug] Original entry field count: 14
[2019-11-17 11:38:13.861247] [debug] Cleaned entry field count: 7
[2019-11-17 11:38:13.861398] [debug] Original entry field count: 14
[2019-11-17 11:38:13.861526] [debug] Cleaned entry field count: 7
[2019-11-17 11:38:13.861653] [debug] Original entry field count: 14
[2019-11-17 11:38:13.861779] [debug] Cleaned entry field count: 7
[2019-11-17 11:38:13.861905] [debug] Original entry field count: 14
[2019-11-17 11:38:13.862032] [debug] Cleaned entry field count: 7
[2019-11-17 11:38:13.862179] [debug] Original entry field count: 14
[2019-11-17 11:38:13.862308] [debug] Cleaned entry field count: 7
[2019-11-17 11:38:13.862431] [debug] Original entry field count: 14
[2019-11-17 11:38:13.862552] [debug] Cleaned entry field count: 7
[2019-11-17 11:38:13.862675] [debug] Original entry field count: 14
[2019-11-17 11:38:13.862796] [debug] Cleaned entry field count: 7
[2019-11-17 11:38:13.862912] [debug] Original entry field count: 14
[2019-11-17 11:38:13.863035] [debug] Cleaned entry field count: 7
[2019-11-17 11:38:13.863157] [debug] Original entry field count: 14
[2019-11-17 11:38:13.863281] [debug] Cleaned entry field count: 7
[2019-11-17 11:38:13.863403] [debug] Original entry field count: 15
[2019-11-17 11:38:13.863526] [debug] Cleaned entry field count: 7
[2019-11-17 11:38:13.863648] [debug] Original entry field count: 15
[2019-11-17 11:38:13.863804] [debug] Cleaned entry field count: 7
[2019-11-17 11:38:13.863925] [debug] Original entry field count: 15
[2019-11-17 11:38:13.864049] [debug] Cleaned entry field count: 7
[2019-11-17 11:38:13.864211] [debug] Original entry field count: 14
[2019-11-17 11:38:13.864341] [debug] Cleaned entry field count: 7
[2019-11-17 11:38:13.864461] [debug] Original entry field count: 15
[2019-11-17 11:38:13.864588] [debug] Cleaned entry field count: 7
[2019-11-17 11:38:13.864708] [debug] Original entry field count: 14
[2019-11-17 11:38:13.864835] [debug] Cleaned entry field count: 7
[2019-11-17 11:38:13.864955] [debug] Original entry field count: 14
[2019-11-17 11:38:13.865082] [debug] Cleaned entry field count: 7
[2019-11-17 11:38:13.865202] [debug] Original entry field count: 14
[2019-11-17 11:38:13.865325] [debug] Cleaned entry field count: 7
[2019-11-17 11:38:13.865452] [debug] Original entry field count: 14
[2019-11-17 11:38:13.865576] [debug] Cleaned entry field count: 7
[2019-11-17 11:38:13.865701] [debug] Original entry field count: 14
[2019-11-17 11:38:13.865824] [debug] Cleaned entry field count: 7
[2019-11-17 11:38:13.865951] [debug] Original entry field count: 14
[2019-11-17 11:38:13.866075] [debug] Cleaned entry field count: 7
[2019-11-17 11:38:13.866199] [debug] Original entry field count: 15
[2019-11-17 11:38:13.866322] [debug] Cleaned entry field count: 7
[2019-11-17 11:38:13.866445] [debug] Original entry field count: 15
[2019-11-17 11:38:13.866569] [debug] Cleaned entry field count: 7
[2019-11-17 11:38:13.866695] [debug] Original entry field count: 15
[2019-11-17 11:38:13.866821] [debug] Cleaned entry field count: 7
[2019-11-17 11:38:13.866945] [debug] Original entry field count: 14
[2019-11-17 11:38:13.867074] [debug] Cleaned entry field count: 7
[2019-11-17 11:38:13.867202] [debug] Original entry field count: 14
[2019-11-17 11:38:13.867327] [debug] Cleaned entry field count: 7
[2019-11-17 11:38:13.867451] [debug] Original entry field count: 14
[2019-11-17 11:38:13.867578] [debug] Cleaned entry field count: 7
[2019-11-17 11:38:13.867722] [debug] Original entry field count: 14
[2019-11-17 11:38:13.867849] [debug] Cleaned entry field count: 7
[2019-11-17 11:38:13.867968] [debug] Original entry field count: 15
[2019-11-17 11:38:13.868093] [debug] Cleaned entry field count: 7
[2019-11-17 11:38:13.868213] [debug] Original entry field count: 14
[2019-11-17 11:38:13.868340] [debug] Cleaned entry field count: 7
[2019-11-17 11:38:13.868459] [debug] Original entry field count: 13
[2019-11-17 11:38:13.868581] [debug] Cleaned entry field count: 7
[2019-11-17 11:38:13.868702] [debug] Original entry field count: 15
[2019-11-17 11:38:13.868828] [debug] Cleaned entry field count: 7
[2019-11-17 11:38:13.868952] [debug] Original entry field count: 15
[2019-11-17 11:38:13.869077] [debug] Cleaned entry field count: 7
[2019-11-17 11:38:13.869203] [debug] Original entry field count: 14
[2019-11-17 11:38:13.869324] [debug] Cleaned entry field count: 7
[2019-11-17 11:38:13.869447] [debug] Original entry field count: 14
[2019-11-17 11:38:13.869571] [debug] Cleaned entry field count: 7
[2019-11-17 11:38:13.869692] [debug] Original entry field count: 14
[2019-11-17 11:38:13.869829] [debug] Cleaned entry field count: 7
[2019-11-17 11:38:13.869952] [debug] Original entry field count: 15
[2019-11-17 11:38:13.870075] [debug] Cleaned entry field count: 7
[2019-11-17 11:38:13.870198] [debug] Original entry field count: 14
[2019-11-17 11:38:13.870323] [debug] Cleaned entry field count: 7
[2019-11-17 11:38:13.870470] [info] Nothing to save: 
[2019-11-17 11:39:11.166976] [info] Loading certificate content...
[2019-11-17 11:39:11.167347] [debug] Certificate content loaded!
[2019-11-17 11:39:11.170404] [debug] Xero config loaded!
[2019-11-17 11:39:12.018168] [info] Xero data retrieved!
[2019-11-17 11:39:12.020003] [debug] Received data count: 58
[2019-11-17 11:39:12.020237] [debug] Original entry field count: 16
[2019-11-17 11:39:12.020385] [debug] Cleaned entry field count: 7
[2019-11-17 11:39:12.020518] [debug] Original entry field count: 16
[2019-11-17 11:39:12.020736] [debug] Cleaned entry field count: 7
[2019-11-17 11:39:12.020878] [debug] Original entry field count: 15
[2019-11-17 11:39:12.021018] [debug] Cleaned entry field count: 7
[2019-11-17 11:39:12.021203] [debug] Original entry field count: 14
[2019-11-17 11:39:12.021333] [debug] Cleaned entry field count: 7
[2019-11-17 11:39:12.021528] [debug] Original entry field count: 14
[2019-11-17 11:39:12.021665] [debug] Cleaned entry field count: 7
[2019-11-17 11:39:12.021850] [debug] Original entry field count: 14
[2019-11-17 11:39:12.021989] [debug] Cleaned entry field count: 7
[2019-11-17 11:39:12.022150] [debug] Original entry field count: 14
[2019-11-17 11:39:12.022311] [debug] Cleaned entry field count: 7
[2019-11-17 11:39:12.022444] [debug] Original entry field count: 14
[2019-11-17 11:39:12.022629] [debug] Cleaned entry field count: 7
[2019-11-17 11:39:12.022758] [debug] Original entry field count: 14
[2019-11-17 11:39:12.022949] [debug] Cleaned entry field count: 7
[2019-11-17 11:39:12.023082] [debug] Original entry field count: 14
[2019-11-17 11:39:12.023284] [debug] Cleaned entry field count: 7
[2019-11-17 11:39:12.023431] [debug] Original entry field count: 14
[2019-11-17 11:39:12.023621] [debug] Cleaned entry field count: 7
[2019-11-17 11:39:12.023838] [debug] Original entry field count: 14
[2019-11-17 11:39:12.023971] [debug] Cleaned entry field count: 7
[2019-11-17 11:39:12.024161] [debug] Original entry field count: 14
[2019-11-17 11:39:12.024291] [debug] Cleaned entry field count: 7
[2019-11-17 11:39:12.024482] [debug] Original entry field count: 14
[2019-11-17 11:39:12.024616] [debug] Cleaned entry field count: 7
[2019-11-17 11:39:12.024758] [debug] Original entry field count: 14
[2019-11-17 11:39:12.024885] [debug] Cleaned entry field count: 7
[2019-11-17 11:39:12.025008] [debug] Original entry field count: 14
[2019-11-17 11:39:12.025201] [debug] Cleaned entry field count: 7
[2019-11-17 11:39:12.025393] [debug] Original entry field count: 14
[2019-11-17 11:39:12.025527] [debug] Cleaned entry field count: 7
[2019-11-17 11:39:12.025651] [debug] Original entry field count: 14
[2019-11-17 11:39:12.025778] [debug] Cleaned entry field count: 7
[2019-11-17 11:39:12.025897] [debug] Original entry field count: 14
[2019-11-17 11:39:12.026021] [debug] Cleaned entry field count: 7
[2019-11-17 11:39:12.026144] [debug] Original entry field count: 14
[2019-11-17 11:39:12.026268] [debug] Cleaned entry field count: 7
[2019-11-17 11:39:12.026391] [debug] Original entry field count: 14
[2019-11-17 11:39:12.026516] [debug] Cleaned entry field count: 7
[2019-11-17 11:39:12.026642] [debug] Original entry field count: 14
[2019-11-17 11:39:12.026768] [debug] Cleaned entry field count: 7
[2019-11-17 11:39:12.026891] [debug] Original entry field count: 14
[2019-11-17 11:39:12.027013] [debug] Cleaned entry field count: 7
[2019-11-17 11:39:12.027138] [debug] Original entry field count: 14
[2019-11-17 11:39:12.027264] [debug] Cleaned entry field count: 7
[2019-11-17 11:39:12.027390] [debug] Original entry field count: 14
[2019-11-17 11:39:12.027520] [debug] Cleaned entry field count: 7
[2019-11-17 11:39:12.027730] [debug] Original entry field count: 14
[2019-11-17 11:39:12.027921] [debug] Cleaned entry field count: 7
[2019-11-17 11:39:12.028090] [debug] Original entry field count: 14
[2019-11-17 11:39:12.028215] [debug] Cleaned entry field count: 7
[2019-11-17 11:39:12.028341] [debug] Original entry field count: 14
[2019-11-17 11:39:12.028484] [debug] Cleaned entry field count: 7
[2019-11-17 11:39:12.028678] [debug] Original entry field count: 14
[2019-11-17 11:39:12.028832] [debug] Cleaned entry field count: 7
[2019-11-17 11:39:12.028954] [debug] Original entry field count: 14
[2019-11-17 11:39:12.029078] [debug] Cleaned entry field count: 7
[2019-11-17 11:39:12.029221] [debug] Original entry field count: 15
[2019-11-17 11:39:12.029398] [debug] Cleaned entry field count: 7
[2019-11-17 11:39:12.029536] [debug] Original entry field count: 15
[2019-11-17 11:39:12.029686] [debug] Cleaned entry field count: 7
[2019-11-17 11:39:12.029849] [debug] Original entry field count: 15
[2019-11-17 11:39:12.029978] [debug] Cleaned entry field count: 7
[2019-11-17 11:39:12.030205] [debug] Original entry field count: 14
[2019-11-17 11:39:12.030337] [debug] Cleaned entry field count: 7
[2019-11-17 11:39:12.030524] [debug] Original entry field count: 15
[2019-11-17 11:39:12.030654] [debug] Cleaned entry field count: 7
[2019-11-17 11:39:12.030843] [debug] Original entry field count: 14
[2019-11-17 11:39:12.030973] [debug] Cleaned entry field count: 7
[2019-11-17 11:39:12.031147] [debug] Original entry field count: 14
[2019-11-17 11:39:12.031291] [debug] Cleaned entry field count: 7
[2019-11-17 11:39:12.031451] [debug] Original entry field count: 14
[2019-11-17 11:39:12.031610] [debug] Cleaned entry field count: 7
[2019-11-17 11:39:12.031783] [debug] Original entry field count: 14
[2019-11-17 11:39:12.031913] [debug] Cleaned entry field count: 7
[2019-11-17 11:39:12.032033] [debug] Original entry field count: 14
[2019-11-17 11:39:12.032157] [debug] Cleaned entry field count: 7
[2019-11-17 11:39:12.032280] [debug] Original entry field count: 14
[2019-11-17 11:39:12.032402] [debug] Cleaned entry field count: 7
[2019-11-17 11:39:12.032522] [debug] Original entry field count: 15
[2019-11-17 11:39:12.032648] [debug] Cleaned entry field count: 7
[2019-11-17 11:39:12.032768] [debug] Original entry field count: 15
[2019-11-17 11:39:12.032892] [debug] Cleaned entry field count: 7
[2019-11-17 11:39:12.033014] [debug] Original entry field count: 15
[2019-11-17 11:39:12.033138] [debug] Cleaned entry field count: 7
[2019-11-17 11:39:12.033260] [debug] Original entry field count: 14
[2019-11-17 11:39:12.033382] [debug] Cleaned entry field count: 7
[2019-11-17 11:39:12.033503] [debug] Original entry field count: 14
[2019-11-17 11:39:12.033626] [debug] Cleaned entry field count: 7
[2019-11-17 11:39:12.033746] [debug] Original entry field count: 14
[2019-11-17 11:39:12.033869] [debug] Cleaned entry field count: 7
[2019-11-17 11:39:12.033991] [debug] Original entry field count: 14
[2019-11-17 11:39:12.034113] [debug] Cleaned entry field count: 7
[2019-11-17 11:39:12.034235] [debug] Original entry field count: 15
[2019-11-17 11:39:12.034357] [debug] Cleaned entry field count: 7
[2019-11-17 11:39:12.034477] [debug] Original entry field count: 14
[2019-11-17 11:39:12.034600] [debug] Cleaned entry field count: 7
[2019-11-17 11:39:12.034723] [debug] Original entry field count: 13
[2019-11-17 11:39:12.034843] [debug] Cleaned entry field count: 7
[2019-11-17 11:39:12.034965] [debug] Original entry field count: 15
[2019-11-17 11:39:12.035087] [debug] Cleaned entry field count: 7
[2019-11-17 11:39:12.035206] [debug] Original entry field count: 15
[2019-11-17 11:39:12.035327] [debug] Cleaned entry field count: 7
[2019-11-17 11:39:12.035446] [debug] Original entry field count: 14
[2019-11-17 11:39:12.035567] [debug] Cleaned entry field count: 7
[2019-11-17 11:39:12.035727] [debug] Original entry field count: 14
[2019-11-17 11:39:12.035861] [debug] Cleaned entry field count: 7
[2019-11-17 11:39:12.035985] [debug] Original entry field count: 14
[2019-11-17 11:39:12.036108] [debug] Cleaned entry field count: 7
[2019-11-17 11:39:12.036318] [debug] Original entry field count: 15
[2019-11-17 11:39:12.036454] [debug] Cleaned entry field count: 7
[2019-11-17 11:39:12.036580] [debug] Original entry field count: 14
[2019-11-17 11:39:12.036757] [debug] Cleaned entry field count: 7
[2019-11-17 11:39:12.036909] [info] Connecting to database...
[2019-11-17 11:39:12.038122] [info] Getting Collection jjfp\db\model\accounts...
[2019-11-17 11:39:12.041703] [info] Inserting/Updating 58 records...
[2019-11-17 11:40:03.605232] [info] Loading certificate content...
[2019-11-17 11:40:03.605632] [debug] Certificate content loaded!
[2019-11-17 11:40:03.608867] [debug] Xero config loaded!
[2019-11-17 11:40:04.343509] [info] Xero data retrieved!
[2019-11-17 11:40:04.345345] [debug] Received data count: 58
[2019-11-17 11:40:04.345567] [debug] Original entry field count: 16
[2019-11-17 11:40:04.345715] [debug] Cleaned entry field count: 7
[2019-11-17 11:40:04.345850] [debug] Original entry field count: 16
[2019-11-17 11:40:04.345985] [debug] Cleaned entry field count: 7
[2019-11-17 11:40:04.346108] [debug] Original entry field count: 15
[2019-11-17 11:40:04.346236] [debug] Cleaned entry field count: 7
[2019-11-17 11:40:04.346441] [debug] Original entry field count: 14
[2019-11-17 11:40:04.346573] [debug] Cleaned entry field count: 7
[2019-11-17 11:40:04.346698] [debug] Original entry field count: 14
[2019-11-17 11:40:04.346822] [debug] Cleaned entry field count: 7
[2019-11-17 11:40:04.346945] [debug] Original entry field count: 14
[2019-11-17 11:40:04.347137] [debug] Cleaned entry field count: 7
[2019-11-17 11:40:04.347269] [debug] Original entry field count: 14
[2019-11-17 11:40:04.347394] [debug] Cleaned entry field count: 7
[2019-11-17 11:40:04.347517] [debug] Original entry field count: 14
[2019-11-17 11:40:04.347644] [debug] Cleaned entry field count: 7
[2019-11-17 11:40:04.347872] [debug] Original entry field count: 14
[2019-11-17 11:40:04.348093] [debug] Cleaned entry field count: 7
[2019-11-17 11:40:04.348222] [debug] Original entry field count: 14
[2019-11-17 11:40:04.348350] [debug] Cleaned entry field count: 7
[2019-11-17 11:40:04.348474] [debug] Original entry field count: 14
[2019-11-17 11:40:04.348613] [debug] Cleaned entry field count: 7
[2019-11-17 11:40:04.348742] [debug] Original entry field count: 14
[2019-11-17 11:40:04.348866] [debug] Cleaned entry field count: 7
[2019-11-17 11:40:04.348993] [debug] Original entry field count: 14
[2019-11-17 11:40:04.349169] [debug] Cleaned entry field count: 7
[2019-11-17 11:40:04.349308] [debug] Original entry field count: 14
[2019-11-17 11:40:04.349435] [debug] Cleaned entry field count: 7
[2019-11-17 11:40:04.349558] [debug] Original entry field count: 14
[2019-11-17 11:40:04.349679] [debug] Cleaned entry field count: 7
[2019-11-17 11:40:04.349801] [debug] Original entry field count: 14
[2019-11-17 11:40:04.349925] [debug] Cleaned entry field count: 7
[2019-11-17 11:40:04.350045] [debug] Original entry field count: 14
[2019-11-17 11:40:04.350172] [debug] Cleaned entry field count: 7
[2019-11-17 11:40:04.350295] [debug] Original entry field count: 14
[2019-11-17 11:40:04.350419] [debug] Cleaned entry field count: 7
[2019-11-17 11:40:04.350542] [debug] Original entry field count: 14
[2019-11-17 11:40:04.350663] [debug] Cleaned entry field count: 7
[2019-11-17 11:40:04.350786] [debug] Original entry field count: 14
[2019-11-17 11:40:04.350910] [debug] Cleaned entry field count: 7
[2019-11-17 11:40:04.351032] [debug] Original entry field count: 14
[2019-11-17 11:40:04.351159] [debug] Cleaned entry field count: 7
[2019-11-17 11:40:04.351279] [debug] Original entry field count: 14
[2019-11-17 11:40:04.351422] [debug] Cleaned entry field count: 7
[2019-11-17 11:40:04.351592] [debug] Original entry field count: 14
[2019-11-17 11:40:04.351778] [debug] Cleaned entry field count: 7
[2019-11-17 11:40:04.351912] [debug] Original entry field count: 14
[2019-11-17 11:40:04.352037] [debug] Cleaned entry field count: 7
[2019-11-17 11:40:04.352161] [debug] Original entry field count: 14
[2019-11-17 11:40:04.352353] [debug] Cleaned entry field count: 7
[2019-11-17 11:40:04.352510] [debug] Original entry field count: 14
[2019-11-17 11:40:04.352634] [debug] Cleaned entry field count: 7
[2019-11-17 11:40:04.352757] [debug] Original entry field count: 14
[2019-11-17 11:40:04.352879] [debug] Cleaned entry field count: 7
[2019-11-17 11:40:04.352999] [debug] Original entry field count: 14
[2019-11-17 11:40:04.353123] [debug] Cleaned entry field count: 7
[2019-11-17 11:40:04.353247] [debug] Original entry field count: 14
[2019-11-17 11:40:04.353444] [debug] Cleaned entry field count: 7
[2019-11-17 11:40:04.353570] [debug] Original entry field count: 14
[2019-11-17 11:40:04.353693] [debug] Cleaned entry field count: 7
[2019-11-17 11:40:04.353813] [debug] Original entry field count: 15
[2019-11-17 11:40:04.353935] [debug] Cleaned entry field count: 7
[2019-11-17 11:40:04.354069] [debug] Original entry field count: 15
[2019-11-17 11:40:04.354252] [debug] Cleaned entry field count: 7
[2019-11-17 11:40:04.354376] [debug] Original entry field count: 15
[2019-11-17 11:40:04.354499] [debug] Cleaned entry field count: 7
[2019-11-17 11:40:04.354665] [debug] Original entry field count: 14
[2019-11-17 11:40:04.354811] [debug] Cleaned entry field count: 7
[2019-11-17 11:40:04.354940] [debug] Original entry field count: 15
[2019-11-17 11:40:04.355065] [debug] Cleaned entry field count: 7
[2019-11-17 11:40:04.355214] [debug] Original entry field count: 14
[2019-11-17 11:40:04.355377] [debug] Cleaned entry field count: 7
[2019-11-17 11:40:04.355506] [debug] Original entry field count: 14
[2019-11-17 11:40:04.355629] [debug] Cleaned entry field count: 7
[2019-11-17 11:40:04.355835] [debug] Original entry field count: 14
[2019-11-17 11:40:04.356051] [debug] Cleaned entry field count: 7
[2019-11-17 11:40:04.356179] [debug] Original entry field count: 14
[2019-11-17 11:40:04.356307] [debug] Cleaned entry field count: 7
[2019-11-17 11:40:04.356432] [debug] Original entry field count: 14
[2019-11-17 11:40:04.356607] [debug] Cleaned entry field count: 7
[2019-11-17 11:40:04.356748] [debug] Original entry field count: 14
[2019-11-17 11:40:04.356872] [debug] Cleaned entry field count: 7
[2019-11-17 11:40:04.356995] [debug] Original entry field count: 15
[2019-11-17 11:40:04.357124] [debug] Cleaned entry field count: 7
[2019-11-17 11:40:04.357311] [debug] Original entry field count: 15
[2019-11-17 11:40:04.357441] [debug] Cleaned entry field count: 7
[2019-11-17 11:40:04.357568] [debug] Original entry field count: 15
[2019-11-17 11:40:04.357697] [debug] Cleaned entry field count: 7
[2019-11-17 11:40:04.357877] [debug] Original entry field count: 14
[2019-11-17 11:40:04.358011] [debug] Cleaned entry field count: 7
[2019-11-17 11:40:04.358133] [debug] Original entry field count: 14
[2019-11-17 11:40:04.358258] [debug] Cleaned entry field count: 7
[2019-11-17 11:40:04.358387] [debug] Original entry field count: 14
[2019-11-17 11:40:04.358580] [debug] Cleaned entry field count: 7
[2019-11-17 11:40:04.358705] [debug] Original entry field count: 14
[2019-11-17 11:40:04.358830] [debug] Cleaned entry field count: 7
[2019-11-17 11:40:04.358952] [debug] Original entry field count: 15
[2019-11-17 11:40:04.359113] [debug] Cleaned entry field count: 7
[2019-11-17 11:40:04.359266] [debug] Original entry field count: 14
[2019-11-17 11:40:04.359394] [debug] Cleaned entry field count: 7
[2019-11-17 11:40:04.359517] [debug] Original entry field count: 13
[2019-11-17 11:40:04.359642] [debug] Cleaned entry field count: 7
[2019-11-17 11:40:04.359868] [debug] Original entry field count: 15
[2019-11-17 11:40:04.360002] [debug] Cleaned entry field count: 7
[2019-11-17 11:40:04.360127] [debug] Original entry field count: 15
[2019-11-17 11:40:04.360254] [debug] Cleaned entry field count: 7
[2019-11-17 11:40:04.360379] [debug] Original entry field count: 14
[2019-11-17 11:40:04.360567] [debug] Cleaned entry field count: 7
[2019-11-17 11:40:04.360691] [debug] Original entry field count: 14
[2019-11-17 11:40:04.360816] [debug] Cleaned entry field count: 7
[2019-11-17 11:40:04.360938] [debug] Original entry field count: 14
[2019-11-17 11:40:04.361100] [debug] Cleaned entry field count: 7
[2019-11-17 11:40:04.361270] [debug] Original entry field count: 15
[2019-11-17 11:40:04.361398] [debug] Cleaned entry field count: 7
[2019-11-17 11:40:04.361520] [debug] Original entry field count: 14
[2019-11-17 11:40:04.361640] [debug] Cleaned entry field count: 7
[2019-11-17 11:40:04.361772] [info] Connecting to database...
[2019-11-17 11:40:04.362858] [info] Getting Collection jjfp\db\model\accounts...
[2019-11-17 11:40:04.367034] [info] Inserting/Updating 58 records...
[2019-11-17 11:40:37.865734] [info] Loading certificate content...
[2019-11-17 11:40:37.866168] [debug] Certificate content loaded!
[2019-11-17 11:40:37.869344] [debug] Xero config loaded!
[2019-11-17 11:40:38.759057] [info] Xero data retrieved!
[2019-11-17 11:40:38.760833] [debug] Received data count: 58
[2019-11-17 11:40:38.761049] [debug] Original entry field count: 16
[2019-11-17 11:40:38.761197] [debug] Cleaned entry field count: 7
[2019-11-17 11:40:38.761326] [debug] Original entry field count: 16
[2019-11-17 11:40:38.761454] [debug] Cleaned entry field count: 7
[2019-11-17 11:40:38.761578] [debug] Original entry field count: 15
[2019-11-17 11:40:38.761706] [debug] Cleaned entry field count: 7
[2019-11-17 11:40:38.761826] [debug] Original entry field count: 14
[2019-11-17 11:40:38.761953] [debug] Cleaned entry field count: 7
[2019-11-17 11:40:38.762073] [debug] Original entry field count: 14
[2019-11-17 11:40:38.762197] [debug] Cleaned entry field count: 7
[2019-11-17 11:40:38.762324] [debug] Original entry field count: 14
[2019-11-17 11:40:38.762447] [debug] Cleaned entry field count: 7
[2019-11-17 11:40:38.762567] [debug] Original entry field count: 14
[2019-11-17 11:40:38.762690] [debug] Cleaned entry field count: 7
[2019-11-17 11:40:38.762814] [debug] Original entry field count: 14
[2019-11-17 11:40:38.762938] [debug] Cleaned entry field count: 7
[2019-11-17 11:40:38.763061] [debug] Original entry field count: 14
[2019-11-17 11:40:38.763186] [debug] Cleaned entry field count: 7
[2019-11-17 11:40:38.763310] [debug] Original entry field count: 14
[2019-11-17 11:40:38.763437] [debug] Cleaned entry field count: 7
[2019-11-17 11:40:38.763561] [debug] Original entry field count: 14
[2019-11-17 11:40:38.763711] [debug] Cleaned entry field count: 7
[2019-11-17 11:40:38.763839] [debug] Original entry field count: 14
[2019-11-17 11:40:38.763966] [debug] Cleaned entry field count: 7
[2019-11-17 11:40:38.764090] [debug] Original entry field count: 14
[2019-11-17 11:40:38.764215] [debug] Cleaned entry field count: 7
[2019-11-17 11:40:38.764338] [debug] Original entry field count: 14
[2019-11-17 11:40:38.764462] [debug] Cleaned entry field count: 7
[2019-11-17 11:40:38.764585] [debug] Original entry field count: 14
[2019-11-17 11:40:38.764710] [debug] Cleaned entry field count: 7
[2019-11-17 11:40:38.764832] [debug] Original entry field count: 14
[2019-11-17 11:40:38.764959] [debug] Cleaned entry field count: 7
[2019-11-17 11:40:38.765080] [debug] Original entry field count: 14
[2019-11-17 11:40:38.765203] [debug] Cleaned entry field count: 7
[2019-11-17 11:40:38.765326] [debug] Original entry field count: 14
[2019-11-17 11:40:38.765451] [debug] Cleaned entry field count: 7
[2019-11-17 11:40:38.765573] [debug] Original entry field count: 14
[2019-11-17 11:40:38.765697] [debug] Cleaned entry field count: 7
[2019-11-17 11:40:38.765819] [debug] Original entry field count: 14
[2019-11-17 11:40:38.765944] [debug] Cleaned entry field count: 7
[2019-11-17 11:40:38.766066] [debug] Original entry field count: 14
[2019-11-17 11:40:38.766195] [debug] Cleaned entry field count: 7
[2019-11-17 11:40:38.766319] [debug] Original entry field count: 14
[2019-11-17 11:40:38.766443] [debug] Cleaned entry field count: 7
[2019-11-17 11:40:38.766567] [debug] Original entry field count: 14
[2019-11-17 11:40:38.766691] [debug] Cleaned entry field count: 7
[2019-11-17 11:40:38.766817] [debug] Original entry field count: 14
[2019-11-17 11:40:38.766938] [debug] Cleaned entry field count: 7
[2019-11-17 11:40:38.767086] [debug] Original entry field count: 14
[2019-11-17 11:40:38.767213] [debug] Cleaned entry field count: 7
[2019-11-17 11:40:38.767333] [debug] Original entry field count: 14
[2019-11-17 11:40:38.767456] [debug] Cleaned entry field count: 7
[2019-11-17 11:40:38.767577] [debug] Original entry field count: 14
[2019-11-17 11:40:38.767724] [debug] Cleaned entry field count: 7
[2019-11-17 11:40:38.767849] [debug] Original entry field count: 14
[2019-11-17 11:40:38.767972] [debug] Cleaned entry field count: 7
[2019-11-17 11:40:38.768095] [debug] Original entry field count: 14
[2019-11-17 11:40:38.768217] [debug] Cleaned entry field count: 7
[2019-11-17 11:40:38.768340] [debug] Original entry field count: 14
[2019-11-17 11:40:38.768460] [debug] Cleaned entry field count: 7
[2019-11-17 11:40:38.768583] [debug] Original entry field count: 15
[2019-11-17 11:40:38.768706] [debug] Cleaned entry field count: 7
[2019-11-17 11:40:38.768826] [debug] Original entry field count: 15
[2019-11-17 11:40:38.768949] [debug] Cleaned entry field count: 7
[2019-11-17 11:40:38.769071] [debug] Original entry field count: 15
[2019-11-17 11:40:38.769195] [debug] Cleaned entry field count: 7
[2019-11-17 11:40:38.769355] [debug] Original entry field count: 14
[2019-11-17 11:40:38.769475] [debug] Cleaned entry field count: 7
[2019-11-17 11:40:38.769598] [debug] Original entry field count: 15
[2019-11-17 11:40:38.769720] [debug] Cleaned entry field count: 7
[2019-11-17 11:40:38.769839] [debug] Original entry field count: 14
[2019-11-17 11:40:38.769961] [debug] Cleaned entry field count: 7
[2019-11-17 11:40:38.770082] [debug] Original entry field count: 14
[2019-11-17 11:40:38.770205] [debug] Cleaned entry field count: 7
[2019-11-17 11:40:38.770325] [debug] Original entry field count: 14
[2019-11-17 11:40:38.770447] [debug] Cleaned entry field count: 7
[2019-11-17 11:40:38.770569] [debug] Original entry field count: 14
[2019-11-17 11:40:38.770692] [debug] Cleaned entry field count: 7
[2019-11-17 11:40:38.770811] [debug] Original entry field count: 14
[2019-11-17 11:40:38.770934] [debug] Cleaned entry field count: 7
[2019-11-17 11:40:38.771054] [debug] Original entry field count: 14
[2019-11-17 11:40:38.771176] [debug] Cleaned entry field count: 7
[2019-11-17 11:40:38.771295] [debug] Original entry field count: 15
[2019-11-17 11:40:38.771418] [debug] Cleaned entry field count: 7
[2019-11-17 11:40:38.771537] [debug] Original entry field count: 15
[2019-11-17 11:40:38.771661] [debug] Cleaned entry field count: 7
[2019-11-17 11:40:38.771807] [debug] Original entry field count: 15
[2019-11-17 11:40:38.771930] [debug] Cleaned entry field count: 7
[2019-11-17 11:40:38.772049] [debug] Original entry field count: 14
[2019-11-17 11:40:38.772171] [debug] Cleaned entry field count: 7
[2019-11-17 11:40:38.772295] [debug] Original entry field count: 14
[2019-11-17 11:40:38.772422] [debug] Cleaned entry field count: 7
[2019-11-17 11:40:38.772542] [debug] Original entry field count: 14
[2019-11-17 11:40:38.772665] [debug] Cleaned entry field count: 7
[2019-11-17 11:40:38.772787] [debug] Original entry field count: 14
[2019-11-17 11:40:38.772910] [debug] Cleaned entry field count: 7
[2019-11-17 11:40:38.773030] [debug] Original entry field count: 15
[2019-11-17 11:40:38.773154] [debug] Cleaned entry field count: 7
[2019-11-17 11:40:38.773276] [debug] Original entry field count: 14
[2019-11-17 11:40:38.773400] [debug] Cleaned entry field count: 7
[2019-11-17 11:40:38.773523] [debug] Original entry field count: 13
[2019-11-17 11:40:38.773646] [debug] Cleaned entry field count: 7
[2019-11-17 11:40:38.773768] [debug] Original entry field count: 15
[2019-11-17 11:40:38.773890] [debug] Cleaned entry field count: 7
[2019-11-17 11:40:38.774010] [debug] Original entry field count: 15
[2019-11-17 11:40:38.774128] [debug] Cleaned entry field count: 7
[2019-11-17 11:40:38.774250] [debug] Original entry field count: 14
[2019-11-17 11:40:38.774370] [debug] Cleaned entry field count: 7
[2019-11-17 11:40:38.774492] [debug] Original entry field count: 14
[2019-11-17 11:40:38.774633] [debug] Cleaned entry field count: 7
[2019-11-17 11:40:38.774759] [debug] Original entry field count: 14
[2019-11-17 11:40:38.774882] [debug] Cleaned entry field count: 7
[2019-11-17 11:40:38.775002] [debug] Original entry field count: 15
[2019-11-17 11:40:38.775125] [debug] Cleaned entry field count: 7
[2019-11-17 11:40:38.775243] [debug] Original entry field count: 14
[2019-11-17 11:40:38.775367] [debug] Cleaned entry field count: 7
[2019-11-17 11:40:38.775497] [info] Connecting to database...
[2019-11-17 11:40:38.776560] [info] Getting Collection JJFP\Db\Model...
[2019-11-17 11:40:38.780025] [info] Inserting/Updating 58 records...
[2019-11-17 11:41:48.091860] [info] Loading certificate content...
[2019-11-17 11:41:48.092271] [debug] Certificate content loaded!
[2019-11-17 11:41:48.096659] [debug] Xero config loaded!
[2019-11-17 11:41:48.849776] [info] Xero data retrieved!
[2019-11-17 11:41:48.851511] [debug] Received data count: 58
[2019-11-17 11:41:48.851780] [debug] Original entry field count: 16
[2019-11-17 11:41:48.851946] [debug] Cleaned entry field count: 7
[2019-11-17 11:41:48.852080] [debug] Original entry field count: 16
[2019-11-17 11:41:48.852209] [debug] Cleaned entry field count: 7
[2019-11-17 11:41:48.852334] [debug] Original entry field count: 15
[2019-11-17 11:41:48.852463] [debug] Cleaned entry field count: 7
[2019-11-17 11:41:48.852586] [debug] Original entry field count: 14
[2019-11-17 11:41:48.852710] [debug] Cleaned entry field count: 7
[2019-11-17 11:41:48.852833] [debug] Original entry field count: 14
[2019-11-17 11:41:48.852960] [debug] Cleaned entry field count: 7
[2019-11-17 11:41:48.853085] [debug] Original entry field count: 14
[2019-11-17 11:41:48.853208] [debug] Cleaned entry field count: 7
[2019-11-17 11:41:48.853327] [debug] Original entry field count: 14
[2019-11-17 11:41:48.853452] [debug] Cleaned entry field count: 7
[2019-11-17 11:41:48.853573] [debug] Original entry field count: 14
[2019-11-17 11:41:48.853697] [debug] Cleaned entry field count: 7
[2019-11-17 11:41:48.853817] [debug] Original entry field count: 14
[2019-11-17 11:41:48.853945] [debug] Cleaned entry field count: 7
[2019-11-17 11:41:48.854064] [debug] Original entry field count: 14
[2019-11-17 11:41:48.854190] [debug] Cleaned entry field count: 7
[2019-11-17 11:41:48.854312] [debug] Original entry field count: 14
[2019-11-17 11:41:48.854435] [debug] Cleaned entry field count: 7
[2019-11-17 11:41:48.854559] [debug] Original entry field count: 14
[2019-11-17 11:41:48.854685] [debug] Cleaned entry field count: 7
[2019-11-17 11:41:48.854805] [debug] Original entry field count: 14
[2019-11-17 11:41:48.854931] [debug] Cleaned entry field count: 7
[2019-11-17 11:41:48.855053] [debug] Original entry field count: 14
[2019-11-17 11:41:48.855180] [debug] Cleaned entry field count: 7
[2019-11-17 11:41:48.855298] [debug] Original entry field count: 14
[2019-11-17 11:41:48.855422] [debug] Cleaned entry field count: 7
[2019-11-17 11:41:48.855545] [debug] Original entry field count: 14
[2019-11-17 11:41:48.855689] [debug] Cleaned entry field count: 7
[2019-11-17 11:41:48.855865] [debug] Original entry field count: 14
[2019-11-17 11:41:48.855993] [debug] Cleaned entry field count: 7
[2019-11-17 11:41:48.856116] [debug] Original entry field count: 14
[2019-11-17 11:41:48.856240] [debug] Cleaned entry field count: 7
[2019-11-17 11:41:48.856363] [debug] Original entry field count: 14
[2019-11-17 11:41:48.856487] [debug] Cleaned entry field count: 7
[2019-11-17 11:41:48.856609] [debug] Original entry field count: 14
[2019-11-17 11:41:48.856733] [debug] Cleaned entry field count: 7
[2019-11-17 11:41:48.856852] [debug] Original entry field count: 14
[2019-11-17 11:41:48.856976] [debug] Cleaned entry field count: 7
[2019-11-17 11:41:48.857095] [debug] Original entry field count: 14
[2019-11-17 11:41:48.857218] [debug] Cleaned entry field count: 7
[2019-11-17 11:41:48.857340] [debug] Original entry field count: 14
[2019-11-17 11:41:48.857465] [debug] Cleaned entry field count: 7
[2019-11-17 11:41:48.857588] [debug] Original entry field count: 14
[2019-11-17 11:41:48.857733] [debug] Cleaned entry field count: 7
[2019-11-17 11:41:48.857856] [debug] Original entry field count: 14
[2019-11-17 11:41:48.857981] [debug] Cleaned entry field count: 7
[2019-11-17 11:41:48.858102] [debug] Original entry field count: 14
[2019-11-17 11:41:48.858225] [debug] Cleaned entry field count: 7
[2019-11-17 11:41:48.858346] [debug] Original entry field count: 14
[2019-11-17 11:41:48.858470] [debug] Cleaned entry field count: 7
[2019-11-17 11:41:48.858587] [debug] Original entry field count: 14
[2019-11-17 11:41:48.858711] [debug] Cleaned entry field count: 7
[2019-11-17 11:41:48.858834] [debug] Original entry field count: 14
[2019-11-17 11:41:48.858958] [debug] Cleaned entry field count: 7
[2019-11-17 11:41:48.859076] [debug] Original entry field count: 14
[2019-11-17 11:41:48.859199] [debug] Cleaned entry field count: 7
[2019-11-17 11:41:48.859321] [debug] Original entry field count: 15
[2019-11-17 11:41:48.859443] [debug] Cleaned entry field count: 7
[2019-11-17 11:41:48.859565] [debug] Original entry field count: 15
[2019-11-17 11:41:48.859731] [debug] Cleaned entry field count: 7
[2019-11-17 11:41:48.859927] [debug] Original entry field count: 15
[2019-11-17 11:41:48.860054] [debug] Cleaned entry field count: 7
[2019-11-17 11:41:48.860173] [debug] Original entry field count: 14
[2019-11-17 11:41:48.860297] [debug] Cleaned entry field count: 7
[2019-11-17 11:41:48.860419] [debug] Original entry field count: 15
[2019-11-17 11:41:48.860542] [debug] Cleaned entry field count: 7
[2019-11-17 11:41:48.860662] [debug] Original entry field count: 14
[2019-11-17 11:41:48.860786] [debug] Cleaned entry field count: 7
[2019-11-17 11:41:48.860908] [debug] Original entry field count: 14
[2019-11-17 11:41:48.861032] [debug] Cleaned entry field count: 7
[2019-11-17 11:41:48.861155] [debug] Original entry field count: 14
[2019-11-17 11:41:48.861278] [debug] Cleaned entry field count: 7
[2019-11-17 11:41:48.861399] [debug] Original entry field count: 14
[2019-11-17 11:41:48.861524] [debug] Cleaned entry field count: 7
[2019-11-17 11:41:48.861645] [debug] Original entry field count: 14
[2019-11-17 11:41:48.861769] [debug] Cleaned entry field count: 7
[2019-11-17 11:41:48.861895] [debug] Original entry field count: 14
[2019-11-17 11:41:48.862018] [debug] Cleaned entry field count: 7
[2019-11-17 11:41:48.862138] [debug] Original entry field count: 15
[2019-11-17 11:41:48.862258] [debug] Cleaned entry field count: 7
[2019-11-17 11:41:48.862382] [debug] Original entry field count: 15
[2019-11-17 11:41:48.862508] [debug] Cleaned entry field count: 7
[2019-11-17 11:41:48.862631] [debug] Original entry field count: 15
[2019-11-17 11:41:48.862755] [debug] Cleaned entry field count: 7
[2019-11-17 11:41:48.862895] [debug] Original entry field count: 14
[2019-11-17 11:41:48.863038] [debug] Cleaned entry field count: 7
[2019-11-17 11:41:48.863159] [debug] Original entry field count: 14
[2019-11-17 11:41:48.863286] [debug] Cleaned entry field count: 7
[2019-11-17 11:41:48.863409] [debug] Original entry field count: 14
[2019-11-17 11:41:48.863533] [debug] Cleaned entry field count: 7
[2019-11-17 11:41:48.863651] [debug] Original entry field count: 14
[2019-11-17 11:41:48.863847] [debug] Cleaned entry field count: 7
[2019-11-17 11:41:48.863971] [debug] Original entry field count: 15
[2019-11-17 11:41:48.864095] [debug] Cleaned entry field count: 7
[2019-11-17 11:41:48.864217] [debug] Original entry field count: 14
[2019-11-17 11:41:48.864341] [debug] Cleaned entry field count: 7
[2019-11-17 11:41:48.864460] [debug] Original entry field count: 13
[2019-11-17 11:41:48.864582] [debug] Cleaned entry field count: 7
[2019-11-17 11:41:48.864702] [debug] Original entry field count: 15
[2019-11-17 11:41:48.864826] [debug] Cleaned entry field count: 7
[2019-11-17 11:41:48.864944] [debug] Original entry field count: 15
[2019-11-17 11:41:48.865068] [debug] Cleaned entry field count: 7
[2019-11-17 11:41:48.865187] [debug] Original entry field count: 14
[2019-11-17 11:41:48.865309] [debug] Cleaned entry field count: 7
[2019-11-17 11:41:48.865446] [debug] Original entry field count: 14
[2019-11-17 11:41:48.865571] [debug] Cleaned entry field count: 7
[2019-11-17 11:41:48.865696] [debug] Original entry field count: 14
[2019-11-17 11:41:48.865819] [debug] Cleaned entry field count: 7
[2019-11-17 11:41:48.865942] [debug] Original entry field count: 15
[2019-11-17 11:41:48.866065] [debug] Cleaned entry field count: 7
[2019-11-17 11:41:48.866184] [debug] Original entry field count: 14
[2019-11-17 11:41:48.866307] [debug] Cleaned entry field count: 7
[2019-11-17 11:41:48.866440] [info] Connecting to database...
[2019-11-17 11:41:48.867503] [info] Getting Collection Accounts...
[2019-11-17 11:41:48.871047] [info] Inserting/Updating 58 records...
[2019-11-17 11:42:19.330849] [info] Loading certificate content...
[2019-11-17 11:42:19.331238] [debug] Certificate content loaded!
[2019-11-17 11:42:19.334409] [debug] Xero config loaded!
[2019-11-17 11:42:20.229185] [info] Xero data retrieved!
[2019-11-17 11:42:20.230962] [debug] Received data count: 58
[2019-11-17 11:42:20.231241] [debug] Original entry field count: 16
[2019-11-17 11:42:20.231388] [debug] Cleaned entry field count: 7
[2019-11-17 11:42:20.231518] [debug] Original entry field count: 16
[2019-11-17 11:42:20.231646] [debug] Cleaned entry field count: 7
[2019-11-17 11:42:20.231822] [debug] Original entry field count: 15
[2019-11-17 11:42:20.231950] [debug] Cleaned entry field count: 7
[2019-11-17 11:42:20.232074] [debug] Original entry field count: 14
[2019-11-17 11:42:20.232197] [debug] Cleaned entry field count: 7
[2019-11-17 11:42:20.232405] [debug] Original entry field count: 14
[2019-11-17 11:42:20.232542] [debug] Cleaned entry field count: 7
[2019-11-17 11:42:20.232666] [debug] Original entry field count: 14
[2019-11-17 11:42:20.232789] [debug] Cleaned entry field count: 7
[2019-11-17 11:42:20.232908] [debug] Original entry field count: 14
[2019-11-17 11:42:20.233032] [debug] Cleaned entry field count: 7
[2019-11-17 11:42:20.233156] [debug] Original entry field count: 14
[2019-11-17 11:42:20.233283] [debug] Cleaned entry field count: 7
[2019-11-17 11:42:20.233412] [debug] Original entry field count: 14
[2019-11-17 11:42:20.233599] [debug] Cleaned entry field count: 7
[2019-11-17 11:42:20.233726] [debug] Original entry field count: 14
[2019-11-17 11:42:20.233850] [debug] Cleaned entry field count: 7
[2019-11-17 11:42:20.233973] [debug] Original entry field count: 14
[2019-11-17 11:42:20.234100] [debug] Cleaned entry field count: 7
[2019-11-17 11:42:20.234220] [debug] Original entry field count: 14
[2019-11-17 11:42:20.234342] [debug] Cleaned entry field count: 7
[2019-11-17 11:42:20.234463] [debug] Original entry field count: 14
[2019-11-17 11:42:20.234633] [debug] Cleaned entry field count: 7
[2019-11-17 11:42:20.234781] [debug] Original entry field count: 14
[2019-11-17 11:42:20.234911] [debug] Cleaned entry field count: 7
[2019-11-17 11:42:20.235033] [debug] Original entry field count: 14
[2019-11-17 11:42:20.235158] [debug] Cleaned entry field count: 7
[2019-11-17 11:42:20.235281] [debug] Original entry field count: 14
[2019-11-17 11:42:20.235421] [debug] Cleaned entry field count: 7
[2019-11-17 11:42:20.235814] [debug] Original entry field count: 14
[2019-11-17 11:42:20.235990] [debug] Cleaned entry field count: 7
[2019-11-17 11:42:20.236121] [debug] Original entry field count: 14
[2019-11-17 11:42:20.236248] [debug] Cleaned entry field count: 7
[2019-11-17 11:42:20.236371] [debug] Original entry field count: 14
[2019-11-17 11:42:20.236495] [debug] Cleaned entry field count: 7
[2019-11-17 11:42:20.236617] [debug] Original entry field count: 14
[2019-11-17 11:42:20.236745] [debug] Cleaned entry field count: 7
[2019-11-17 11:42:20.236917] [debug] Original entry field count: 14
[2019-11-17 11:42:20.237070] [debug] Cleaned entry field count: 7
[2019-11-17 11:42:20.237194] [debug] Original entry field count: 14
[2019-11-17 11:42:20.237318] [debug] Cleaned entry field count: 7
[2019-11-17 11:42:20.237440] [debug] Original entry field count: 14
[2019-11-17 11:42:20.237562] [debug] Cleaned entry field count: 7
[2019-11-17 11:42:20.237709] [debug] Original entry field count: 14
[2019-11-17 11:42:20.237837] [debug] Cleaned entry field count: 7
[2019-11-17 11:42:20.237973] [debug] Original entry field count: 14
[2019-11-17 11:42:20.238106] [debug] Cleaned entry field count: 7
[2019-11-17 11:42:20.238229] [debug] Original entry field count: 14
[2019-11-17 11:42:20.238351] [debug] Cleaned entry field count: 7
[2019-11-17 11:42:20.238473] [debug] Original entry field count: 14
[2019-11-17 11:42:20.238691] [debug] Cleaned entry field count: 7
[2019-11-17 11:42:20.238914] [debug] Original entry field count: 14
[2019-11-17 11:42:20.239161] [debug] Cleaned entry field count: 7
[2019-11-17 11:42:20.239396] [debug] Original entry field count: 14
[2019-11-17 11:42:20.239638] [debug] Cleaned entry field count: 7
[2019-11-17 11:42:20.239912] [debug] Original entry field count: 14
[2019-11-17 11:42:20.240150] [debug] Cleaned entry field count: 7
[2019-11-17 11:42:20.240380] [debug] Original entry field count: 15
[2019-11-17 11:42:20.240585] [debug] Cleaned entry field count: 7
[2019-11-17 11:42:20.240780] [debug] Original entry field count: 15
[2019-11-17 11:42:20.240983] [debug] Cleaned entry field count: 7
[2019-11-17 11:42:20.241167] [debug] Original entry field count: 15
[2019-11-17 11:42:20.241357] [debug] Cleaned entry field count: 7
[2019-11-17 11:42:20.241597] [debug] Original entry field count: 14
[2019-11-17 11:42:20.241799] [debug] Cleaned entry field count: 7
[2019-11-17 11:42:20.241998] [debug] Original entry field count: 15
[2019-11-17 11:42:20.242187] [debug] Cleaned entry field count: 7
[2019-11-17 11:42:20.242374] [debug] Original entry field count: 14
[2019-11-17 11:42:20.242568] [debug] Cleaned entry field count: 7
[2019-11-17 11:42:20.242758] [debug] Original entry field count: 14
[2019-11-17 11:42:20.242948] [debug] Cleaned entry field count: 7
[2019-11-17 11:42:20.243133] [debug] Original entry field count: 14
[2019-11-17 11:42:20.243323] [debug] Cleaned entry field count: 7
[2019-11-17 11:42:20.243511] [debug] Original entry field count: 14
[2019-11-17 11:42:20.243742] [debug] Cleaned entry field count: 7
[2019-11-17 11:42:20.243938] [debug] Original entry field count: 14
[2019-11-17 11:42:20.244142] [debug] Cleaned entry field count: 7
[2019-11-17 11:42:20.244349] [debug] Original entry field count: 14
[2019-11-17 11:42:20.244563] [debug] Cleaned entry field count: 7
[2019-11-17 11:42:20.244771] [debug] Original entry field count: 15
[2019-11-17 11:42:20.244975] [debug] Cleaned entry field count: 7
[2019-11-17 11:42:20.245179] [debug] Original entry field count: 15
[2019-11-17 11:42:20.245388] [debug] Cleaned entry field count: 7
[2019-11-17 11:42:20.245598] [debug] Original entry field count: 15
[2019-11-17 11:42:20.245827] [debug] Cleaned entry field count: 7
[2019-11-17 11:42:20.246026] [debug] Original entry field count: 14
[2019-11-17 11:42:20.246216] [debug] Cleaned entry field count: 7
[2019-11-17 11:42:20.246402] [debug] Original entry field count: 14
[2019-11-17 11:42:20.246589] [debug] Cleaned entry field count: 7
[2019-11-17 11:42:20.246778] [debug] Original entry field count: 14
[2019-11-17 11:42:20.246984] [debug] Cleaned entry field count: 7
[2019-11-17 11:42:20.247193] [debug] Original entry field count: 14
[2019-11-17 11:42:20.247402] [debug] Cleaned entry field count: 7
[2019-11-17 11:42:20.247607] [debug] Original entry field count: 15
[2019-11-17 11:42:20.247845] [debug] Cleaned entry field count: 7
[2019-11-17 11:42:20.248055] [debug] Original entry field count: 14
[2019-11-17 11:42:20.248260] [debug] Cleaned entry field count: 7
[2019-11-17 11:42:20.248477] [debug] Original entry field count: 13
[2019-11-17 11:42:20.248713] [debug] Cleaned entry field count: 7
[2019-11-17 11:42:20.248936] [debug] Original entry field count: 15
[2019-11-17 11:42:20.249140] [debug] Cleaned entry field count: 7
[2019-11-17 11:42:20.249264] [debug] Original entry field count: 15
[2019-11-17 11:42:20.249386] [debug] Cleaned entry field count: 7
[2019-11-17 11:42:20.249507] [debug] Original entry field count: 14
[2019-11-17 11:42:20.249655] [debug] Cleaned entry field count: 7
[2019-11-17 11:42:20.249780] [debug] Original entry field count: 14
[2019-11-17 11:42:20.249905] [debug] Cleaned entry field count: 7
[2019-11-17 11:42:20.250026] [debug] Original entry field count: 14
[2019-11-17 11:42:20.250150] [debug] Cleaned entry field count: 7
[2019-11-17 11:42:20.250274] [debug] Original entry field count: 15
[2019-11-17 11:42:20.250397] [debug] Cleaned entry field count: 7
[2019-11-17 11:42:20.250519] [debug] Original entry field count: 14
[2019-11-17 11:42:20.250643] [debug] Cleaned entry field count: 7
[2019-11-17 11:42:20.250778] [info] Connecting to database...
[2019-11-17 11:42:20.251971] [info] Getting Collection accounts...
[2019-11-17 11:42:20.255841] [info] Inserting/Updating 58 records...
[2019-11-17 11:44:05.095019] [info] Loading certificate content...
[2019-11-17 11:44:05.095402] [debug] Certificate content loaded!
[2019-11-17 11:44:05.098393] [debug] Xero config loaded!
[2019-11-17 11:44:06.115252] [info] Xero data retrieved!
[2019-11-17 11:44:06.117218] [debug] Received data count: 58
[2019-11-17 11:44:06.117461] [debug] Original entry field count: 16
[2019-11-17 11:44:06.117666] [debug] Cleaned entry field count: 7
[2019-11-17 11:44:06.117825] [debug] Original entry field count: 16
[2019-11-17 11:44:06.117990] [debug] Cleaned entry field count: 7
[2019-11-17 11:44:06.118216] [debug] Original entry field count: 15
[2019-11-17 11:44:06.118387] [debug] Cleaned entry field count: 7
[2019-11-17 11:44:06.118530] [debug] Original entry field count: 14
[2019-11-17 11:44:06.118681] [debug] Cleaned entry field count: 7
[2019-11-17 11:44:06.118828] [debug] Original entry field count: 14
[2019-11-17 11:44:06.118979] [debug] Cleaned entry field count: 7
[2019-11-17 11:44:06.119152] [debug] Original entry field count: 14
[2019-11-17 11:44:06.119368] [debug] Cleaned entry field count: 7
[2019-11-17 11:44:06.119513] [debug] Original entry field count: 14
[2019-11-17 11:44:06.119683] [debug] Cleaned entry field count: 7
[2019-11-17 11:44:06.119859] [debug] Original entry field count: 14
[2019-11-17 11:44:06.120019] [debug] Cleaned entry field count: 7
[2019-11-17 11:44:06.120160] [debug] Original entry field count: 14
[2019-11-17 11:44:06.120337] [debug] Cleaned entry field count: 7
[2019-11-17 11:44:06.120520] [debug] Original entry field count: 14
[2019-11-17 11:44:06.120707] [debug] Cleaned entry field count: 7
[2019-11-17 11:44:06.120903] [debug] Original entry field count: 14
[2019-11-17 11:44:06.121067] [debug] Cleaned entry field count: 7
[2019-11-17 11:44:06.121197] [debug] Original entry field count: 14
[2019-11-17 11:44:06.121360] [debug] Cleaned entry field count: 7
[2019-11-17 11:44:06.121551] [debug] Original entry field count: 14
[2019-11-17 11:44:06.121706] [debug] Cleaned entry field count: 7
[2019-11-17 11:44:06.121838] [debug] Original entry field count: 14
[2019-11-17 11:44:06.121985] [debug] Cleaned entry field count: 7
[2019-11-17 11:44:06.122117] [debug] Original entry field count: 14
[2019-11-17 11:44:06.122263] [debug] Cleaned entry field count: 7
[2019-11-17 11:44:06.122448] [debug] Original entry field count: 14
[2019-11-17 11:44:06.122616] [debug] Cleaned entry field count: 7
[2019-11-17 11:44:06.122752] [debug] Original entry field count: 14
[2019-11-17 11:44:06.122895] [debug] Cleaned entry field count: 7
[2019-11-17 11:44:06.123028] [debug] Original entry field count: 14
[2019-11-17 11:44:06.123176] [debug] Cleaned entry field count: 7
[2019-11-17 11:44:06.123311] [debug] Original entry field count: 14
[2019-11-17 11:44:06.123533] [debug] Cleaned entry field count: 7
[2019-11-17 11:44:06.123696] [debug] Original entry field count: 14
[2019-11-17 11:44:06.123949] [debug] Cleaned entry field count: 7
[2019-11-17 11:44:06.124094] [debug] Original entry field count: 14
[2019-11-17 11:44:06.124350] [debug] Cleaned entry field count: 7
[2019-11-17 11:44:06.124531] [debug] Original entry field count: 14
[2019-11-17 11:44:06.124686] [debug] Cleaned entry field count: 7
[2019-11-17 11:44:06.124844] [debug] Original entry field count: 14
[2019-11-17 11:44:06.124994] [debug] Cleaned entry field count: 7
[2019-11-17 11:44:06.125123] [debug] Original entry field count: 14
[2019-11-17 11:44:06.125267] [debug] Cleaned entry field count: 7
[2019-11-17 11:44:06.125396] [debug] Original entry field count: 14
[2019-11-17 11:44:06.125559] [debug] Cleaned entry field count: 7
[2019-11-17 11:44:06.125686] [debug] Original entry field count: 14
[2019-11-17 11:44:06.125833] [debug] Cleaned entry field count: 7
[2019-11-17 11:44:06.125961] [debug] Original entry field count: 14
[2019-11-17 11:44:06.126106] [debug] Cleaned entry field count: 7
[2019-11-17 11:44:06.126235] [debug] Original entry field count: 14
[2019-11-17 11:44:06.126380] [debug] Cleaned entry field count: 7
[2019-11-17 11:44:06.126507] [debug] Original entry field count: 14
[2019-11-17 11:44:06.126652] [debug] Cleaned entry field count: 7
[2019-11-17 11:44:06.126780] [debug] Original entry field count: 14
[2019-11-17 11:44:06.126924] [debug] Cleaned entry field count: 7
[2019-11-17 11:44:06.127089] [debug] Original entry field count: 15
[2019-11-17 11:44:06.127233] [debug] Cleaned entry field count: 7
[2019-11-17 11:44:06.127363] [debug] Original entry field count: 15
[2019-11-17 11:44:06.127511] [debug] Cleaned entry field count: 7
[2019-11-17 11:44:06.127646] [debug] Original entry field count: 15
[2019-11-17 11:44:06.127852] [debug] Cleaned entry field count: 7
[2019-11-17 11:44:06.127988] [debug] Original entry field count: 14
[2019-11-17 11:44:06.128133] [debug] Cleaned entry field count: 7
[2019-11-17 11:44:06.128264] [debug] Original entry field count: 15
[2019-11-17 11:44:06.128408] [debug] Cleaned entry field count: 7
[2019-11-17 11:44:06.128539] [debug] Original entry field count: 14
[2019-11-17 11:44:06.128683] [debug] Cleaned entry field count: 7
[2019-11-17 11:44:06.128814] [debug] Original entry field count: 14
[2019-11-17 11:44:06.128961] [debug] Cleaned entry field count: 7
[2019-11-17 11:44:06.129095] [debug] Original entry field count: 14
[2019-11-17 11:44:06.129241] [debug] Cleaned entry field count: 7
[2019-11-17 11:44:06.129369] [debug] Original entry field count: 14
[2019-11-17 11:44:06.129513] [debug] Cleaned entry field count: 7
[2019-11-17 11:44:06.129642] [debug] Original entry field count: 14
[2019-11-17 11:44:06.129787] [debug] Cleaned entry field count: 7
[2019-11-17 11:44:06.129921] [debug] Original entry field count: 14
[2019-11-17 11:44:06.130067] [debug] Cleaned entry field count: 7
[2019-11-17 11:44:06.130199] [debug] Original entry field count: 15
[2019-11-17 11:44:06.130347] [debug] Cleaned entry field count: 7
[2019-11-17 11:44:06.130475] [debug] Original entry field count: 15
[2019-11-17 11:44:06.130624] [debug] Cleaned entry field count: 7
[2019-11-17 11:44:06.130754] [debug] Original entry field count: 15
[2019-11-17 11:44:06.130899] [debug] Cleaned entry field count: 7
[2019-11-17 11:44:06.131030] [debug] Original entry field count: 14
[2019-11-17 11:44:06.131171] [debug] Cleaned entry field count: 7
[2019-11-17 11:44:06.131299] [debug] Original entry field count: 14
[2019-11-17 11:44:06.131445] [debug] Cleaned entry field count: 7
[2019-11-17 11:44:06.131576] [debug] Original entry field count: 14
[2019-11-17 11:44:06.131772] [debug] Cleaned entry field count: 7
[2019-11-17 11:44:06.131906] [debug] Original entry field count: 14
[2019-11-17 11:44:06.132051] [debug] Cleaned entry field count: 7
[2019-11-17 11:44:06.132180] [debug] Original entry field count: 15
[2019-11-17 11:44:06.132320] [debug] Cleaned entry field count: 7
[2019-11-17 11:44:06.132456] [debug] Original entry field count: 14
[2019-11-17 11:44:06.132599] [debug] Cleaned entry field count: 7
[2019-11-17 11:44:06.132729] [debug] Original entry field count: 13
[2019-11-17 11:44:06.132874] [debug] Cleaned entry field count: 7
[2019-11-17 11:44:06.133002] [debug] Original entry field count: 15
[2019-11-17 11:44:06.133142] [debug] Cleaned entry field count: 7
[2019-11-17 11:44:06.133275] [debug] Original entry field count: 15
[2019-11-17 11:44:06.133416] [debug] Cleaned entry field count: 7
[2019-11-17 11:44:06.133560] [debug] Original entry field count: 14
[2019-11-17 11:44:06.133708] [debug] Cleaned entry field count: 7
[2019-11-17 11:44:06.133838] [debug] Original entry field count: 14
[2019-11-17 11:44:06.133984] [debug] Cleaned entry field count: 7
[2019-11-17 11:44:06.134111] [debug] Original entry field count: 14
[2019-11-17 11:44:06.134258] [debug] Cleaned entry field count: 7
[2019-11-17 11:44:06.134388] [debug] Original entry field count: 15
[2019-11-17 11:44:06.134536] [debug] Cleaned entry field count: 7
[2019-11-17 11:44:06.134665] [debug] Original entry field count: 14
[2019-11-17 11:44:06.134812] [debug] Cleaned entry field count: 7
[2019-11-17 11:44:06.134957] [info] Connecting to database...
[2019-11-17 11:44:06.136069] [info] Getting Collection accounts...
[2019-11-17 11:44:06.139518] [info] Inserting/Updating 58 records...
[2019-11-17 11:44:40.795114] [info] Loading certificate content...
[2019-11-17 11:44:40.795490] [debug] Certificate content loaded!
[2019-11-17 11:44:40.798552] [debug] Xero config loaded!
[2019-11-17 11:44:41.857867] [info] Xero data retrieved!
[2019-11-17 11:44:41.860382] [debug] Received data count: 58
[2019-11-17 11:44:41.860683] [debug] Original entry field count: 16
[2019-11-17 11:44:41.860945] [debug] Cleaned entry field count: 7
[2019-11-17 11:44:41.861196] [debug] Original entry field count: 16
[2019-11-17 11:44:41.861452] [debug] Cleaned entry field count: 7
[2019-11-17 11:44:41.861695] [debug] Original entry field count: 15
[2019-11-17 11:44:41.861947] [debug] Cleaned entry field count: 7
[2019-11-17 11:44:41.862185] [debug] Original entry field count: 14
[2019-11-17 11:44:41.862432] [debug] Cleaned entry field count: 7
[2019-11-17 11:44:41.862674] [debug] Original entry field count: 14
[2019-11-17 11:44:41.862919] [debug] Cleaned entry field count: 7
[2019-11-17 11:44:41.863157] [debug] Original entry field count: 14
[2019-11-17 11:44:41.863404] [debug] Cleaned entry field count: 7
[2019-11-17 11:44:41.863646] [debug] Original entry field count: 14
[2019-11-17 11:44:41.863914] [debug] Cleaned entry field count: 7
[2019-11-17 11:44:41.864160] [debug] Original entry field count: 14
[2019-11-17 11:44:41.864406] [debug] Cleaned entry field count: 7
[2019-11-17 11:44:41.864648] [debug] Original entry field count: 14
[2019-11-17 11:44:41.864893] [debug] Cleaned entry field count: 7
[2019-11-17 11:44:41.865134] [debug] Original entry field count: 14
[2019-11-17 11:44:41.865385] [debug] Cleaned entry field count: 7
[2019-11-17 11:44:41.865624] [debug] Original entry field count: 14
[2019-11-17 11:44:41.865868] [debug] Cleaned entry field count: 7
[2019-11-17 11:44:41.866111] [debug] Original entry field count: 14
[2019-11-17 11:44:41.866357] [debug] Cleaned entry field count: 7
[2019-11-17 11:44:41.866597] [debug] Original entry field count: 14
[2019-11-17 11:44:41.866846] [debug] Cleaned entry field count: 7
[2019-11-17 11:44:41.867124] [debug] Original entry field count: 14
[2019-11-17 11:44:41.867374] [debug] Cleaned entry field count: 7
[2019-11-17 11:44:41.867619] [debug] Original entry field count: 14
[2019-11-17 11:44:41.867896] [debug] Cleaned entry field count: 7
[2019-11-17 11:44:41.868141] [debug] Original entry field count: 14
[2019-11-17 11:44:41.868391] [debug] Cleaned entry field count: 7
[2019-11-17 11:44:41.868624] [debug] Original entry field count: 14
[2019-11-17 11:44:41.868840] [debug] Cleaned entry field count: 7
[2019-11-17 11:44:41.869070] [debug] Original entry field count: 14
[2019-11-17 11:44:41.869302] [debug] Cleaned entry field count: 7
[2019-11-17 11:44:41.869534] [debug] Original entry field count: 14
[2019-11-17 11:44:41.869766] [debug] Cleaned entry field count: 7
[2019-11-17 11:44:41.869998] [debug] Original entry field count: 14
[2019-11-17 11:44:41.870237] [debug] Cleaned entry field count: 7
[2019-11-17 11:44:41.870469] [debug] Original entry field count: 14
[2019-11-17 11:44:41.870696] [debug] Cleaned entry field count: 7
[2019-11-17 11:44:41.870917] [debug] Original entry field count: 14
[2019-11-17 11:44:41.871181] [debug] Cleaned entry field count: 7
[2019-11-17 11:44:41.871421] [debug] Original entry field count: 14
[2019-11-17 11:44:41.871689] [debug] Cleaned entry field count: 7
[2019-11-17 11:44:41.871939] [debug] Original entry field count: 14
[2019-11-17 11:44:41.872190] [debug] Cleaned entry field count: 7
[2019-11-17 11:44:41.872427] [debug] Original entry field count: 14
[2019-11-17 11:44:41.872672] [debug] Cleaned entry field count: 7
[2019-11-17 11:44:41.872911] [debug] Original entry field count: 14
[2019-11-17 11:44:41.873153] [debug] Cleaned entry field count: 7
[2019-11-17 11:44:41.873395] [debug] Original entry field count: 14
[2019-11-17 11:44:41.873642] [debug] Cleaned entry field count: 7
[2019-11-17 11:44:41.873888] [debug] Original entry field count: 14
[2019-11-17 11:44:41.874139] [debug] Cleaned entry field count: 7
[2019-11-17 11:44:41.874387] [debug] Original entry field count: 14
[2019-11-17 11:44:41.874636] [debug] Cleaned entry field count: 7
[2019-11-17 11:44:41.874931] [debug] Original entry field count: 14
[2019-11-17 11:44:41.875175] [debug] Cleaned entry field count: 7
[2019-11-17 11:44:41.875416] [debug] Original entry field count: 15
[2019-11-17 11:44:41.875688] [debug] Cleaned entry field count: 7
[2019-11-17 11:44:41.875935] [debug] Original entry field count: 15
[2019-11-17 11:44:41.876179] [debug] Cleaned entry field count: 7
[2019-11-17 11:44:41.876416] [debug] Original entry field count: 15
[2019-11-17 11:44:41.876657] [debug] Cleaned entry field count: 7
[2019-11-17 11:44:41.876899] [debug] Original entry field count: 14
[2019-11-17 11:44:41.877142] [debug] Cleaned entry field count: 7
[2019-11-17 11:44:41.877378] [debug] Original entry field count: 15
[2019-11-17 11:44:41.877624] [debug] Cleaned entry field count: 7
[2019-11-17 11:44:41.877866] [debug] Original entry field count: 14
[2019-11-17 11:44:41.878114] [debug] Cleaned entry field count: 7
[2019-11-17 11:44:41.878360] [debug] Original entry field count: 14
[2019-11-17 11:44:41.878607] [debug] Cleaned entry field count: 7
[2019-11-17 11:44:41.878842] [debug] Original entry field count: 14
[2019-11-17 11:44:41.879086] [debug] Cleaned entry field count: 7
[2019-11-17 11:44:41.879326] [debug] Original entry field count: 14
[2019-11-17 11:44:41.879570] [debug] Cleaned entry field count: 7
[2019-11-17 11:44:41.879831] [debug] Original entry field count: 14
[2019-11-17 11:44:41.880074] [debug] Cleaned entry field count: 7
[2019-11-17 11:44:41.880309] [debug] Original entry field count: 14
[2019-11-17 11:44:41.880548] [debug] Cleaned entry field count: 7
[2019-11-17 11:44:41.880783] [debug] Original entry field count: 15
[2019-11-17 11:44:41.881026] [debug] Cleaned entry field count: 7
[2019-11-17 11:44:41.881267] [debug] Original entry field count: 15
[2019-11-17 11:44:41.881509] [debug] Cleaned entry field count: 7
[2019-11-17 11:44:41.881752] [debug] Original entry field count: 15
[2019-11-17 11:44:41.882003] [debug] Cleaned entry field count: 7
[2019-11-17 11:44:41.882250] [debug] Original entry field count: 14
[2019-11-17 11:44:41.882497] [debug] Cleaned entry field count: 7
[2019-11-17 11:44:41.882738] [debug] Original entry field count: 14
[2019-11-17 11:44:41.882977] [debug] Cleaned entry field count: 7
[2019-11-17 11:44:41.883212] [debug] Original entry field count: 14
[2019-11-17 11:44:41.883451] [debug] Cleaned entry field count: 7
[2019-11-17 11:44:41.883714] [debug] Original entry field count: 14
[2019-11-17 11:44:41.883915] [debug] Cleaned entry field count: 7
[2019-11-17 11:44:41.884049] [debug] Original entry field count: 15
[2019-11-17 11:44:41.884171] [debug] Cleaned entry field count: 7
[2019-11-17 11:44:41.884293] [debug] Original entry field count: 14
[2019-11-17 11:44:41.884418] [debug] Cleaned entry field count: 7
[2019-11-17 11:44:41.884537] [debug] Original entry field count: 13
[2019-11-17 11:44:41.884664] [debug] Cleaned entry field count: 7
[2019-11-17 11:44:41.884783] [debug] Original entry field count: 15
[2019-11-17 11:44:41.884907] [debug] Cleaned entry field count: 7
[2019-11-17 11:44:41.885051] [debug] Original entry field count: 15
[2019-11-17 11:44:41.885179] [debug] Cleaned entry field count: 7
[2019-11-17 11:44:41.885301] [debug] Original entry field count: 14
[2019-11-17 11:44:41.885423] [debug] Cleaned entry field count: 7
[2019-11-17 11:44:41.885545] [debug] Original entry field count: 14
[2019-11-17 11:44:41.885669] [debug] Cleaned entry field count: 7
[2019-11-17 11:44:41.885792] [debug] Original entry field count: 14
[2019-11-17 11:44:41.885921] [debug] Cleaned entry field count: 7
[2019-11-17 11:44:41.886042] [debug] Original entry field count: 15
[2019-11-17 11:44:41.886169] [debug] Cleaned entry field count: 7
[2019-11-17 11:44:41.886295] [debug] Original entry field count: 14
[2019-11-17 11:44:41.886425] [debug] Cleaned entry field count: 7
[2019-11-17 11:44:41.886560] [info] Connecting to database...
[2019-11-17 11:44:41.887630] [info] Getting Collection accounts...
[2019-11-17 11:44:41.891164] [info] Inserting/Updating 58 records...
[2019-11-17 11:45:59.539239] [info] Loading certificate content...
[2019-11-17 11:45:59.539614] [debug] Certificate content loaded!
[2019-11-17 11:45:59.542514] [debug] Xero config loaded!
[2019-11-17 11:46:00.307185] [info] Xero data retrieved!
[2019-11-17 11:46:00.308999] [debug] Received data count: 58
[2019-11-17 11:46:00.309228] [debug] Original entry field count: 16
[2019-11-17 11:46:00.309380] [debug] Cleaned entry field count: 7
[2019-11-17 11:46:00.309510] [debug] Original entry field count: 16
[2019-11-17 11:46:00.309640] [debug] Cleaned entry field count: 7
[2019-11-17 11:46:00.309772] [debug] Original entry field count: 15
[2019-11-17 11:46:00.309902] [debug] Cleaned entry field count: 7
[2019-11-17 11:46:00.310029] [debug] Original entry field count: 14
[2019-11-17 11:46:00.310157] [debug] Cleaned entry field count: 7
[2019-11-17 11:46:00.310281] [debug] Original entry field count: 14
[2019-11-17 11:46:00.310408] [debug] Cleaned entry field count: 7
[2019-11-17 11:46:00.310533] [debug] Original entry field count: 14
[2019-11-17 11:46:00.310662] [debug] Cleaned entry field count: 7
[2019-11-17 11:46:00.310787] [debug] Original entry field count: 14
[2019-11-17 11:46:00.310915] [debug] Cleaned entry field count: 7
[2019-11-17 11:46:00.311042] [debug] Original entry field count: 14
[2019-11-17 11:46:00.311172] [debug] Cleaned entry field count: 7
[2019-11-17 11:46:00.311300] [debug] Original entry field count: 14
[2019-11-17 11:46:00.311428] [debug] Cleaned entry field count: 7
[2019-11-17 11:46:00.311552] [debug] Original entry field count: 14
[2019-11-17 11:46:00.311696] [debug] Cleaned entry field count: 7
[2019-11-17 11:46:00.311856] [debug] Original entry field count: 14
[2019-11-17 11:46:00.311986] [debug] Cleaned entry field count: 7
[2019-11-17 11:46:00.312110] [debug] Original entry field count: 14
[2019-11-17 11:46:00.312235] [debug] Cleaned entry field count: 7
[2019-11-17 11:46:00.312356] [debug] Original entry field count: 14
[2019-11-17 11:46:00.312482] [debug] Cleaned entry field count: 7
[2019-11-17 11:46:00.312606] [debug] Original entry field count: 14
[2019-11-17 11:46:00.312732] [debug] Cleaned entry field count: 7
[2019-11-17 11:46:00.312855] [debug] Original entry field count: 14
[2019-11-17 11:46:00.312982] [debug] Cleaned entry field count: 7
[2019-11-17 11:46:00.313107] [debug] Original entry field count: 14
[2019-11-17 11:46:00.313230] [debug] Cleaned entry field count: 7
[2019-11-17 11:46:00.313352] [debug] Original entry field count: 14
[2019-11-17 11:46:00.313476] [debug] Cleaned entry field count: 7
[2019-11-17 11:46:00.313600] [debug] Original entry field count: 14
[2019-11-17 11:46:00.313725] [debug] Cleaned entry field count: 7
[2019-11-17 11:46:00.313875] [debug] Original entry field count: 14
[2019-11-17 11:46:00.314081] [debug] Cleaned entry field count: 7
[2019-11-17 11:46:00.314212] [debug] Original entry field count: 14
[2019-11-17 11:46:00.314338] [debug] Cleaned entry field count: 7
[2019-11-17 11:46:00.314464] [debug] Original entry field count: 14
[2019-11-17 11:46:00.314590] [debug] Cleaned entry field count: 7
[2019-11-17 11:46:00.314738] [debug] Original entry field count: 14
[2019-11-17 11:46:00.314871] [debug] Cleaned entry field count: 7
[2019-11-17 11:46:00.314996] [debug] Original entry field count: 14
[2019-11-17 11:46:00.315124] [debug] Cleaned entry field count: 7
[2019-11-17 11:46:00.315249] [debug] Original entry field count: 14
[2019-11-17 11:46:00.315376] [debug] Cleaned entry field count: 7
[2019-11-17 11:46:00.315501] [debug] Original entry field count: 14
[2019-11-17 11:46:00.315629] [debug] Cleaned entry field count: 7
[2019-11-17 11:46:00.315835] [debug] Original entry field count: 14
[2019-11-17 11:46:00.315963] [debug] Cleaned entry field count: 7
[2019-11-17 11:46:00.316087] [debug] Original entry field count: 14
[2019-11-17 11:46:00.316212] [debug] Cleaned entry field count: 7
[2019-11-17 11:46:00.316337] [debug] Original entry field count: 14
[2019-11-17 11:46:00.316463] [debug] Cleaned entry field count: 7
[2019-11-17 11:46:00.316586] [debug] Original entry field count: 14
[2019-11-17 11:46:00.316709] [debug] Cleaned entry field count: 7
[2019-11-17 11:46:00.316873] [debug] Original entry field count: 14
[2019-11-17 11:46:00.316999] [debug] Cleaned entry field count: 7
[2019-11-17 11:46:00.317121] [debug] Original entry field count: 15
[2019-11-17 11:46:00.317248] [debug] Cleaned entry field count: 7
[2019-11-17 11:46:00.317367] [debug] Original entry field count: 15
[2019-11-17 11:46:00.317493] [debug] Cleaned entry field count: 7
[2019-11-17 11:46:00.317619] [debug] Original entry field count: 15
[2019-11-17 11:46:00.317743] [debug] Cleaned entry field count: 7
[2019-11-17 11:46:00.317867] [debug] Original entry field count: 14
[2019-11-17 11:46:00.317992] [debug] Cleaned entry field count: 7
[2019-11-17 11:46:00.318115] [debug] Original entry field count: 15
[2019-11-17 11:46:00.318239] [debug] Cleaned entry field count: 7
[2019-11-17 11:46:00.318361] [debug] Original entry field count: 14
[2019-11-17 11:46:00.318486] [debug] Cleaned entry field count: 7
[2019-11-17 11:46:00.318612] [debug] Original entry field count: 14
[2019-11-17 11:46:00.318736] [debug] Cleaned entry field count: 7
[2019-11-17 11:46:00.318857] [debug] Original entry field count: 14
[2019-11-17 11:46:00.318984] [debug] Cleaned entry field count: 7
[2019-11-17 11:46:00.319108] [debug] Original entry field count: 14
[2019-11-17 11:46:00.319231] [debug] Cleaned entry field count: 7
[2019-11-17 11:46:00.319355] [debug] Original entry field count: 14
[2019-11-17 11:46:00.319480] [debug] Cleaned entry field count: 7
[2019-11-17 11:46:00.319603] [debug] Original entry field count: 14
[2019-11-17 11:46:00.319849] [debug] Cleaned entry field count: 7
[2019-11-17 11:46:00.319987] [debug] Original entry field count: 15
[2019-11-17 11:46:00.320116] [debug] Cleaned entry field count: 7
[2019-11-17 11:46:00.320241] [debug] Original entry field count: 15
[2019-11-17 11:46:00.320368] [debug] Cleaned entry field count: 7
[2019-11-17 11:46:00.320487] [debug] Original entry field count: 15
[2019-11-17 11:46:00.320614] [debug] Cleaned entry field count: 7
[2019-11-17 11:46:00.320734] [debug] Original entry field count: 14
[2019-11-17 11:46:00.320858] [debug] Cleaned entry field count: 7
[2019-11-17 11:46:00.320981] [debug] Original entry field count: 14
[2019-11-17 11:46:00.321105] [debug] Cleaned entry field count: 7
[2019-11-17 11:46:00.321227] [debug] Original entry field count: 14
[2019-11-17 11:46:00.321352] [debug] Cleaned entry field count: 7
[2019-11-17 11:46:00.321475] [debug] Original entry field count: 14
[2019-11-17 11:46:00.321599] [debug] Cleaned entry field count: 7
[2019-11-17 11:46:00.321719] [debug] Original entry field count: 15
[2019-11-17 11:46:00.321845] [debug] Cleaned entry field count: 7
[2019-11-17 11:46:00.321969] [debug] Original entry field count: 14
[2019-11-17 11:46:00.322097] [debug] Cleaned entry field count: 7
[2019-11-17 11:46:00.322221] [debug] Original entry field count: 13
[2019-11-17 11:46:00.322348] [debug] Cleaned entry field count: 7
[2019-11-17 11:46:00.322469] [debug] Original entry field count: 15
[2019-11-17 11:46:00.322611] [debug] Cleaned entry field count: 7
[2019-11-17 11:46:00.322736] [debug] Original entry field count: 15
[2019-11-17 11:46:00.322860] [debug] Cleaned entry field count: 7
[2019-11-17 11:46:00.322981] [debug] Original entry field count: 14
[2019-11-17 11:46:00.323105] [debug] Cleaned entry field count: 7
[2019-11-17 11:46:00.323229] [debug] Original entry field count: 14
[2019-11-17 11:46:00.323355] [debug] Cleaned entry field count: 7
[2019-11-17 11:46:00.323482] [debug] Original entry field count: 14
[2019-11-17 11:46:00.323609] [debug] Cleaned entry field count: 7
[2019-11-17 11:46:00.323781] [debug] Original entry field count: 15
[2019-11-17 11:46:00.323913] [debug] Cleaned entry field count: 7
[2019-11-17 11:46:00.324033] [debug] Original entry field count: 14
[2019-11-17 11:46:00.324160] [debug] Cleaned entry field count: 7
[2019-11-17 11:46:00.324292] [info] Connecting to database...
[2019-11-17 11:46:00.325350] [info] Getting Collection accounts...
[2019-11-17 11:46:00.328810] [info] Inserting/Updating 58 records...
[2019-11-17 11:46:39.298887] [info] Loading certificate content...
[2019-11-17 11:46:39.299247] [debug] Certificate content loaded!
[2019-11-17 11:46:39.302220] [debug] Xero config loaded!
[2019-11-17 11:46:39.941839] [info] Xero data retrieved!
[2019-11-17 11:46:39.945498] [debug] Received data count: 45
[2019-11-17 11:46:39.945708] [debug] Original entry field count: 13
[2019-11-17 11:46:39.945858] [debug] Cleaned entry field count: 8
[2019-11-17 11:46:39.945988] [debug] Original entry field count: 9
[2019-11-17 11:46:39.946120] [debug] Cleaned entry field count: 6
[2019-11-17 11:46:39.946249] [debug] Original entry field count: 9
[2019-11-17 11:46:39.946376] [debug] Cleaned entry field count: 6
[2019-11-17 11:46:39.946501] [debug] Original entry field count: 9
[2019-11-17 11:46:39.946629] [debug] Cleaned entry field count: 6
[2019-11-17 11:46:39.946753] [debug] Original entry field count: 10
[2019-11-17 11:46:39.946880] [debug] Cleaned entry field count: 6
[2019-11-17 11:46:39.947005] [debug] Original entry field count: 9
[2019-11-17 11:46:39.947128] [debug] Cleaned entry field count: 6
[2019-11-17 11:46:39.947252] [debug] Original entry field count: 9
[2019-11-17 11:46:39.947377] [debug] Cleaned entry field count: 6
[2019-11-17 11:46:39.947503] [debug] Original entry field count: 9
[2019-11-17 11:46:39.947627] [debug] Cleaned entry field count: 6
[2019-11-17 11:46:39.947772] [debug] Original entry field count: 10
[2019-11-17 11:46:39.947899] [debug] Cleaned entry field count: 6
[2019-11-17 11:46:39.948024] [debug] Original entry field count: 9
[2019-11-17 11:46:39.948152] [debug] Cleaned entry field count: 6
[2019-11-17 11:46:39.948277] [debug] Original entry field count: 9
[2019-11-17 11:46:39.948401] [debug] Cleaned entry field count: 6
[2019-11-17 11:46:39.948529] [debug] Original entry field count: 9
[2019-11-17 11:46:39.948652] [debug] Cleaned entry field count: 6
[2019-11-17 11:46:39.948779] [debug] Original entry field count: 10
[2019-11-17 11:46:39.948906] [debug] Cleaned entry field count: 6
[2019-11-17 11:46:39.949031] [debug] Original entry field count: 9
[2019-11-17 11:46:39.949156] [debug] Cleaned entry field count: 6
[2019-11-17 11:46:39.949284] [debug] Original entry field count: 9
[2019-11-17 11:46:39.949409] [debug] Cleaned entry field count: 6
[2019-11-17 11:46:39.949534] [debug] Original entry field count: 9
[2019-11-17 11:46:39.949662] [debug] Cleaned entry field count: 6
[2019-11-17 11:46:39.949785] [debug] Original entry field count: 10
[2019-11-17 11:46:39.949912] [debug] Cleaned entry field count: 6
[2019-11-17 11:46:39.950035] [debug] Original entry field count: 11
[2019-11-17 11:46:39.950159] [debug] Cleaned entry field count: 6
[2019-11-17 11:46:39.950283] [debug] Original entry field count: 10
[2019-11-17 11:46:39.950450] [debug] Cleaned entry field count: 6
[2019-11-17 11:46:39.950577] [debug] Original entry field count: 10
[2019-11-17 11:46:39.950704] [debug] Cleaned entry field count: 6
[2019-11-17 11:46:39.950833] [debug] Original entry field count: 10
[2019-11-17 11:46:39.950982] [debug] Cleaned entry field count: 6
[2019-11-17 11:46:39.951111] [debug] Original entry field count: 9
[2019-11-17 11:46:39.951240] [debug] Cleaned entry field count: 6
[2019-11-17 11:46:39.951364] [debug] Original entry field count: 10
[2019-11-17 11:46:39.951487] [debug] Cleaned entry field count: 6
[2019-11-17 11:46:39.951610] [debug] Original entry field count: 9
[2019-11-17 11:46:39.951762] [debug] Cleaned entry field count: 6
[2019-11-17 11:46:39.951889] [debug] Original entry field count: 9
[2019-11-17 11:46:39.952014] [debug] Cleaned entry field count: 6
[2019-11-17 11:46:39.952138] [debug] Original entry field count: 11
[2019-11-17 11:46:39.952265] [debug] Cleaned entry field count: 6
[2019-11-17 11:46:39.952388] [debug] Original entry field count: 13
[2019-11-17 11:46:39.952512] [debug] Cleaned entry field count: 7
[2019-11-17 11:46:39.952631] [debug] Original entry field count: 12
[2019-11-17 11:46:39.952753] [debug] Cleaned entry field count: 6
[2019-11-17 11:46:39.952872] [debug] Original entry field count: 9
[2019-11-17 11:46:39.952995] [debug] Cleaned entry field count: 6
[2019-11-17 11:46:39.953114] [debug] Original entry field count: 11
[2019-11-17 11:46:39.953234] [debug] Cleaned entry field count: 6
[2019-11-17 11:46:39.953361] [debug] Original entry field count: 9
[2019-11-17 11:46:39.953484] [debug] Cleaned entry field count: 6
[2019-11-17 11:46:39.953605] [debug] Original entry field count: 10
[2019-11-17 11:46:39.953731] [debug] Cleaned entry field count: 7
[2019-11-17 11:46:39.953851] [debug] Original entry field count: 11
[2019-11-17 11:46:39.953975] [debug] Cleaned entry field count: 6
[2019-11-17 11:46:39.954094] [debug] Original entry field count: 9
[2019-11-17 11:46:39.954217] [debug] Cleaned entry field count: 6
[2019-11-17 11:46:39.954339] [debug] Original entry field count: 19
[2019-11-17 11:46:39.954462] [debug] Cleaned entry field count: 7
[2019-11-17 11:46:39.954583] [debug] Original entry field count: 11
[2019-11-17 11:46:39.954708] [debug] Cleaned entry field count: 6
[2019-11-17 11:46:39.954829] [debug] Original entry field count: 9
[2019-11-17 11:46:39.954952] [debug] Cleaned entry field count: 6
[2019-11-17 11:46:39.955074] [debug] Original entry field count: 10
[2019-11-17 11:46:39.955199] [debug] Cleaned entry field count: 6
[2019-11-17 11:46:39.955317] [debug] Original entry field count: 11
[2019-11-17 11:46:39.955442] [debug] Cleaned entry field count: 7
[2019-11-17 11:46:39.955562] [debug] Original entry field count: 9
[2019-11-17 11:46:39.955708] [debug] Cleaned entry field count: 6
[2019-11-17 11:46:39.955831] [debug] Original entry field count: 9
[2019-11-17 11:46:39.955954] [debug] Cleaned entry field count: 6
[2019-11-17 11:46:39.956074] [debug] Original entry field count: 10
[2019-11-17 11:46:39.956201] [debug] Cleaned entry field count: 7
[2019-11-17 11:46:39.956322] [debug] Original entry field count: 10
[2019-11-17 11:46:39.956448] [debug] Cleaned entry field count: 6
[2019-11-17 11:46:39.956568] [debug] Original entry field count: 9
[2019-11-17 11:46:39.956692] [debug] Cleaned entry field count: 6
[2019-11-17 11:46:39.956814] [debug] Original entry field count: 12
[2019-11-17 11:46:39.956940] [debug] Cleaned entry field count: 6
[2019-11-17 11:46:39.957072] [info] Connecting to database...
[2019-11-17 11:46:39.958110] [info] Getting Collection vendors...
[2019-11-17 11:46:39.961555] [info] Inserting/Updating 45 records...
